[ Using Seed :  969  ]
max_length: 2048
embedding_mode: lm
source: meltome
  embeddings: /Users/vincentclifford/Downloads/human_cell_train_layer24.h5
  remapping:  data_files/flip_meltome/prepared/human_cell/human_cell_train_remapped.fasta
  key_format: hash
  size:       5013
union dataset size: 5013
device: mps
embeddings_dim: 1024
proj_dim: 48
trainable params: 98304
computing PCA init basis (one pass over data)...
initialized L, R from top-48 eigenvectors of avg second moment
[PCA init] reconstruction loss: 0.0000170  rel_err: 0.8158
saved checkpoint: /Users/vincentclifford/protein-localization/runs/cov_unsup_compare/meltome_seed969/cov_unsup_dc48.pt
[Epoch 1 Iter 50/627] reconstruction loss: 0.0000104  rel_err: 0.7641
[Epoch 1 Iter 100/627] reconstruction loss: 0.0000167  rel_err: 0.8576
[Epoch 1 Iter 150/627] reconstruction loss: 0.0000154  rel_err: 0.7691
[Epoch 1 Iter 200/627] reconstruction loss: 0.0000143  rel_err: 0.8065
[Epoch 1 Iter 250/627] reconstruction loss: 0.0000140  rel_err: 0.8011
[Epoch 1 Iter 300/627] reconstruction loss: 0.0000116  rel_err: 0.7855
[Epoch 1 Iter 350/627] reconstruction loss: 0.0000187  rel_err: 0.7999
[Epoch 1 Iter 400/627] reconstruction loss: 0.0000116  rel_err: 0.7763
[Epoch 1 Iter 450/627] reconstruction loss: 0.0000135  rel_err: 0.8089
[Epoch 1 Iter 500/627] reconstruction loss: 0.0000175  rel_err: 0.7570
[Epoch 1 Iter 550/627] reconstruction loss: 0.0000143  rel_err: 0.7716
[Epoch 1 Iter 600/627] reconstruction loss: 0.0000136  rel_err: 0.7979
[Epoch 1] reconstruction loss: 0.0000159  rel_err: 0.7982
saved checkpoint: /Users/vincentclifford/protein-localization/runs/cov_unsup_compare/meltome_seed969/cov_unsup_dc48.pt
[Epoch 2 Iter 50/627] reconstruction loss: 0.0000159  rel_err: 0.7794
[Epoch 2 Iter 100/627] reconstruction loss: 0.0000166  rel_err: 0.8072
[Epoch 2 Iter 150/627] reconstruction loss: 0.0000179  rel_err: 0.8335
[Epoch 2 Iter 200/627] reconstruction loss: 0.0000126  rel_err: 0.7828
[Epoch 2 Iter 250/627] reconstruction loss: 0.0000106  rel_err: 0.7776
[Epoch 2 Iter 300/627] reconstruction loss: 0.0000238  rel_err: 0.8001
[Epoch 2 Iter 350/627] reconstruction loss: 0.0000107  rel_err: 0.7930
[Epoch 2 Iter 400/627] reconstruction loss: 0.0000117  rel_err: 0.7636
[Epoch 2 Iter 450/627] reconstruction loss: 0.0000178  rel_err: 0.8124
[Epoch 2 Iter 500/627] reconstruction loss: 0.0000160  rel_err: 0.8456
[Epoch 2 Iter 550/627] reconstruction loss: 0.0000182  rel_err: 0.7953
[Epoch 2 Iter 600/627] reconstruction loss: 0.0000270  rel_err: 0.7775
[Epoch 2] reconstruction loss: 0.0000158  rel_err: 0.7917
saved checkpoint: /Users/vincentclifford/protein-localization/runs/cov_unsup_compare/meltome_seed969/cov_unsup_dc48.pt
[Epoch 3 Iter 50/627] reconstruction loss: 0.0000088  rel_err: 0.7560
[Epoch 3 Iter 100/627] reconstruction loss: 0.0000116  rel_err: 0.7522
[Epoch 3 Iter 150/627] reconstruction loss: 0.0000155  rel_err: 0.7436
[Epoch 3 Iter 200/627] reconstruction loss: 0.0000122  rel_err: 0.7780
[Epoch 3 Iter 250/627] reconstruction loss: 0.0000099  rel_err: 0.7550
[Epoch 3 Iter 300/627] reconstruction loss: 0.0000139  rel_err: 0.8037
[Epoch 3 Iter 350/627] reconstruction loss: 0.0000298  rel_err: 0.8754
[Epoch 3 Iter 400/627] reconstruction loss: 0.0000103  rel_err: 0.7545
[Epoch 3 Iter 450/627] reconstruction loss: 0.0000107  rel_err: 0.7496
[Epoch 3 Iter 500/627] reconstruction loss: 0.0000155  rel_err: 0.7625
[Epoch 3 Iter 550/627] reconstruction loss: 0.0000131  rel_err: 0.8123
[Epoch 3 Iter 600/627] reconstruction loss: 0.0000104  rel_err: 0.7974
[Epoch 3] reconstruction loss: 0.0000152  rel_err: 0.7867
saved checkpoint: /Users/vincentclifford/protein-localization/runs/cov_unsup_compare/meltome_seed969/cov_unsup_dc48.pt
[Epoch 4 Iter 50/627] reconstruction loss: 0.0000111  rel_err: 0.7783
[Epoch 4 Iter 100/627] reconstruction loss: 0.0000156  rel_err: 0.7913
[Epoch 4 Iter 150/627] reconstruction loss: 0.0000118  rel_err: 0.8112
[Epoch 4 Iter 200/627] reconstruction loss: 0.0000131  rel_err: 0.7334
[Epoch 4 Iter 250/627] reconstruction loss: 0.0000115  rel_err: 0.8009
[Epoch 4 Iter 300/627] reconstruction loss: 0.0000141  rel_err: 0.7965
[Epoch 4 Iter 350/627] reconstruction loss: 0.0000121  rel_err: 0.7491
[Epoch 4 Iter 400/627] reconstruction loss: 0.0000143  rel_err: 0.8046
[Epoch 4 Iter 450/627] reconstruction loss: 0.0000204  rel_err: 0.8242
[Epoch 4 Iter 500/627] reconstruction loss: 0.0000119  rel_err: 0.7807
[Epoch 4 Iter 550/627] reconstruction loss: 0.0000172  rel_err: 0.7957
[Epoch 4 Iter 600/627] reconstruction loss: 0.0000115  rel_err: 0.8239
[Epoch 4] reconstruction loss: 0.0000149  rel_err: 0.7843
saved checkpoint: /Users/vincentclifford/protein-localization/runs/cov_unsup_compare/meltome_seed969/cov_unsup_dc48.pt
[Epoch 5 Iter 50/627] reconstruction loss: 0.0000139  rel_err: 0.7842
[Epoch 5 Iter 100/627] reconstruction loss: 0.0000255  rel_err: 0.7045
[Epoch 5 Iter 150/627] reconstruction loss: 0.0000117  rel_err: 0.8049
[Epoch 5 Iter 200/627] reconstruction loss: 0.0000118  rel_err: 0.8131
[Epoch 5 Iter 250/627] reconstruction loss: 0.0000187  rel_err: 0.8040
[Epoch 5 Iter 300/627] reconstruction loss: 0.0000119  rel_err: 0.7175
[Epoch 5 Iter 350/627] reconstruction loss: 0.0000144  rel_err: 0.7868
[Epoch 5 Iter 400/627] reconstruction loss: 0.0000185  rel_err: 0.8302
[Epoch 5 Iter 450/627] reconstruction loss: 0.0000132  rel_err: 0.7903
[Epoch 5 Iter 500/627] reconstruction loss: 0.0000089  rel_err: 0.7580
[Epoch 5 Iter 550/627] reconstruction loss: 0.0000262  rel_err: 0.8181
[Epoch 5 Iter 600/627] reconstruction loss: 0.0000077  rel_err: 0.7175
[Epoch 5] reconstruction loss: 0.0000149  rel_err: 0.7836
saved checkpoint: /Users/vincentclifford/protein-localization/runs/cov_unsup_compare/meltome_seed969/cov_unsup_dc48.pt
[Epoch 6 Iter 50/627] reconstruction loss: 0.0000110  rel_err: 0.8171
[Epoch 6 Iter 100/627] reconstruction loss: 0.0000116  rel_err: 0.7751
[Epoch 6 Iter 150/627] reconstruction loss: 0.0000115  rel_err: 0.7964
[Epoch 6 Iter 200/627] reconstruction loss: 0.0000126  rel_err: 0.8052
[Epoch 6 Iter 250/627] reconstruction loss: 0.0000136  rel_err: 0.7737
[Epoch 6 Iter 300/627] reconstruction loss: 0.0000108  rel_err: 0.7848
[Epoch 6 Iter 350/627] reconstruction loss: 0.0000155  rel_err: 0.7515
[Epoch 6 Iter 400/627] reconstruction loss: 0.0000090  rel_err: 0.7539
[Epoch 6 Iter 450/627] reconstruction loss: 0.0000161  rel_err: 0.8016
[Epoch 6 Iter 500/627] reconstruction loss: 0.0000138  rel_err: 0.7746
[Epoch 6 Iter 550/627] reconstruction loss: 0.0000125  rel_err: 0.7966
[Epoch 6 Iter 600/627] reconstruction loss: 0.0000182  rel_err: 0.7668
[Epoch 6] reconstruction loss: 0.0000148  rel_err: 0.7830
saved checkpoint: /Users/vincentclifford/protein-localization/runs/cov_unsup_compare/meltome_seed969/cov_unsup_dc48.pt
[Epoch 7 Iter 50/627] reconstruction loss: 0.0000250  rel_err: 0.7722
[Epoch 7 Iter 100/627] reconstruction loss: 0.0000143  rel_err: 0.8145
[Epoch 7 Iter 150/627] reconstruction loss: 0.0000186  rel_err: 0.7610
[Epoch 7 Iter 200/627] reconstruction loss: 0.0000141  rel_err: 0.7705
[Epoch 7 Iter 250/627] reconstruction loss: 0.0000174  rel_err: 0.7688
[Epoch 7 Iter 300/627] reconstruction loss: 0.0000137  rel_err: 0.8279
[Epoch 7 Iter 350/627] reconstruction loss: 0.0000123  rel_err: 0.7793
[Epoch 7 Iter 400/627] reconstruction loss: 0.0000152  rel_err: 0.8583
[Epoch 7 Iter 450/627] reconstruction loss: 0.0000156  rel_err: 0.7818
[Epoch 7 Iter 500/627] reconstruction loss: 0.0000147  rel_err: 0.7896
[Epoch 7 Iter 550/627] reconstruction loss: 0.0000194  rel_err: 0.8291
[Epoch 7 Iter 600/627] reconstruction loss: 0.0000130  rel_err: 0.8125
[Epoch 7] reconstruction loss: 0.0000162  rel_err: 0.7947
[Epoch 8 Iter 50/627] reconstruction loss: 0.0000448  rel_err: 1.5876
[Epoch 8 Iter 100/627] reconstruction loss: 0.0000146  rel_err: 0.9392
[Epoch 8 Iter 150/627] reconstruction loss: 0.0000163  rel_err: 0.8852
[Epoch 8 Iter 200/627] reconstruction loss: 0.0000149  rel_err: 0.7722
[Epoch 8 Iter 250/627] reconstruction loss: 0.0000204  rel_err: 0.7748
[Epoch 8 Iter 300/627] reconstruction loss: 0.0000147  rel_err: 0.8094
[Epoch 8 Iter 350/627] reconstruction loss: 0.0000135  rel_err: 0.8078
[Epoch 8 Iter 400/627] reconstruction loss: 0.0000255  rel_err: 0.8328
[Epoch 8 Iter 450/627] reconstruction loss: 0.0000100  rel_err: 0.7444
[Epoch 8 Iter 500/627] reconstruction loss: 0.0000238  rel_err: 0.7914
[Epoch 8 Iter 550/627] reconstruction loss: 0.0000123  rel_err: 0.7260
[Epoch 8 Iter 600/627] reconstruction loss: 0.0000177  rel_err: 0.7646
[Epoch 8] reconstruction loss: 0.0000443  rel_err: 0.8715
[Epoch 9 Iter 50/627] reconstruction loss: 0.0000127  rel_err: 0.8104
[Epoch 9 Iter 100/627] reconstruction loss: 0.0000152  rel_err: 0.7461
[Epoch 9 Iter 150/627] reconstruction loss: 0.0000137  rel_err: 0.7926
[Epoch 9 Iter 200/627] reconstruction loss: 0.0000150  rel_err: 0.8137
[Epoch 9 Iter 250/627] reconstruction loss: 0.0000153  rel_err: 0.7734
[Epoch 9 Iter 300/627] reconstruction loss: 0.0000135  rel_err: 0.7663
[Epoch 9 Iter 350/627] reconstruction loss: 0.0000158  rel_err: 0.7977
[Epoch 9 Iter 400/627] reconstruction loss: 0.0000143  rel_err: 0.8251
[Epoch 9 Iter 450/627] reconstruction loss: 0.0000134  rel_err: 0.8084
[Epoch 9 Iter 500/627] reconstruction loss: 0.0000104  rel_err: 0.8015
[Epoch 9 Iter 550/627] reconstruction loss: 0.0000148  rel_err: 0.7519
[Epoch 9 Iter 600/627] reconstruction loss: 0.0000132  rel_err: 0.7655
[Epoch 9] reconstruction loss: 0.0000151  rel_err: 0.7873
[Epoch 10 Iter 50/627] reconstruction loss: 0.0000138  rel_err: 0.7545
[Epoch 10 Iter 100/627] reconstruction loss: 0.0000138  rel_err: 0.8022
[Epoch 10 Iter 150/627] reconstruction loss: 0.0000128  rel_err: 0.7576
[Epoch 10 Iter 200/627] reconstruction loss: 0.0000129  rel_err: 0.8282
[Epoch 10 Iter 250/627] reconstruction loss: 0.0000164  rel_err: 0.7906
[Epoch 10 Iter 300/627] reconstruction loss: 0.0000089  rel_err: 0.7771
[Epoch 10 Iter 350/627] reconstruction loss: 0.0000135  rel_err: 0.7520
[Epoch 10 Iter 400/627] reconstruction loss: 0.0000124  rel_err: 0.7854
[Epoch 10 Iter 450/627] reconstruction loss: 0.0000127  rel_err: 0.7573
[Epoch 10 Iter 500/627] reconstruction loss: 0.0000156  rel_err: 0.7559
[Epoch 10 Iter 550/627] reconstruction loss: 0.0000118  rel_err: 0.7962
[Epoch 10 Iter 600/627] reconstruction loss: 0.0000155  rel_err: 0.7434
[Epoch 10] reconstruction loss: 0.0000150  rel_err: 0.7849
[Epoch 11 Iter 50/627] reconstruction loss: 0.0000199  rel_err: 0.8285
[Epoch 11 Iter 100/627] reconstruction loss: 0.0000120  rel_err: 0.7820
[Epoch 11 Iter 150/627] reconstruction loss: 0.0000085  rel_err: 0.7273
[Epoch 11 Iter 200/627] reconstruction loss: 0.0000186  rel_err: 0.8034
[Epoch 11 Iter 250/627] reconstruction loss: 0.0000123  rel_err: 0.7671
[Epoch 11 Iter 300/627] reconstruction loss: 0.0000150  rel_err: 0.7526
[Epoch 11 Iter 350/627] reconstruction loss: 0.0000141  rel_err: 0.8117
[Epoch 11 Iter 400/627] reconstruction loss: 0.0000142  rel_err: 0.7679
[Epoch 11 Iter 450/627] reconstruction loss: 0.0000116  rel_err: 0.7790
[Epoch 11 Iter 500/627] reconstruction loss: 0.0000092  rel_err: 0.7501
[Epoch 11 Iter 550/627] reconstruction loss: 0.0000154  rel_err: 0.7598
[Epoch 11 Iter 600/627] reconstruction loss: 0.0000147  rel_err: 0.8063
[Epoch 11] reconstruction loss: 0.0000149  rel_err: 0.7841
[Epoch 12 Iter 50/627] reconstruction loss: 0.0000117  rel_err: 0.8262
[Epoch 12 Iter 100/627] reconstruction loss: 0.0000092  rel_err: 0.7387
[Epoch 12 Iter 150/627] reconstruction loss: 0.0000150  rel_err: 0.7529
[Epoch 12 Iter 200/627] reconstruction loss: 0.0000123  rel_err: 0.7874
[Epoch 12 Iter 250/627] reconstruction loss: 0.0000161  rel_err: 0.8464
[Epoch 12 Iter 300/627] reconstruction loss: 0.0000127  rel_err: 0.7604
[Epoch 12 Iter 350/627] reconstruction loss: 0.0000134  rel_err: 0.8449
[Epoch 12 Iter 400/627] reconstruction loss: 0.0000133  rel_err: 0.7461
[Epoch 12 Iter 450/627] reconstruction loss: 0.0000137  rel_err: 0.8300
[Epoch 12 Iter 500/627] reconstruction loss: 0.0000111  rel_err: 0.7791
[Epoch 12 Iter 550/627] reconstruction loss: 0.0000164  rel_err: 0.7443
[Epoch 12 Iter 600/627] reconstruction loss: 0.0000128  rel_err: 0.7749
[Epoch 12] reconstruction loss: 0.0000148  rel_err: 0.7834
saved checkpoint: /Users/vincentclifford/protein-localization/runs/cov_unsup_compare/meltome_seed969/cov_unsup_dc48.pt
[Epoch 13 Iter 50/627] reconstruction loss: 0.0000149  rel_err: 0.7333
[Epoch 13 Iter 100/627] reconstruction loss: 0.0000105  rel_err: 0.7908
[Epoch 13 Iter 150/627] reconstruction loss: 0.0000200  rel_err: 0.7707
[Epoch 13 Iter 200/627] reconstruction loss: 0.0000161  rel_err: 0.8127
[Epoch 13 Iter 250/627] reconstruction loss: 0.0000149  rel_err: 0.7768
[Epoch 13 Iter 300/627] reconstruction loss: 0.0000134  rel_err: 0.8029
[Epoch 13 Iter 350/627] reconstruction loss: 0.0000127  rel_err: 0.7689
[Epoch 13 Iter 400/627] reconstruction loss: 0.0000115  rel_err: 0.7849
[Epoch 13 Iter 450/627] reconstruction loss: 0.0000125  rel_err: 0.7717
[Epoch 13 Iter 500/627] reconstruction loss: 0.0000147  rel_err: 0.7901
[Epoch 13 Iter 550/627] reconstruction loss: 0.0000151  rel_err: 0.7908
[Epoch 13 Iter 600/627] reconstruction loss: 0.0000178  rel_err: 0.7961
[Epoch 13] reconstruction loss: 0.0000147  rel_err: 0.7829
saved checkpoint: /Users/vincentclifford/protein-localization/runs/cov_unsup_compare/meltome_seed969/cov_unsup_dc48.pt
[Epoch 14 Iter 50/627] reconstruction loss: 0.0000281  rel_err: 0.7794
[Epoch 14 Iter 100/627] reconstruction loss: 0.0000119  rel_err: 0.7381
[Epoch 14 Iter 150/627] reconstruction loss: 0.0000213  rel_err: 0.8142
[Epoch 14 Iter 200/627] reconstruction loss: 0.0000088  rel_err: 0.7159
[Epoch 14 Iter 250/627] reconstruction loss: 0.0000141  rel_err: 0.7946
[Epoch 14 Iter 300/627] reconstruction loss: 0.0000192  rel_err: 0.7982
[Epoch 14 Iter 350/627] reconstruction loss: 0.0000121  rel_err: 0.7855
[Epoch 14 Iter 400/627] reconstruction loss: 0.0000145  rel_err: 0.7907
[Epoch 14 Iter 450/627] reconstruction loss: 0.0000117  rel_err: 0.7566
[Epoch 14 Iter 500/627] reconstruction loss: 0.0000117  rel_err: 0.7269
[Epoch 14 Iter 550/627] reconstruction loss: 0.0000147  rel_err: 0.8320
[Epoch 14 Iter 600/627] reconstruction loss: 0.0000120  rel_err: 0.8049
[Epoch 14] reconstruction loss: 0.0000147  rel_err: 0.7826
saved checkpoint: /Users/vincentclifford/protein-localization/runs/cov_unsup_compare/meltome_seed969/cov_unsup_dc48.pt
early stopping (no >0.5% improvement for 10 epochs)
