[ Using Seed :  657  ]
max_length: 2048
embedding_mode: lm
source: meltome
  embeddings: /Users/vincentclifford/Downloads/human_cell_train_layer24.h5
  remapping:  data_files/flip_meltome/prepared/human_cell/human_cell_train_remapped.fasta
  key_format: hash
  size:       5013
union dataset size: 5013
device: mps
embeddings_dim: 1024
proj_dim: 48
trainable params: 98304
computing PCA init basis (one pass over data)...
initialized L, R from top-48 eigenvectors of avg second moment
[PCA init] reconstruction loss: 0.0000170  rel_err: 0.8158
saved checkpoint: /Users/vincentclifford/protein-localization/runs/cov_unsup_compare/meltome_seed657/cov_unsup_dc48.pt
[Epoch 1 Iter 50/627] reconstruction loss: 0.0000155  rel_err: 0.7873
[Epoch 1 Iter 100/627] reconstruction loss: 0.0000195  rel_err: 0.8104
[Epoch 1 Iter 150/627] reconstruction loss: 0.0000193  rel_err: 0.8015
[Epoch 1 Iter 200/627] reconstruction loss: 0.0000143  rel_err: 0.7851
[Epoch 1 Iter 250/627] reconstruction loss: 0.0000212  rel_err: 0.8404
[Epoch 1 Iter 300/627] reconstruction loss: 0.0000177  rel_err: 0.8272
[Epoch 1 Iter 350/627] reconstruction loss: 0.0000139  rel_err: 0.7941
[Epoch 1 Iter 400/627] reconstruction loss: 0.0000147  rel_err: 0.8280
[Epoch 1 Iter 450/627] reconstruction loss: 0.0000151  rel_err: 0.7993
[Epoch 1 Iter 500/627] reconstruction loss: 0.0000200  rel_err: 0.7955
[Epoch 1 Iter 550/627] reconstruction loss: 0.0000124  rel_err: 0.8121
[Epoch 1 Iter 600/627] reconstruction loss: 0.0000134  rel_err: 0.7756
[Epoch 1] reconstruction loss: 0.0000160  rel_err: 0.7983
saved checkpoint: /Users/vincentclifford/protein-localization/runs/cov_unsup_compare/meltome_seed657/cov_unsup_dc48.pt
[Epoch 2 Iter 50/627] reconstruction loss: 0.0000153  rel_err: 0.8386
[Epoch 2 Iter 100/627] reconstruction loss: 0.0000216  rel_err: 0.8106
[Epoch 2 Iter 150/627] reconstruction loss: 0.0000184  rel_err: 0.7913
[Epoch 2 Iter 200/627] reconstruction loss: 0.0000151  rel_err: 0.8383
[Epoch 2 Iter 250/627] reconstruction loss: 0.0000095  rel_err: 0.7801
[Epoch 2 Iter 300/627] reconstruction loss: 0.0000195  rel_err: 0.8263
[Epoch 2 Iter 350/627] reconstruction loss: 0.0000208  rel_err: 0.7651
[Epoch 2 Iter 400/627] reconstruction loss: 0.0000115  rel_err: 0.7660
[Epoch 2 Iter 450/627] reconstruction loss: 0.0000136  rel_err: 0.7911
[Epoch 2 Iter 500/627] reconstruction loss: 0.0000210  rel_err: 0.7697
[Epoch 2 Iter 550/627] reconstruction loss: 0.0000180  rel_err: 0.7914
[Epoch 2 Iter 600/627] reconstruction loss: 0.0000138  rel_err: 0.8147
[Epoch 2] reconstruction loss: 0.0000153  rel_err: 0.7887
saved checkpoint: /Users/vincentclifford/protein-localization/runs/cov_unsup_compare/meltome_seed657/cov_unsup_dc48.pt
[Epoch 3 Iter 50/627] reconstruction loss: 0.0000113  rel_err: 0.7914
[Epoch 3 Iter 100/627] reconstruction loss: 0.0000279  rel_err: 0.7795
[Epoch 3 Iter 150/627] reconstruction loss: 0.0000231  rel_err: 0.7687
[Epoch 3 Iter 200/627] reconstruction loss: 0.0000172  rel_err: 0.7499
[Epoch 3 Iter 250/627] reconstruction loss: 0.0000116  rel_err: 0.7597
[Epoch 3 Iter 300/627] reconstruction loss: 0.0000249  rel_err: 0.7850
[Epoch 3 Iter 350/627] reconstruction loss: 0.0000156  rel_err: 0.8105
[Epoch 3 Iter 400/627] reconstruction loss: 0.0000176  rel_err: 0.7760
[Epoch 3 Iter 450/627] reconstruction loss: 0.0000160  rel_err: 0.8126
[Epoch 3 Iter 500/627] reconstruction loss: 0.0000155  rel_err: 0.7737
[Epoch 3 Iter 550/627] reconstruction loss: 0.0000128  rel_err: 0.7655
[Epoch 3 Iter 600/627] reconstruction loss: 0.0000136  rel_err: 0.7737
[Epoch 3] reconstruction loss: 0.0000151  rel_err: 0.7848
saved checkpoint: /Users/vincentclifford/protein-localization/runs/cov_unsup_compare/meltome_seed657/cov_unsup_dc48.pt
[Epoch 4 Iter 50/627] reconstruction loss: 0.0000133  rel_err: 0.8051
[Epoch 4 Iter 100/627] reconstruction loss: 0.0000140  rel_err: 0.7942
[Epoch 4 Iter 150/627] reconstruction loss: 0.0000111  rel_err: 0.7393
[Epoch 4 Iter 200/627] reconstruction loss: 0.0000127  rel_err: 0.7869
[Epoch 4 Iter 250/627] reconstruction loss: 0.0000118  rel_err: 0.8266
[Epoch 4 Iter 300/627] reconstruction loss: 0.0000149  rel_err: 0.8067
[Epoch 4 Iter 350/627] reconstruction loss: 0.0000185  rel_err: 0.8179
[Epoch 4 Iter 400/627] reconstruction loss: 0.0000114  rel_err: 0.7792
[Epoch 4 Iter 450/627] reconstruction loss: 0.0000118  rel_err: 0.7626
[Epoch 4 Iter 500/627] reconstruction loss: 0.0000179  rel_err: 0.7637
[Epoch 4 Iter 550/627] reconstruction loss: 0.0000153  rel_err: 0.8158
[Epoch 4 Iter 600/627] reconstruction loss: 0.0000196  rel_err: 0.7605
[Epoch 4] reconstruction loss: 0.0000150  rel_err: 0.7835
saved checkpoint: /Users/vincentclifford/protein-localization/runs/cov_unsup_compare/meltome_seed657/cov_unsup_dc48.pt
[Epoch 5 Iter 50/627] reconstruction loss: 0.0000139  rel_err: 0.8146
[Epoch 5 Iter 100/627] reconstruction loss: 0.0000112  rel_err: 0.7508
[Epoch 5 Iter 150/627] reconstruction loss: 0.0000116  rel_err: 0.8055
[Epoch 5 Iter 200/627] reconstruction loss: 0.0000136  rel_err: 0.8102
[Epoch 5 Iter 250/627] reconstruction loss: 0.0000228  rel_err: 0.7929
[Epoch 5 Iter 300/627] reconstruction loss: 0.0000125  rel_err: 0.8180
[Epoch 5 Iter 350/627] reconstruction loss: 0.0000116  rel_err: 0.7648
[Epoch 5 Iter 400/627] reconstruction loss: 0.0000148  rel_err: 0.7971
[Epoch 5 Iter 450/627] reconstruction loss: 0.0000244  rel_err: 0.7241
[Epoch 5 Iter 500/627] reconstruction loss: 0.0000164  rel_err: 0.8102
[Epoch 5 Iter 550/627] reconstruction loss: 0.0000135  rel_err: 0.8212
[Epoch 5 Iter 600/627] reconstruction loss: 0.0000158  rel_err: 0.8588
[Epoch 5] reconstruction loss: 0.0000151  rel_err: 0.7858
[Epoch 6 Iter 50/627] reconstruction loss: 0.0000185  rel_err: 0.7982
[Epoch 6 Iter 100/627] reconstruction loss: 0.0000119  rel_err: 0.7776
[Epoch 6 Iter 150/627] reconstruction loss: 0.0000158  rel_err: 0.7687
[Epoch 6 Iter 200/627] reconstruction loss: 0.0000155  rel_err: 0.8059
[Epoch 6 Iter 250/627] reconstruction loss: 0.0000144  rel_err: 0.7668
[Epoch 6 Iter 300/627] reconstruction loss: 0.0000163  rel_err: 0.8365
[Epoch 6 Iter 350/627] reconstruction loss: 0.0000148  rel_err: 0.7563
[Epoch 6 Iter 400/627] reconstruction loss: 0.0000109  rel_err: 0.7798
[Epoch 6 Iter 450/627] reconstruction loss: 0.0000113  rel_err: 0.7488
[Epoch 6 Iter 500/627] reconstruction loss: 0.0000229  rel_err: 0.7483
[Epoch 6 Iter 550/627] reconstruction loss: 0.0000111  rel_err: 0.7656
[Epoch 6 Iter 600/627] reconstruction loss: 0.0000122  rel_err: 0.8113
[Epoch 6] reconstruction loss: 0.0000150  rel_err: 0.7834
[Epoch 7 Iter 50/627] reconstruction loss: 0.0000140  rel_err: 0.8134
[Epoch 7 Iter 100/627] reconstruction loss: 0.0000116  rel_err: 0.8219
[Epoch 7 Iter 150/627] reconstruction loss: 0.0000137  rel_err: 0.7369
[Epoch 7 Iter 200/627] reconstruction loss: 0.0000248  rel_err: 0.8335
[Epoch 7 Iter 250/627] reconstruction loss: 0.0000139  rel_err: 0.8189
[Epoch 7 Iter 300/627] reconstruction loss: 0.0000114  rel_err: 0.7651
[Epoch 7 Iter 350/627] reconstruction loss: 0.0000112  rel_err: 0.7620
[Epoch 7 Iter 400/627] reconstruction loss: 0.0000123  rel_err: 0.8269
[Epoch 7 Iter 450/627] reconstruction loss: 0.0000201  rel_err: 0.7997
[Epoch 7 Iter 500/627] reconstruction loss: 0.0000114  rel_err: 0.7606
[Epoch 7 Iter 550/627] reconstruction loss: 0.0000124  rel_err: 0.7604
[Epoch 7 Iter 600/627] reconstruction loss: 0.0000137  rel_err: 0.7551
[Epoch 7] reconstruction loss: 0.0000150  rel_err: 0.7828
saved checkpoint: /Users/vincentclifford/protein-localization/runs/cov_unsup_compare/meltome_seed657/cov_unsup_dc48.pt
[Epoch 8 Iter 50/627] reconstruction loss: 0.0000251  rel_err: 0.8034
[Epoch 8 Iter 100/627] reconstruction loss: 0.0000141  rel_err: 0.7159
[Epoch 8 Iter 150/627] reconstruction loss: 0.0000171  rel_err: 0.7823
[Epoch 8 Iter 200/627] reconstruction loss: 0.0000098  rel_err: 0.7507
[Epoch 8 Iter 250/627] reconstruction loss: 0.0000152  rel_err: 0.8114
[Epoch 8 Iter 300/627] reconstruction loss: 0.0000165  rel_err: 0.8040
[Epoch 8 Iter 350/627] reconstruction loss: 0.0000130  rel_err: 0.7569
[Epoch 8 Iter 400/627] reconstruction loss: 0.0000149  rel_err: 0.7978
[Epoch 8 Iter 450/627] reconstruction loss: 0.0000259  rel_err: 0.8292
[Epoch 8 Iter 500/627] reconstruction loss: 0.0000136  rel_err: 0.8253
[Epoch 8 Iter 550/627] reconstruction loss: 0.0000299  rel_err: 0.8209
[Epoch 8 Iter 600/627] reconstruction loss: 0.0000118  rel_err: 0.7327
[Epoch 8] reconstruction loss: 0.0000149  rel_err: 0.7828
saved checkpoint: /Users/vincentclifford/protein-localization/runs/cov_unsup_compare/meltome_seed657/cov_unsup_dc48.pt
[Epoch 9 Iter 50/627] reconstruction loss: 0.0000131  rel_err: 0.8291
[Epoch 9 Iter 100/627] reconstruction loss: 0.0000112  rel_err: 0.7597
[Epoch 9 Iter 150/627] reconstruction loss: 0.0000127  rel_err: 0.7819
[Epoch 9 Iter 200/627] reconstruction loss: 0.0000144  rel_err: 0.7909
[Epoch 9 Iter 250/627] reconstruction loss: 0.0000158  rel_err: 0.7939
[Epoch 9 Iter 300/627] reconstruction loss: 0.0000157  rel_err: 0.8460
[Epoch 9 Iter 350/627] reconstruction loss: 0.0000114  rel_err: 0.7728
[Epoch 9 Iter 400/627] reconstruction loss: 0.0000135  rel_err: 0.7837
[Epoch 9 Iter 450/627] reconstruction loss: 0.0000142  rel_err: 0.7924
[Epoch 9 Iter 500/627] reconstruction loss: 0.0000119  rel_err: 0.7664
[Epoch 9 Iter 550/627] reconstruction loss: 0.0000135  rel_err: 0.7937
[Epoch 9 Iter 600/627] reconstruction loss: 0.0000176  rel_err: 0.7855
[Epoch 9] reconstruction loss: 0.0000149  rel_err: 0.7838
saved checkpoint: /Users/vincentclifford/protein-localization/runs/cov_unsup_compare/meltome_seed657/cov_unsup_dc48.pt
[Epoch 10 Iter 50/627] reconstruction loss: 0.0000152  rel_err: 0.7889
[Epoch 10 Iter 100/627] reconstruction loss: 0.0000126  rel_err: 0.7695
[Epoch 10 Iter 150/627] reconstruction loss: 0.0000158  rel_err: 0.7078
[Epoch 10 Iter 200/627] reconstruction loss: 0.0000098  rel_err: 0.7579
[Epoch 10 Iter 250/627] reconstruction loss: 0.0000155  rel_err: 0.7562
[Epoch 10 Iter 300/627] reconstruction loss: 0.0000119  rel_err: 0.7944
[Epoch 10 Iter 350/627] reconstruction loss: 0.0000179  rel_err: 0.7874
[Epoch 10 Iter 400/627] reconstruction loss: 0.0000133  rel_err: 0.7730
[Epoch 10 Iter 450/627] reconstruction loss: 0.0000143  rel_err: 0.7608
[Epoch 10 Iter 500/627] reconstruction loss: 0.0000147  rel_err: 0.8148
[Epoch 10 Iter 550/627] reconstruction loss: 0.0000136  rel_err: 0.7979
[Epoch 10 Iter 600/627] reconstruction loss: 0.0000199  rel_err: 0.7758
[Epoch 10] reconstruction loss: 0.0000150  rel_err: 0.7851
[Epoch 11 Iter 50/627] reconstruction loss: 0.0000123  rel_err: 0.8096
[Epoch 11 Iter 100/627] reconstruction loss: 0.0000197  rel_err: 0.8010
[Epoch 11 Iter 150/627] reconstruction loss: 0.0000343  rel_err: 1.4053
[Epoch 11 Iter 200/627] reconstruction loss: 0.0000149  rel_err: 0.9164
[Epoch 11 Iter 250/627] reconstruction loss: 0.0000200  rel_err: 0.8957
[Epoch 11 Iter 300/627] reconstruction loss: 0.0000167  rel_err: 0.8533
[Epoch 11 Iter 350/627] reconstruction loss: 0.0000354  rel_err: 1.2312
[Epoch 11 Iter 400/627] reconstruction loss: 0.0000134  rel_err: 0.8646
[Epoch 11 Iter 450/627] reconstruction loss: 0.0000153  rel_err: 0.8215
[Epoch 11 Iter 500/627] reconstruction loss: 0.0000145  rel_err: 0.8257
[Epoch 11 Iter 550/627] reconstruction loss: 0.0000164  rel_err: 0.8099
[Epoch 11 Iter 600/627] reconstruction loss: 0.0000182  rel_err: 0.8232
[Epoch 11] reconstruction loss: 0.0000588  rel_err: 0.8913
[Epoch 12 Iter 50/627] reconstruction loss: 0.0000142  rel_err: 0.7757
[Epoch 12 Iter 100/627] reconstruction loss: 0.0000169  rel_err: 0.8006
[Epoch 12 Iter 150/627] reconstruction loss: 0.0000114  rel_err: 0.7251
[Epoch 12 Iter 200/627] reconstruction loss: 0.0000253  rel_err: 0.7849
[Epoch 12 Iter 250/627] reconstruction loss: 0.0000133  rel_err: 0.7174
[Epoch 12 Iter 300/627] reconstruction loss: 0.0000153  rel_err: 0.8158
[Epoch 12 Iter 350/627] reconstruction loss: 0.0000136  rel_err: 0.8128
[Epoch 12 Iter 400/627] reconstruction loss: 0.0000105  rel_err: 0.7680
[Epoch 12 Iter 450/627] reconstruction loss: 0.0000197  rel_err: 0.8110
[Epoch 12 Iter 500/627] reconstruction loss: 0.0000142  rel_err: 0.8074
[Epoch 12 Iter 550/627] reconstruction loss: 0.0000154  rel_err: 0.7841
[Epoch 12 Iter 600/627] reconstruction loss: 0.0000208  rel_err: 0.8534
[Epoch 12] reconstruction loss: 0.0000151  rel_err: 0.7895
[Epoch 13 Iter 50/627] reconstruction loss: 0.0000146  rel_err: 0.7849
[Epoch 13 Iter 100/627] reconstruction loss: 0.0000135  rel_err: 0.7793
[Epoch 13 Iter 150/627] reconstruction loss: 0.0000202  rel_err: 0.7776
[Epoch 13 Iter 200/627] reconstruction loss: 0.0000126  rel_err: 0.7723
[Epoch 13 Iter 250/627] reconstruction loss: 0.0000128  rel_err: 0.7656
[Epoch 13 Iter 300/627] reconstruction loss: 0.0000113  rel_err: 0.8065
[Epoch 13 Iter 350/627] reconstruction loss: 0.0000124  rel_err: 0.7485
[Epoch 13 Iter 400/627] reconstruction loss: 0.0000184  rel_err: 0.8204
[Epoch 13 Iter 450/627] reconstruction loss: 0.0000220  rel_err: 0.7875
[Epoch 13 Iter 500/627] reconstruction loss: 0.0000246  rel_err: 0.7723
[Epoch 13 Iter 550/627] reconstruction loss: 0.0000154  rel_err: 0.7727
[Epoch 13 Iter 600/627] reconstruction loss: 0.0000157  rel_err: 0.8108
[Epoch 13] reconstruction loss: 0.0000150  rel_err: 0.7854
[Epoch 14 Iter 50/627] reconstruction loss: 0.0000129  rel_err: 0.8040
[Epoch 14 Iter 100/627] reconstruction loss: 0.0000124  rel_err: 0.7448
[Epoch 14 Iter 150/627] reconstruction loss: 0.0000109  rel_err: 0.7822
[Epoch 14 Iter 200/627] reconstruction loss: 0.0000113  rel_err: 0.7891
[Epoch 14 Iter 250/627] reconstruction loss: 0.0000136  rel_err: 0.8099
[Epoch 14 Iter 300/627] reconstruction loss: 0.0000168  rel_err: 0.7735
[Epoch 14 Iter 350/627] reconstruction loss: 0.0000082  rel_err: 0.7394
[Epoch 14 Iter 400/627] reconstruction loss: 0.0000090  rel_err: 0.7932
[Epoch 14 Iter 450/627] reconstruction loss: 0.0000247  rel_err: 0.7985
[Epoch 14 Iter 500/627] reconstruction loss: 0.0000140  rel_err: 0.8282
[Epoch 14 Iter 550/627] reconstruction loss: 0.0000162  rel_err: 0.8469
[Epoch 14 Iter 600/627] reconstruction loss: 0.0000155  rel_err: 0.8562
[Epoch 14] reconstruction loss: 0.0000149  rel_err: 0.7840
early stopping (no >0.5% improvement for 10 epochs)
