[ Using Seed :  969  ]
max_length: 2048
embedding_mode: lm
source: localization
  embeddings: /Users/vincentclifford/Downloads/deeploc_our_train_set_layer24.h5
  remapping:  data_files/deeploc_our_train_set_remapped.fasta
  key_format: hash
  size:       9391
source: meltome
  embeddings: /Users/vincentclifford/Downloads/human_cell_train_layer24.h5
  remapping:  data_files/flip_meltome/prepared/human_cell/human_cell_train_remapped.fasta
  key_format: hash
  size:       5013
union dataset size: 14404
device: mps
embeddings_dim: 1024
proj_dim: 48
trainable params: 98304
computing PCA init basis (one pass over data)...
initialized L, R from top-48 eigenvectors of avg second moment
[PCA init] reconstruction loss: 0.0000224  rel_err: 0.8498
saved checkpoint: /Users/vincentclifford/protein-localization/runs/cov_unsup_compare/union_seed969/cov_unsup_dc48.pt
[Epoch 1 Iter 50/1801] reconstruction loss: 0.0000177  rel_err: 0.8091
[Epoch 1 Iter 100/1801] reconstruction loss: 0.0000309  rel_err: 0.8430
[Epoch 1 Iter 150/1801] reconstruction loss: 0.0000193  rel_err: 0.8405
[Epoch 1 Iter 200/1801] reconstruction loss: 0.0000129  rel_err: 0.8077
[Epoch 1 Iter 250/1801] reconstruction loss: 0.0000218  rel_err: 0.8651
[Epoch 1 Iter 300/1801] reconstruction loss: 0.0000291  rel_err: 0.8754
[Epoch 1 Iter 350/1801] reconstruction loss: 0.0000289  rel_err: 0.8688
[Epoch 1 Iter 400/1801] reconstruction loss: 0.0000259  rel_err: 0.8350
[Epoch 1 Iter 450/1801] reconstruction loss: 0.0000175  rel_err: 0.8044
[Epoch 1 Iter 500/1801] reconstruction loss: 0.0000180  rel_err: 0.7654
[Epoch 1 Iter 550/1801] reconstruction loss: 0.0000187  rel_err: 0.7987
[Epoch 1 Iter 600/1801] reconstruction loss: 0.0000126  rel_err: 0.8177
[Epoch 1 Iter 650/1801] reconstruction loss: 0.0000206  rel_err: 0.8082
[Epoch 1 Iter 700/1801] reconstruction loss: 0.0000161  rel_err: 0.7982
[Epoch 1 Iter 750/1801] reconstruction loss: 0.0000177  rel_err: 0.8224
[Epoch 1 Iter 800/1801] reconstruction loss: 0.0000197  rel_err: 0.8313
[Epoch 1 Iter 850/1801] reconstruction loss: 0.0000154  rel_err: 0.7943
[Epoch 1 Iter 900/1801] reconstruction loss: 0.0000149  rel_err: 0.8367
[Epoch 1 Iter 950/1801] reconstruction loss: 0.0000221  rel_err: 0.8758
[Epoch 1 Iter 1000/1801] reconstruction loss: 0.0000245  rel_err: 0.8693
[Epoch 1 Iter 1050/1801] reconstruction loss: 0.0000252  rel_err: 0.8411
[Epoch 1 Iter 1100/1801] reconstruction loss: 0.0000133  rel_err: 0.8448
[Epoch 1 Iter 1150/1801] reconstruction loss: 0.0000138  rel_err: 0.7917
[Epoch 1 Iter 1200/1801] reconstruction loss: 0.0000134  rel_err: 0.8298
[Epoch 1 Iter 1250/1801] reconstruction loss: 0.0000154  rel_err: 0.7824
[Epoch 1 Iter 1300/1801] reconstruction loss: 0.0000172  rel_err: 0.7770
[Epoch 1 Iter 1350/1801] reconstruction loss: 0.0000202  rel_err: 0.7747
[Epoch 1 Iter 1400/1801] reconstruction loss: 0.0000126  rel_err: 0.8230
[Epoch 1 Iter 1450/1801] reconstruction loss: 0.0000280  rel_err: 0.8456
[Epoch 1 Iter 1500/1801] reconstruction loss: 0.0000156  rel_err: 0.7965
[Epoch 1 Iter 1550/1801] reconstruction loss: 0.0000164  rel_err: 0.8617
[Epoch 1 Iter 1600/1801] reconstruction loss: 0.0000204  rel_err: 0.8493
[Epoch 1 Iter 1650/1801] reconstruction loss: 0.0000147  rel_err: 0.8341
[Epoch 1 Iter 1700/1801] reconstruction loss: 0.0000177  rel_err: 0.8253
[Epoch 1 Iter 1750/1801] reconstruction loss: 0.0000202  rel_err: 0.8327
[Epoch 1 Iter 1800/1801] reconstruction loss: 0.0000180  rel_err: 0.8049
[Epoch 1] reconstruction loss: 0.0000205  rel_err: 0.8273
saved checkpoint: /Users/vincentclifford/protein-localization/runs/cov_unsup_compare/union_seed969/cov_unsup_dc48.pt
[Epoch 2 Iter 50/1801] reconstruction loss: 0.0000143  rel_err: 0.7956
[Epoch 2 Iter 100/1801] reconstruction loss: 0.0000117  rel_err: 0.7743
[Epoch 2 Iter 150/1801] reconstruction loss: 0.0000262  rel_err: 0.8369
[Epoch 2 Iter 200/1801] reconstruction loss: 0.0000185  rel_err: 0.8421
[Epoch 2 Iter 250/1801] reconstruction loss: 0.0000207  rel_err: 0.8154
[Epoch 2 Iter 300/1801] reconstruction loss: 0.0000175  rel_err: 0.7697
[Epoch 2 Iter 350/1801] reconstruction loss: 0.0000139  rel_err: 0.8371
[Epoch 2 Iter 400/1801] reconstruction loss: 0.0000182  rel_err: 0.8234
[Epoch 2 Iter 450/1801] reconstruction loss: 0.0000172  rel_err: 0.8027
[Epoch 2 Iter 500/1801] reconstruction loss: 0.0000165  rel_err: 0.8025
[Epoch 2 Iter 550/1801] reconstruction loss: 0.0000199  rel_err: 0.7871
[Epoch 2 Iter 600/1801] reconstruction loss: 0.0000147  rel_err: 0.8261
[Epoch 2 Iter 650/1801] reconstruction loss: 0.0000120  rel_err: 0.7916
[Epoch 2 Iter 700/1801] reconstruction loss: 0.0000214  rel_err: 0.8649
[Epoch 2 Iter 750/1801] reconstruction loss: 0.0000176  rel_err: 0.8290
[Epoch 2 Iter 800/1801] reconstruction loss: 0.0000172  rel_err: 0.8450
[Epoch 2 Iter 850/1801] reconstruction loss: 0.0000115  rel_err: 0.7888
[Epoch 2 Iter 900/1801] reconstruction loss: 0.0000208  rel_err: 0.8204
[Epoch 2 Iter 950/1801] reconstruction loss: 0.0000192  rel_err: 0.8345
[Epoch 2 Iter 1000/1801] reconstruction loss: 0.0000193  rel_err: 0.8362
[Epoch 2 Iter 1050/1801] reconstruction loss: 0.0000204  rel_err: 0.8882
[Epoch 2 Iter 1100/1801] reconstruction loss: 0.0000189  rel_err: 0.7749
[Epoch 2 Iter 1150/1801] reconstruction loss: 0.0000178  rel_err: 0.8439
[Epoch 2 Iter 1200/1801] reconstruction loss: 0.0000189  rel_err: 0.8026
[Epoch 2 Iter 1250/1801] reconstruction loss: 0.0000438  rel_err: 0.8200
[Epoch 2 Iter 1300/1801] reconstruction loss: 0.0000218  rel_err: 0.8457
[Epoch 2 Iter 1350/1801] reconstruction loss: 0.0000157  rel_err: 0.8350
[Epoch 2 Iter 1400/1801] reconstruction loss: 0.0000248  rel_err: 0.8039
[Epoch 2 Iter 1450/1801] reconstruction loss: 0.0000164  rel_err: 0.8306
[Epoch 2 Iter 1500/1801] reconstruction loss: 0.0000232  rel_err: 0.8318
[Epoch 2 Iter 1550/1801] reconstruction loss: 0.0000242  rel_err: 0.8064
[Epoch 2 Iter 1600/1801] reconstruction loss: 0.0000209  rel_err: 0.8094
[Epoch 2 Iter 1650/1801] reconstruction loss: 0.0000180  rel_err: 0.7968
[Epoch 2 Iter 1700/1801] reconstruction loss: 0.0000135  rel_err: 0.7692
[Epoch 2 Iter 1750/1801] reconstruction loss: 0.0000166  rel_err: 0.8017
[Epoch 2 Iter 1800/1801] reconstruction loss: 0.0000256  rel_err: 0.8815
[Epoch 2] reconstruction loss: 0.0000199  rel_err: 0.8221
saved checkpoint: /Users/vincentclifford/protein-localization/runs/cov_unsup_compare/union_seed969/cov_unsup_dc48.pt
[Epoch 3 Iter 50/1801] reconstruction loss: 0.0000177  rel_err: 0.8110
[Epoch 3 Iter 100/1801] reconstruction loss: 0.0000216  rel_err: 0.7908
[Epoch 3 Iter 150/1801] reconstruction loss: 0.0000181  rel_err: 0.8376
[Epoch 3 Iter 200/1801] reconstruction loss: 0.0000222  rel_err: 0.8149
[Epoch 3 Iter 250/1801] reconstruction loss: 0.0000164  rel_err: 0.7633
[Epoch 3 Iter 300/1801] reconstruction loss: 0.0000121  rel_err: 0.7698
[Epoch 3 Iter 350/1801] reconstruction loss: 0.0000126  rel_err: 0.8319
[Epoch 3 Iter 400/1801] reconstruction loss: 0.0000168  rel_err: 0.8504
[Epoch 3 Iter 450/1801] reconstruction loss: 0.0000200  rel_err: 0.8438
[Epoch 3 Iter 500/1801] reconstruction loss: 0.0000164  rel_err: 0.8367
[Epoch 3 Iter 550/1801] reconstruction loss: 0.0000143  rel_err: 0.8192
[Epoch 3 Iter 600/1801] reconstruction loss: 0.0000164  rel_err: 0.8225
[Epoch 3 Iter 650/1801] reconstruction loss: 0.0000203  rel_err: 0.8483
[Epoch 3 Iter 700/1801] reconstruction loss: 0.0000145  rel_err: 0.8113
[Epoch 3 Iter 750/1801] reconstruction loss: 0.0000290  rel_err: 0.8686
[Epoch 3 Iter 800/1801] reconstruction loss: 0.0000185  rel_err: 0.8109
[Epoch 3 Iter 850/1801] reconstruction loss: 0.0000143  rel_err: 0.8290
[Epoch 3 Iter 900/1801] reconstruction loss: 0.0000273  rel_err: 0.7788
[Epoch 3 Iter 950/1801] reconstruction loss: 0.0000201  rel_err: 0.7869
[Epoch 3 Iter 1000/1801] reconstruction loss: 0.0000219  rel_err: 0.8411
[Epoch 3 Iter 1050/1801] reconstruction loss: 0.0000167  rel_err: 0.8333
[Epoch 3 Iter 1100/1801] reconstruction loss: 0.0000166  rel_err: 0.7666
[Epoch 3 Iter 1150/1801] reconstruction loss: 0.0000161  rel_err: 0.8316
[Epoch 3 Iter 1200/1801] reconstruction loss: 0.0000167  rel_err: 0.8676
[Epoch 3 Iter 1250/1801] reconstruction loss: 0.0000143  rel_err: 0.7893
[Epoch 3 Iter 1300/1801] reconstruction loss: 0.0000190  rel_err: 0.8022
[Epoch 3 Iter 1350/1801] reconstruction loss: 0.0000219  rel_err: 0.8449
[Epoch 3 Iter 1400/1801] reconstruction loss: 0.0000240  rel_err: 0.8433
[Epoch 3 Iter 1450/1801] reconstruction loss: 0.0000175  rel_err: 0.8434
[Epoch 3 Iter 1500/1801] reconstruction loss: 0.0000122  rel_err: 0.8183
[Epoch 3 Iter 1550/1801] reconstruction loss: 0.0000174  rel_err: 0.8530
[Epoch 3 Iter 1600/1801] reconstruction loss: 0.0000158  rel_err: 0.8282
[Epoch 3 Iter 1650/1801] reconstruction loss: 0.0000219  rel_err: 0.8219
[Epoch 3 Iter 1700/1801] reconstruction loss: 0.0000139  rel_err: 0.7796
[Epoch 3 Iter 1750/1801] reconstruction loss: 0.0000269  rel_err: 0.8607
[Epoch 3 Iter 1800/1801] reconstruction loss: 0.0000163  rel_err: 0.8447
[Epoch 3] reconstruction loss: 0.0000199  rel_err: 0.8224
saved checkpoint: /Users/vincentclifford/protein-localization/runs/cov_unsup_compare/union_seed969/cov_unsup_dc48.pt
[Epoch 4 Iter 50/1801] reconstruction loss: 0.0000197  rel_err: 0.8945
[Epoch 4 Iter 100/1801] reconstruction loss: 0.0000143  rel_err: 0.8578
[Epoch 4 Iter 150/1801] reconstruction loss: 0.0000239  rel_err: 0.7642
[Epoch 4 Iter 200/1801] reconstruction loss: 0.0000229  rel_err: 0.8197
[Epoch 4 Iter 250/1801] reconstruction loss: 0.0000274  rel_err: 0.8682
[Epoch 4 Iter 300/1801] reconstruction loss: 0.0000178  rel_err: 0.8400
[Epoch 4 Iter 350/1801] reconstruction loss: 0.0000175  rel_err: 0.8388
[Epoch 4 Iter 400/1801] reconstruction loss: 0.0000194  rel_err: 0.8404
[Epoch 4 Iter 450/1801] reconstruction loss: 0.0000162  rel_err: 0.8145
[Epoch 4 Iter 500/1801] reconstruction loss: 0.0000190  rel_err: 0.8415
[Epoch 4 Iter 550/1801] reconstruction loss: 0.0000197  rel_err: 0.8298
[Epoch 4 Iter 600/1801] reconstruction loss: 0.0000291  rel_err: 1.0869
[Epoch 4 Iter 650/1801] reconstruction loss: 0.0000190  rel_err: 0.9236
[Epoch 4 Iter 700/1801] reconstruction loss: 0.0000193  rel_err: 0.9181
[Epoch 4 Iter 750/1801] reconstruction loss: 0.0001303  rel_err: 2.0059
[Epoch 4 Iter 800/1801] reconstruction loss: 0.0000209  rel_err: 0.8396
[Epoch 4 Iter 850/1801] reconstruction loss: 0.0000200  rel_err: 0.8161
[Epoch 4 Iter 900/1801] reconstruction loss: 0.0000198  rel_err: 0.8584
[Epoch 4 Iter 950/1801] reconstruction loss: 0.0000217  rel_err: 0.8816
[Epoch 4 Iter 1000/1801] reconstruction loss: 0.0000177  rel_err: 0.8270
[Epoch 4 Iter 1050/1801] reconstruction loss: 0.0000194  rel_err: 0.8408
[Epoch 4 Iter 1100/1801] reconstruction loss: 0.0000140  rel_err: 0.8646
[Epoch 4 Iter 1150/1801] reconstruction loss: 0.0000196  rel_err: 0.8722
[Epoch 4 Iter 1200/1801] reconstruction loss: 0.0000227  rel_err: 0.7783
[Epoch 4 Iter 1250/1801] reconstruction loss: 0.0000226  rel_err: 0.8301
[Epoch 4 Iter 1300/1801] reconstruction loss: 0.0000154  rel_err: 0.8294
[Epoch 4 Iter 1350/1801] reconstruction loss: 0.0000290  rel_err: 0.8563
[Epoch 4 Iter 1400/1801] reconstruction loss: 0.0000164  rel_err: 0.8033
[Epoch 4 Iter 1450/1801] reconstruction loss: 0.0000189  rel_err: 0.8178
[Epoch 4 Iter 1500/1801] reconstruction loss: 0.0000197  rel_err: 0.8600
[Epoch 4 Iter 1550/1801] reconstruction loss: 0.0000156  rel_err: 0.8396
[Epoch 4 Iter 1600/1801] reconstruction loss: 0.0000241  rel_err: 0.8200
[Epoch 4 Iter 1650/1801] reconstruction loss: 0.0000190  rel_err: 0.7818
[Epoch 4 Iter 1700/1801] reconstruction loss: 0.0000218  rel_err: 0.9020
[Epoch 4 Iter 1750/1801] reconstruction loss: 0.0000290  rel_err: 0.8092
[Epoch 4 Iter 1800/1801] reconstruction loss: 0.0000215  rel_err: 0.8324
[Epoch 4] reconstruction loss: 0.0000892  rel_err: 0.8828
[Epoch 5 Iter 50/1801] reconstruction loss: 0.0000189  rel_err: 0.7984
[Epoch 5 Iter 100/1801] reconstruction loss: 0.0000136  rel_err: 0.8245
[Epoch 5 Iter 150/1801] reconstruction loss: 0.0000299  rel_err: 0.8125
[Epoch 5 Iter 200/1801] reconstruction loss: 0.0000164  rel_err: 0.8440
[Epoch 5 Iter 250/1801] reconstruction loss: 0.0000143  rel_err: 0.7788
[Epoch 5 Iter 300/1801] reconstruction loss: 0.0000379  rel_err: 0.8313
[Epoch 5 Iter 350/1801] reconstruction loss: 0.0000257  rel_err: 0.8359
[Epoch 5 Iter 400/1801] reconstruction loss: 0.0000190  rel_err: 0.8007
[Epoch 5 Iter 450/1801] reconstruction loss: 0.0000157  rel_err: 0.8199
[Epoch 5 Iter 500/1801] reconstruction loss: 0.0000289  rel_err: 0.8294
[Epoch 5 Iter 550/1801] reconstruction loss: 0.0000158  rel_err: 0.8434
[Epoch 5 Iter 600/1801] reconstruction loss: 0.0000209  rel_err: 0.7762
[Epoch 5 Iter 650/1801] reconstruction loss: 0.0000235  rel_err: 0.8456
[Epoch 5 Iter 700/1801] reconstruction loss: 0.0000180  rel_err: 0.8206
[Epoch 5 Iter 750/1801] reconstruction loss: 0.0000181  rel_err: 0.8337
[Epoch 5 Iter 800/1801] reconstruction loss: 0.0000158  rel_err: 0.7566
[Epoch 5 Iter 850/1801] reconstruction loss: 0.0000200  rel_err: 0.8398
[Epoch 5 Iter 900/1801] reconstruction loss: 0.0000225  rel_err: 0.8259
[Epoch 5 Iter 950/1801] reconstruction loss: 0.0000167  rel_err: 0.8192
[Epoch 5 Iter 1000/1801] reconstruction loss: 0.0000367  rel_err: 0.7852
[Epoch 5 Iter 1050/1801] reconstruction loss: 0.0000245  rel_err: 0.8173
[Epoch 5 Iter 1100/1801] reconstruction loss: 0.0000210  rel_err: 0.8894
[Epoch 5 Iter 1150/1801] reconstruction loss: 0.0000259  rel_err: 0.8641
[Epoch 5 Iter 1200/1801] reconstruction loss: 0.0000213  rel_err: 0.8132
[Epoch 5 Iter 1250/1801] reconstruction loss: 0.0000128  rel_err: 0.8055
[Epoch 5 Iter 1300/1801] reconstruction loss: 0.0000281  rel_err: 0.8436
[Epoch 5 Iter 1350/1801] reconstruction loss: 0.0000231  rel_err: 0.7813
[Epoch 5 Iter 1400/1801] reconstruction loss: 0.0000221  rel_err: 0.8027
[Epoch 5 Iter 1450/1801] reconstruction loss: 0.0000236  rel_err: 0.8146
[Epoch 5 Iter 1500/1801] reconstruction loss: 0.0000162  rel_err: 0.8750
[Epoch 5 Iter 1550/1801] reconstruction loss: 0.0000147  rel_err: 0.8482
[Epoch 5 Iter 1600/1801] reconstruction loss: 0.0000268  rel_err: 0.7636
[Epoch 5 Iter 1650/1801] reconstruction loss: 0.0000268  rel_err: 0.7387
[Epoch 5 Iter 1700/1801] reconstruction loss: 0.0000197  rel_err: 0.8417
[Epoch 5 Iter 1750/1801] reconstruction loss: 0.0000145  rel_err: 0.8097
[Epoch 5 Iter 1800/1801] reconstruction loss: 0.0000167  rel_err: 0.7685
[Epoch 5] reconstruction loss: 0.0000199  rel_err: 0.8231
saved checkpoint: /Users/vincentclifford/protein-localization/runs/cov_unsup_compare/union_seed969/cov_unsup_dc48.pt
[Epoch 6 Iter 50/1801] reconstruction loss: 0.0000151  rel_err: 0.8339
[Epoch 6 Iter 100/1801] reconstruction loss: 0.0000173  rel_err: 0.8537
[Epoch 6 Iter 150/1801] reconstruction loss: 0.0000173  rel_err: 0.7606
[Epoch 6 Iter 200/1801] reconstruction loss: 0.0000293  rel_err: 0.8122
[Epoch 6 Iter 250/1801] reconstruction loss: 0.0000173  rel_err: 0.8167
[Epoch 6 Iter 300/1801] reconstruction loss: 0.0000210  rel_err: 0.8296
[Epoch 6 Iter 350/1801] reconstruction loss: 0.0000141  rel_err: 0.8303
[Epoch 6 Iter 400/1801] reconstruction loss: 0.0000138  rel_err: 0.8188
[Epoch 6 Iter 450/1801] reconstruction loss: 0.0000242  rel_err: 0.8210
[Epoch 6 Iter 500/1801] reconstruction loss: 0.0000219  rel_err: 0.7602
[Epoch 6 Iter 550/1801] reconstruction loss: 0.0000240  rel_err: 0.8006
[Epoch 6 Iter 600/1801] reconstruction loss: 0.0000157  rel_err: 0.8082
[Epoch 6 Iter 650/1801] reconstruction loss: 0.0000164  rel_err: 0.7899
[Epoch 6 Iter 700/1801] reconstruction loss: 0.0000261  rel_err: 0.8146
[Epoch 6 Iter 750/1801] reconstruction loss: 0.0000165  rel_err: 0.8250
[Epoch 6 Iter 800/1801] reconstruction loss: 0.0000195  rel_err: 0.7473
[Epoch 6 Iter 850/1801] reconstruction loss: 0.0000128  rel_err: 0.8220
[Epoch 6 Iter 900/1801] reconstruction loss: 0.0000141  rel_err: 0.7916
[Epoch 6 Iter 950/1801] reconstruction loss: 0.0000179  rel_err: 0.7842
[Epoch 6 Iter 1000/1801] reconstruction loss: 0.0000169  rel_err: 0.8345
[Epoch 6 Iter 1050/1801] reconstruction loss: 0.0000169  rel_err: 0.8341
[Epoch 6 Iter 1100/1801] reconstruction loss: 0.0000235  rel_err: 0.8813
[Epoch 6 Iter 1150/1801] reconstruction loss: 0.0000243  rel_err: 0.8017
[Epoch 6 Iter 1200/1801] reconstruction loss: 0.0000265  rel_err: 0.7726
[Epoch 6 Iter 1250/1801] reconstruction loss: 0.0000453  rel_err: 0.8552
[Epoch 6 Iter 1300/1801] reconstruction loss: 0.0000159  rel_err: 0.8346
[Epoch 6 Iter 1350/1801] reconstruction loss: 0.0000269  rel_err: 0.8543
[Epoch 6 Iter 1400/1801] reconstruction loss: 0.0000214  rel_err: 0.7843
[Epoch 6 Iter 1450/1801] reconstruction loss: 0.0000262  rel_err: 0.8016
[Epoch 6 Iter 1500/1801] reconstruction loss: 0.0000207  rel_err: 0.8701
[Epoch 6 Iter 1550/1801] reconstruction loss: 0.0000142  rel_err: 0.7969
[Epoch 6 Iter 1600/1801] reconstruction loss: 0.0000149  rel_err: 0.7903
[Epoch 6 Iter 1650/1801] reconstruction loss: 0.0000191  rel_err: 0.8159
[Epoch 6 Iter 1700/1801] reconstruction loss: 0.0000245  rel_err: 0.8657
[Epoch 6 Iter 1750/1801] reconstruction loss: 0.0000157  rel_err: 0.8045
[Epoch 6 Iter 1800/1801] reconstruction loss: 0.0000171  rel_err: 0.8208
[Epoch 6] reconstruction loss: 0.0000197  rel_err: 0.8209
saved checkpoint: /Users/vincentclifford/protein-localization/runs/cov_unsup_compare/union_seed969/cov_unsup_dc48.pt
[Epoch 7 Iter 50/1801] reconstruction loss: 0.0000185  rel_err: 0.7530
[Epoch 7 Iter 100/1801] reconstruction loss: 0.0000155  rel_err: 0.8176
[Epoch 7 Iter 150/1801] reconstruction loss: 0.0000167  rel_err: 0.8826
[Epoch 7 Iter 200/1801] reconstruction loss: 0.0000161  rel_err: 0.7802
[Epoch 7 Iter 250/1801] reconstruction loss: 0.0000187  rel_err: 0.8076
[Epoch 7 Iter 300/1801] reconstruction loss: 0.0000334  rel_err: 0.8583
[Epoch 7 Iter 350/1801] reconstruction loss: 0.0000329  rel_err: 0.8061
[Epoch 7 Iter 400/1801] reconstruction loss: 0.0000163  rel_err: 0.7871
[Epoch 7 Iter 450/1801] reconstruction loss: 0.0000232  rel_err: 0.8324
[Epoch 7 Iter 500/1801] reconstruction loss: 0.0000175  rel_err: 0.8572
[Epoch 7 Iter 550/1801] reconstruction loss: 0.0000169  rel_err: 0.8324
[Epoch 7 Iter 600/1801] reconstruction loss: 0.0000218  rel_err: 0.7991
[Epoch 7 Iter 650/1801] reconstruction loss: 0.0000144  rel_err: 0.8363
[Epoch 7 Iter 700/1801] reconstruction loss: 0.0000297  rel_err: 0.8626
[Epoch 7 Iter 750/1801] reconstruction loss: 0.0000185  rel_err: 0.8035
[Epoch 7 Iter 800/1801] reconstruction loss: 0.0000136  rel_err: 0.8183
[Epoch 7 Iter 850/1801] reconstruction loss: 0.0000181  rel_err: 0.8234
[Epoch 7 Iter 900/1801] reconstruction loss: 0.0000325  rel_err: 0.8306
[Epoch 7 Iter 950/1801] reconstruction loss: 0.0000162  rel_err: 0.8266
[Epoch 7 Iter 1000/1801] reconstruction loss: 0.0000141  rel_err: 0.8653
[Epoch 7 Iter 1050/1801] reconstruction loss: 0.0000189  rel_err: 0.8305
[Epoch 7 Iter 1100/1801] reconstruction loss: 0.0000173  rel_err: 0.8531
[Epoch 7 Iter 1150/1801] reconstruction loss: 0.0000149  rel_err: 0.8699
[Epoch 7 Iter 1200/1801] reconstruction loss: 0.0000188  rel_err: 0.7854
[Epoch 7 Iter 1250/1801] reconstruction loss: 0.0000140  rel_err: 0.8128
[Epoch 7 Iter 1300/1801] reconstruction loss: 0.0000134  rel_err: 0.7983
[Epoch 7 Iter 1350/1801] reconstruction loss: 0.0000164  rel_err: 0.8369
[Epoch 7 Iter 1400/1801] reconstruction loss: 0.0000220  rel_err: 0.8106
[Epoch 7 Iter 1450/1801] reconstruction loss: 0.0000257  rel_err: 0.7776
[Epoch 7 Iter 1500/1801] reconstruction loss: 0.0000167  rel_err: 0.7990
[Epoch 7 Iter 1550/1801] reconstruction loss: 0.0000148  rel_err: 0.8075
[Epoch 7 Iter 1600/1801] reconstruction loss: 0.0000215  rel_err: 0.8324
[Epoch 7 Iter 1650/1801] reconstruction loss: 0.0000148  rel_err: 0.8386
[Epoch 7 Iter 1700/1801] reconstruction loss: 0.0000171  rel_err: 0.8713
[Epoch 7 Iter 1750/1801] reconstruction loss: 0.0000184  rel_err: 0.8315
[Epoch 7 Iter 1800/1801] reconstruction loss: 0.0000190  rel_err: 0.8336
[Epoch 7] reconstruction loss: 0.0000196  rel_err: 0.8197
saved checkpoint: /Users/vincentclifford/protein-localization/runs/cov_unsup_compare/union_seed969/cov_unsup_dc48.pt
[Epoch 8 Iter 50/1801] reconstruction loss: 0.0000232  rel_err: 0.8469
[Epoch 8 Iter 100/1801] reconstruction loss: 0.0000166  rel_err: 0.8044
[Epoch 8 Iter 150/1801] reconstruction loss: 0.0000143  rel_err: 0.8310
[Epoch 8 Iter 200/1801] reconstruction loss: 0.0000134  rel_err: 0.8241
[Epoch 8 Iter 250/1801] reconstruction loss: 0.0000235  rel_err: 0.7783
[Epoch 8 Iter 300/1801] reconstruction loss: 0.0000155  rel_err: 0.8159
[Epoch 8 Iter 350/1801] reconstruction loss: 0.0000243  rel_err: 0.8198
[Epoch 8 Iter 400/1801] reconstruction loss: 0.0000141  rel_err: 0.8309
[Epoch 8 Iter 450/1801] reconstruction loss: 0.0000143  rel_err: 0.8014
[Epoch 8 Iter 500/1801] reconstruction loss: 0.0000186  rel_err: 0.8772
[Epoch 8 Iter 550/1801] reconstruction loss: 0.0000189  rel_err: 0.8404
[Epoch 8 Iter 600/1801] reconstruction loss: 0.0000179  rel_err: 0.7674
[Epoch 8 Iter 650/1801] reconstruction loss: 0.0000178  rel_err: 0.8196
[Epoch 8 Iter 700/1801] reconstruction loss: 0.0000145  rel_err: 0.8315
[Epoch 8 Iter 750/1801] reconstruction loss: 0.0000190  rel_err: 0.8358
[Epoch 8 Iter 800/1801] reconstruction loss: 0.0000184  rel_err: 0.8280
[Epoch 8 Iter 850/1801] reconstruction loss: 0.0000166  rel_err: 0.8159
[Epoch 8 Iter 900/1801] reconstruction loss: 0.0000198  rel_err: 0.8555
[Epoch 8 Iter 950/1801] reconstruction loss: 0.0000311  rel_err: 0.8446
[Epoch 8 Iter 1000/1801] reconstruction loss: 0.0000161  rel_err: 0.8283
[Epoch 8 Iter 1050/1801] reconstruction loss: 0.0000200  rel_err: 0.8583
[Epoch 8 Iter 1100/1801] reconstruction loss: 0.0000205  rel_err: 0.8132
[Epoch 8 Iter 1150/1801] reconstruction loss: 0.0000225  rel_err: 0.8553
[Epoch 8 Iter 1200/1801] reconstruction loss: 0.0000225  rel_err: 0.8437
[Epoch 8 Iter 1250/1801] reconstruction loss: 0.0000187  rel_err: 0.8140
[Epoch 8 Iter 1300/1801] reconstruction loss: 0.0000149  rel_err: 0.8164
[Epoch 8 Iter 1350/1801] reconstruction loss: 0.0000219  rel_err: 0.7910
[Epoch 8 Iter 1400/1801] reconstruction loss: 0.0000160  rel_err: 0.8086
[Epoch 8 Iter 1450/1801] reconstruction loss: 0.0000108  rel_err: 0.8196
[Epoch 8 Iter 1500/1801] reconstruction loss: 0.0000133  rel_err: 0.7997
[Epoch 8 Iter 1550/1801] reconstruction loss: 0.0000103  rel_err: 0.7819
[Epoch 8 Iter 1600/1801] reconstruction loss: 0.0000128  rel_err: 0.8303
[Epoch 8 Iter 1650/1801] reconstruction loss: 0.0000188  rel_err: 0.8423
[Epoch 8 Iter 1700/1801] reconstruction loss: 0.0000155  rel_err: 0.8453
[Epoch 8 Iter 1750/1801] reconstruction loss: 0.0000151  rel_err: 0.7619
[Epoch 8 Iter 1800/1801] reconstruction loss: 0.0000214  rel_err: 0.7893
[Epoch 8] reconstruction loss: 0.0000195  rel_err: 0.8190
saved checkpoint: /Users/vincentclifford/protein-localization/runs/cov_unsup_compare/union_seed969/cov_unsup_dc48.pt
[Epoch 9 Iter 50/1801] reconstruction loss: 0.0000117  rel_err: 0.7848
[Epoch 9 Iter 100/1801] reconstruction loss: 0.0000171  rel_err: 0.8228
[Epoch 9 Iter 150/1801] reconstruction loss: 0.0000176  rel_err: 0.8292
[Epoch 9 Iter 200/1801] reconstruction loss: 0.0000263  rel_err: 0.8069
[Epoch 9 Iter 250/1801] reconstruction loss: 0.0000197  rel_err: 0.8072
[Epoch 9 Iter 300/1801] reconstruction loss: 0.0000196  rel_err: 0.8140
[Epoch 9 Iter 350/1801] reconstruction loss: 0.0000113  rel_err: 0.7964
[Epoch 9 Iter 400/1801] reconstruction loss: 0.0000219  rel_err: 0.8466
[Epoch 9 Iter 450/1801] reconstruction loss: 0.0000189  rel_err: 0.8416
[Epoch 9 Iter 500/1801] reconstruction loss: 0.0000176  rel_err: 0.8547
[Epoch 9 Iter 550/1801] reconstruction loss: 0.0000225  rel_err: 0.7860
[Epoch 9 Iter 600/1801] reconstruction loss: 0.0000273  rel_err: 0.8258
[Epoch 9 Iter 650/1801] reconstruction loss: 0.0000268  rel_err: 0.8429
[Epoch 9 Iter 700/1801] reconstruction loss: 0.0000104  rel_err: 0.8156
[Epoch 9 Iter 750/1801] reconstruction loss: 0.0000127  rel_err: 0.8224
[Epoch 9 Iter 800/1801] reconstruction loss: 0.0000177  rel_err: 0.8270
[Epoch 9 Iter 850/1801] reconstruction loss: 0.0000125  rel_err: 0.7881
[Epoch 9 Iter 900/1801] reconstruction loss: 0.0000137  rel_err: 0.8432
[Epoch 9 Iter 950/1801] reconstruction loss: 0.0000205  rel_err: 0.8069
[Epoch 9 Iter 1000/1801] reconstruction loss: 0.0000176  rel_err: 0.7815
[Epoch 9 Iter 1050/1801] reconstruction loss: 0.0000207  rel_err: 0.8412
[Epoch 9 Iter 1100/1801] reconstruction loss: 0.0000191  rel_err: 0.8223
[Epoch 9 Iter 1150/1801] reconstruction loss: 0.0000233  rel_err: 0.8023
[Epoch 9 Iter 1200/1801] reconstruction loss: 0.0000194  rel_err: 0.8123
[Epoch 9 Iter 1250/1801] reconstruction loss: 0.0000159  rel_err: 0.7794
[Epoch 9 Iter 1300/1801] reconstruction loss: 0.0000251  rel_err: 0.7947
[Epoch 9 Iter 1350/1801] reconstruction loss: 0.0000153  rel_err: 0.7288
[Epoch 9 Iter 1400/1801] reconstruction loss: 0.0000200  rel_err: 0.8189
[Epoch 9 Iter 1450/1801] reconstruction loss: 0.0000155  rel_err: 0.7677
[Epoch 9 Iter 1500/1801] reconstruction loss: 0.0000223  rel_err: 0.8324
[Epoch 9 Iter 1550/1801] reconstruction loss: 0.0000188  rel_err: 0.7761
[Epoch 9 Iter 1600/1801] reconstruction loss: 0.0000316  rel_err: 0.8397
[Epoch 9 Iter 1650/1801] reconstruction loss: 0.0000157  rel_err: 0.8240
[Epoch 9 Iter 1700/1801] reconstruction loss: 0.0000172  rel_err: 0.8025
[Epoch 9 Iter 1750/1801] reconstruction loss: 0.0000161  rel_err: 0.8309
[Epoch 9 Iter 1800/1801] reconstruction loss: 0.0000177  rel_err: 0.8458
[Epoch 9] reconstruction loss: 0.0000195  rel_err: 0.8191
saved checkpoint: /Users/vincentclifford/protein-localization/runs/cov_unsup_compare/union_seed969/cov_unsup_dc48.pt
[Epoch 10 Iter 50/1801] reconstruction loss: 0.0000185  rel_err: 0.7839
[Epoch 10 Iter 100/1801] reconstruction loss: 0.0000252  rel_err: 0.7871
[Epoch 10 Iter 150/1801] reconstruction loss: 0.0000143  rel_err: 0.8181
[Epoch 10 Iter 200/1801] reconstruction loss: 0.0000542  rel_err: 0.8265
[Epoch 10 Iter 250/1801] reconstruction loss: 0.0000150  rel_err: 0.7699
[Epoch 10 Iter 300/1801] reconstruction loss: 0.0000186  rel_err: 0.8360
[Epoch 10 Iter 350/1801] reconstruction loss: 0.0000137  rel_err: 0.8351
[Epoch 10 Iter 400/1801] reconstruction loss: 0.0000169  rel_err: 0.7745
[Epoch 10 Iter 450/1801] reconstruction loss: 0.0000111  rel_err: 0.7824
[Epoch 10 Iter 500/1801] reconstruction loss: 0.0000171  rel_err: 0.8357
[Epoch 10 Iter 550/1801] reconstruction loss: 0.0000326  rel_err: 0.7552
[Epoch 10 Iter 600/1801] reconstruction loss: 0.0000130  rel_err: 0.8433
[Epoch 10 Iter 650/1801] reconstruction loss: 0.0000159  rel_err: 0.8256
[Epoch 10 Iter 700/1801] reconstruction loss: 0.0000230  rel_err: 0.8671
[Epoch 10 Iter 750/1801] reconstruction loss: 0.0000178  rel_err: 0.8537
[Epoch 10 Iter 800/1801] reconstruction loss: 0.0000110  rel_err: 0.8070
[Epoch 10 Iter 850/1801] reconstruction loss: 0.0000236  rel_err: 0.8432
[Epoch 10 Iter 900/1801] reconstruction loss: 0.0000200  rel_err: 0.8659
[Epoch 10 Iter 950/1801] reconstruction loss: 0.0000226  rel_err: 0.7718
[Epoch 10 Iter 1000/1801] reconstruction loss: 0.0000259  rel_err: 0.7999
[Epoch 10 Iter 1050/1801] reconstruction loss: 0.0000112  rel_err: 0.8378
[Epoch 10 Iter 1100/1801] reconstruction loss: 0.0000345  rel_err: 0.7875
[Epoch 10 Iter 1150/1801] reconstruction loss: 0.0000238  rel_err: 0.8278
[Epoch 10 Iter 1200/1801] reconstruction loss: 0.0000141  rel_err: 0.8111
[Epoch 10 Iter 1250/1801] reconstruction loss: 0.0000233  rel_err: 0.7767
[Epoch 10 Iter 1300/1801] reconstruction loss: 0.0000211  rel_err: 0.8330
[Epoch 10 Iter 1350/1801] reconstruction loss: 0.0000137  rel_err: 0.8431
[Epoch 10 Iter 1400/1801] reconstruction loss: 0.0000180  rel_err: 0.8073
[Epoch 10 Iter 1450/1801] reconstruction loss: 0.0000266  rel_err: 0.8356
[Epoch 10 Iter 1500/1801] reconstruction loss: 0.0000149  rel_err: 0.8010
[Epoch 10 Iter 1550/1801] reconstruction loss: 0.0000223  rel_err: 0.8192
[Epoch 10 Iter 1600/1801] reconstruction loss: 0.0000190  rel_err: 0.8076
[Epoch 10 Iter 1650/1801] reconstruction loss: 0.0000188  rel_err: 0.8152
[Epoch 10 Iter 1700/1801] reconstruction loss: 0.0000234  rel_err: 0.7768
[Epoch 10 Iter 1750/1801] reconstruction loss: 0.0000117  rel_err: 0.8233
[Epoch 10 Iter 1800/1801] reconstruction loss: 0.0000326  rel_err: 0.8109
[Epoch 10] reconstruction loss: 0.0000196  rel_err: 0.8203
[Epoch 11 Iter 50/1801] reconstruction loss: 0.0000179  rel_err: 0.8156
[Epoch 11 Iter 100/1801] reconstruction loss: 0.0000150  rel_err: 0.8001
[Epoch 11 Iter 150/1801] reconstruction loss: 0.0000239  rel_err: 0.7727
[Epoch 11 Iter 200/1801] reconstruction loss: 0.0000190  rel_err: 0.8579
[Epoch 11 Iter 250/1801] reconstruction loss: 0.0000226  rel_err: 0.7791
[Epoch 11 Iter 300/1801] reconstruction loss: 0.0000290  rel_err: 0.8600
[Epoch 11 Iter 350/1801] reconstruction loss: 0.0000157  rel_err: 0.8293
[Epoch 11 Iter 400/1801] reconstruction loss: 0.0000207  rel_err: 0.8135
[Epoch 11 Iter 450/1801] reconstruction loss: 0.0000191  rel_err: 0.8341
[Epoch 11 Iter 500/1801] reconstruction loss: 0.0000211  rel_err: 0.8151
[Epoch 11 Iter 550/1801] reconstruction loss: 0.0000195  rel_err: 0.8318
[Epoch 11 Iter 600/1801] reconstruction loss: 0.0000232  rel_err: 0.7929
[Epoch 11 Iter 650/1801] reconstruction loss: 0.0000162  rel_err: 0.7965
[Epoch 11 Iter 700/1801] reconstruction loss: 0.0000183  rel_err: 0.8463
[Epoch 11 Iter 750/1801] reconstruction loss: 0.0000220  rel_err: 0.7766
[Epoch 11 Iter 800/1801] reconstruction loss: 0.0000210  rel_err: 0.8291
[Epoch 11 Iter 850/1801] reconstruction loss: 0.0000131  rel_err: 0.8011
[Epoch 11 Iter 900/1801] reconstruction loss: 0.0000205  rel_err: 0.8289
[Epoch 11 Iter 950/1801] reconstruction loss: 0.0000271  rel_err: 0.8746
[Epoch 11 Iter 1000/1801] reconstruction loss: 0.0000135  rel_err: 0.7998
[Epoch 11 Iter 1050/1801] reconstruction loss: 0.0000143  rel_err: 0.8219
[Epoch 11 Iter 1100/1801] reconstruction loss: 0.0000190  rel_err: 0.8487
[Epoch 11 Iter 1150/1801] reconstruction loss: 0.0000151  rel_err: 0.8603
[Epoch 11 Iter 1200/1801] reconstruction loss: 0.0000225  rel_err: 0.8538
[Epoch 11 Iter 1250/1801] reconstruction loss: 0.0000174  rel_err: 0.8478
[Epoch 11 Iter 1300/1801] reconstruction loss: 0.0000327  rel_err: 0.8362
[Epoch 11 Iter 1350/1801] reconstruction loss: 0.0000147  rel_err: 0.8410
[Epoch 11 Iter 1400/1801] reconstruction loss: 0.0000206  rel_err: 0.8735
[Epoch 11 Iter 1450/1801] reconstruction loss: 0.0000573  rel_err: 0.8170
[Epoch 11 Iter 1500/1801] reconstruction loss: 0.0000220  rel_err: 0.7989
[Epoch 11 Iter 1550/1801] reconstruction loss: 0.0000219  rel_err: 0.9432
[Epoch 11 Iter 1600/1801] reconstruction loss: 0.0000202  rel_err: 0.8500
[Epoch 11 Iter 1650/1801] reconstruction loss: 0.0002719  rel_err: 1.5340
[Epoch 11 Iter 1700/1801] reconstruction loss: 0.0000138  rel_err: 0.7952
[Epoch 11 Iter 1750/1801] reconstruction loss: 0.0000217  rel_err: 0.8403
[Epoch 11 Iter 1800/1801] reconstruction loss: 0.0000156  rel_err: 0.8487
[Epoch 11] reconstruction loss: 0.0000224  rel_err: 0.8313
[Epoch 12 Iter 50/1801] reconstruction loss: 0.0000212  rel_err: 0.8404
[Epoch 12 Iter 100/1801] reconstruction loss: 0.0000194  rel_err: 0.8246
[Epoch 12 Iter 150/1801] reconstruction loss: 0.0000208  rel_err: 0.8591
[Epoch 12 Iter 200/1801] reconstruction loss: 0.0000195  rel_err: 0.8610
[Epoch 12 Iter 250/1801] reconstruction loss: 0.0000157  rel_err: 0.8172
[Epoch 12 Iter 300/1801] reconstruction loss: 0.0000378  rel_err: 0.8232
[Epoch 12 Iter 350/1801] reconstruction loss: 0.0000257  rel_err: 0.8364
[Epoch 12 Iter 400/1801] reconstruction loss: 0.0000153  rel_err: 0.8158
[Epoch 12 Iter 450/1801] reconstruction loss: 0.0000172  rel_err: 0.8664
[Epoch 12 Iter 500/1801] reconstruction loss: 0.0000199  rel_err: 0.7576
[Epoch 12 Iter 550/1801] reconstruction loss: 0.0000173  rel_err: 0.8410
[Epoch 12 Iter 600/1801] reconstruction loss: 0.0000166  rel_err: 0.7779
[Epoch 12 Iter 650/1801] reconstruction loss: 0.0000182  rel_err: 0.8213
[Epoch 12 Iter 700/1801] reconstruction loss: 0.0000404  rel_err: 0.8425
[Epoch 12 Iter 750/1801] reconstruction loss: 0.0000178  rel_err: 0.8423
[Epoch 12 Iter 800/1801] reconstruction loss: 0.0000195  rel_err: 0.8096
[Epoch 12 Iter 850/1801] reconstruction loss: 0.0000147  rel_err: 0.7998
[Epoch 12 Iter 900/1801] reconstruction loss: 0.0000201  rel_err: 0.8090
[Epoch 12 Iter 950/1801] reconstruction loss: 0.0000138  rel_err: 0.8162
[Epoch 12 Iter 1000/1801] reconstruction loss: 0.0000181  rel_err: 0.7967
[Epoch 12 Iter 1050/1801] reconstruction loss: 0.0000282  rel_err: 0.8289
[Epoch 12 Iter 1100/1801] reconstruction loss: 0.0000259  rel_err: 0.8705
[Epoch 12 Iter 1150/1801] reconstruction loss: 0.0000183  rel_err: 0.8061
[Epoch 12 Iter 1200/1801] reconstruction loss: 0.0000137  rel_err: 0.7833
[Epoch 12 Iter 1250/1801] reconstruction loss: 0.0000117  rel_err: 0.7994
[Epoch 12 Iter 1300/1801] reconstruction loss: 0.0000195  rel_err: 0.8291
[Epoch 12 Iter 1350/1801] reconstruction loss: 0.0000214  rel_err: 0.7910
[Epoch 12 Iter 1400/1801] reconstruction loss: 0.0000228  rel_err: 0.7928
[Epoch 12 Iter 1450/1801] reconstruction loss: 0.0000227  rel_err: 0.7865
[Epoch 12 Iter 1500/1801] reconstruction loss: 0.0000269  rel_err: 0.8268
[Epoch 12 Iter 1550/1801] reconstruction loss: 0.0000161  rel_err: 0.8242
[Epoch 12 Iter 1600/1801] reconstruction loss: 0.0000135  rel_err: 0.8389
[Epoch 12 Iter 1650/1801] reconstruction loss: 0.0000275  rel_err: 0.8568
[Epoch 12 Iter 1700/1801] reconstruction loss: 0.0000211  rel_err: 0.8330
[Epoch 12 Iter 1750/1801] reconstruction loss: 0.0000213  rel_err: 0.8244
[Epoch 12 Iter 1800/1801] reconstruction loss: 0.0000226  rel_err: 0.7694
[Epoch 12] reconstruction loss: 0.0000197  rel_err: 0.8207
[Epoch 13 Iter 50/1801] reconstruction loss: 0.0000283  rel_err: 0.8228
[Epoch 13 Iter 100/1801] reconstruction loss: 0.0000166  rel_err: 0.8732
[Epoch 13 Iter 150/1801] reconstruction loss: 0.0000158  rel_err: 0.7469
[Epoch 13 Iter 200/1801] reconstruction loss: 0.0000176  rel_err: 0.8105
[Epoch 13 Iter 250/1801] reconstruction loss: 0.0000258  rel_err: 0.8576
[Epoch 13 Iter 300/1801] reconstruction loss: 0.0000283  rel_err: 0.8327
[Epoch 13 Iter 350/1801] reconstruction loss: 0.0000201  rel_err: 0.8302
[Epoch 13 Iter 400/1801] reconstruction loss: 0.0000156  rel_err: 0.7590
[Epoch 13 Iter 450/1801] reconstruction loss: 0.0000170  rel_err: 0.8690
[Epoch 13 Iter 500/1801] reconstruction loss: 0.0000217  rel_err: 0.8510
[Epoch 13 Iter 550/1801] reconstruction loss: 0.0000188  rel_err: 0.8364
[Epoch 13 Iter 600/1801] reconstruction loss: 0.0000176  rel_err: 0.8039
[Epoch 13 Iter 650/1801] reconstruction loss: 0.0000222  rel_err: 0.8472
[Epoch 13 Iter 700/1801] reconstruction loss: 0.0000157  rel_err: 0.8243
[Epoch 13 Iter 750/1801] reconstruction loss: 0.0000193  rel_err: 0.8017
[Epoch 13 Iter 800/1801] reconstruction loss: 0.0000226  rel_err: 0.8548
[Epoch 13 Iter 850/1801] reconstruction loss: 0.0000166  rel_err: 0.7880
[Epoch 13 Iter 900/1801] reconstruction loss: 0.0000181  rel_err: 0.8371
[Epoch 13 Iter 950/1801] reconstruction loss: 0.0000187  rel_err: 0.8334
[Epoch 13 Iter 1000/1801] reconstruction loss: 0.0000176  rel_err: 0.8427
[Epoch 13 Iter 1050/1801] reconstruction loss: 0.0000181  rel_err: 0.8095
[Epoch 13 Iter 1100/1801] reconstruction loss: 0.0000179  rel_err: 0.8042
[Epoch 13 Iter 1150/1801] reconstruction loss: 0.0000152  rel_err: 0.8287
[Epoch 13 Iter 1200/1801] reconstruction loss: 0.0000183  rel_err: 0.8443
[Epoch 13 Iter 1250/1801] reconstruction loss: 0.0000178  rel_err: 0.7969
[Epoch 13 Iter 1300/1801] reconstruction loss: 0.0000342  rel_err: 0.8450
[Epoch 13 Iter 1350/1801] reconstruction loss: 0.0000144  rel_err: 0.8222
[Epoch 13 Iter 1400/1801] reconstruction loss: 0.0000179  rel_err: 0.7735
[Epoch 13 Iter 1450/1801] reconstruction loss: 0.0000252  rel_err: 0.8637
[Epoch 13 Iter 1500/1801] reconstruction loss: 0.0000125  rel_err: 0.7793
[Epoch 13 Iter 1550/1801] reconstruction loss: 0.0000141  rel_err: 0.8073
[Epoch 13 Iter 1600/1801] reconstruction loss: 0.0000228  rel_err: 0.8126
[Epoch 13 Iter 1650/1801] reconstruction loss: 0.0000203  rel_err: 0.8143
[Epoch 13 Iter 1700/1801] reconstruction loss: 0.0000126  rel_err: 0.7740
[Epoch 13 Iter 1750/1801] reconstruction loss: 0.0000129  rel_err: 0.8701
[Epoch 13 Iter 1800/1801] reconstruction loss: 0.0000230  rel_err: 0.7948
[Epoch 13] reconstruction loss: 0.0000196  rel_err: 0.8200
[Epoch 14 Iter 50/1801] reconstruction loss: 0.0000170  rel_err: 0.8612
[Epoch 14 Iter 100/1801] reconstruction loss: 0.0000201  rel_err: 0.7943
[Epoch 14 Iter 150/1801] reconstruction loss: 0.0000171  rel_err: 0.8119
[Epoch 14 Iter 200/1801] reconstruction loss: 0.0000179  rel_err: 0.8250
[Epoch 14 Iter 250/1801] reconstruction loss: 0.0000148  rel_err: 0.8282
[Epoch 14 Iter 300/1801] reconstruction loss: 0.0000340  rel_err: 0.8536
[Epoch 14 Iter 350/1801] reconstruction loss: 0.0000345  rel_err: 0.8449
[Epoch 14 Iter 400/1801] reconstruction loss: 0.0000158  rel_err: 0.7984
[Epoch 14 Iter 450/1801] reconstruction loss: 0.0000120  rel_err: 0.8346
[Epoch 14 Iter 500/1801] reconstruction loss: 0.0000185  rel_err: 0.8319
[Epoch 14 Iter 550/1801] reconstruction loss: 0.0000143  rel_err: 0.8008
[Epoch 14 Iter 600/1801] reconstruction loss: 0.0000182  rel_err: 0.7712
[Epoch 14 Iter 650/1801] reconstruction loss: 0.0000255  rel_err: 0.8201
[Epoch 14 Iter 700/1801] reconstruction loss: 0.0000134  rel_err: 0.7762
[Epoch 14 Iter 750/1801] reconstruction loss: 0.0000181  rel_err: 0.8275
[Epoch 14 Iter 800/1801] reconstruction loss: 0.0000144  rel_err: 0.8260
[Epoch 14 Iter 850/1801] reconstruction loss: 0.0000111  rel_err: 0.7822
[Epoch 14 Iter 900/1801] reconstruction loss: 0.0000163  rel_err: 0.7904
[Epoch 14 Iter 950/1801] reconstruction loss: 0.0000332  rel_err: 0.8623
[Epoch 14 Iter 1000/1801] reconstruction loss: 0.0000157  rel_err: 0.8030
[Epoch 14 Iter 1050/1801] reconstruction loss: 0.0000194  rel_err: 0.8220
[Epoch 14 Iter 1100/1801] reconstruction loss: 0.0000330  rel_err: 0.8751
[Epoch 14 Iter 1150/1801] reconstruction loss: 0.0000220  rel_err: 0.8119
[Epoch 14 Iter 1200/1801] reconstruction loss: 0.0000446  rel_err: 0.8768
[Epoch 14 Iter 1250/1801] reconstruction loss: 0.0000145  rel_err: 0.8229
[Epoch 14 Iter 1300/1801] reconstruction loss: 0.0000188  rel_err: 0.7916
[Epoch 14 Iter 1350/1801] reconstruction loss: 0.0000239  rel_err: 0.8218
[Epoch 14 Iter 1400/1801] reconstruction loss: 0.0000235  rel_err: 0.8903
[Epoch 14 Iter 1450/1801] reconstruction loss: 0.0000192  rel_err: 0.8288
[Epoch 14 Iter 1500/1801] reconstruction loss: 0.0000148  rel_err: 0.8165
[Epoch 14 Iter 1550/1801] reconstruction loss: 0.0000436  rel_err: 0.8448
[Epoch 14 Iter 1600/1801] reconstruction loss: 0.0000196  rel_err: 0.8762
[Epoch 14 Iter 1650/1801] reconstruction loss: 0.0000228  rel_err: 0.8164
[Epoch 14 Iter 1700/1801] reconstruction loss: 0.0000193  rel_err: 0.8473
[Epoch 14 Iter 1750/1801] reconstruction loss: 0.0000174  rel_err: 0.8152
[Epoch 14 Iter 1800/1801] reconstruction loss: 0.0000378  rel_err: 0.8423
[Epoch 14] reconstruction loss: 0.0000196  rel_err: 0.8208
[Epoch 15 Iter 50/1801] reconstruction loss: 0.0000186  rel_err: 0.7988
[Epoch 15 Iter 100/1801] reconstruction loss: 0.0000169  rel_err: 0.8950
[Epoch 15 Iter 150/1801] reconstruction loss: 0.0000150  rel_err: 0.8364
[Epoch 15 Iter 200/1801] reconstruction loss: 0.0000159  rel_err: 0.8366
[Epoch 15 Iter 250/1801] reconstruction loss: 0.0000167  rel_err: 0.7842
[Epoch 15 Iter 300/1801] reconstruction loss: 0.0000142  rel_err: 0.8460
[Epoch 15 Iter 350/1801] reconstruction loss: 0.0000117  rel_err: 0.8106
[Epoch 15 Iter 400/1801] reconstruction loss: 0.0000201  rel_err: 0.8101
[Epoch 15 Iter 450/1801] reconstruction loss: 0.0000167  rel_err: 0.7889
[Epoch 15 Iter 500/1801] reconstruction loss: 0.0000252  rel_err: 0.7919
[Epoch 15 Iter 550/1801] reconstruction loss: 0.0000212  rel_err: 0.8369
[Epoch 15 Iter 600/1801] reconstruction loss: 0.0000233  rel_err: 0.7958
[Epoch 15 Iter 650/1801] reconstruction loss: 0.0000140  rel_err: 0.8454
[Epoch 15 Iter 700/1801] reconstruction loss: 0.0000203  rel_err: 0.8429
[Epoch 15 Iter 750/1801] reconstruction loss: 0.0000264  rel_err: 0.8259
[Epoch 15 Iter 800/1801] reconstruction loss: 0.0000166  rel_err: 0.8368
[Epoch 15 Iter 850/1801] reconstruction loss: 0.0000155  rel_err: 0.8069
[Epoch 15 Iter 900/1801] reconstruction loss: 0.0000155  rel_err: 0.8429
[Epoch 15 Iter 950/1801] reconstruction loss: 0.0000197  rel_err: 0.7982
[Epoch 15 Iter 1000/1801] reconstruction loss: 0.0000211  rel_err: 0.8296
[Epoch 15 Iter 1050/1801] reconstruction loss: 0.0000181  rel_err: 0.8036
[Epoch 15 Iter 1100/1801] reconstruction loss: 0.0000128  rel_err: 0.8165
[Epoch 15 Iter 1150/1801] reconstruction loss: 0.0000245  rel_err: 0.8664
[Epoch 15 Iter 1200/1801] reconstruction loss: 0.0000190  rel_err: 0.8277
[Epoch 15 Iter 1250/1801] reconstruction loss: 0.0000165  rel_err: 0.8245
[Epoch 15 Iter 1300/1801] reconstruction loss: 0.0000157  rel_err: 0.7817
[Epoch 15 Iter 1350/1801] reconstruction loss: 0.0000904  rel_err: 0.8517
[Epoch 15 Iter 1400/1801] reconstruction loss: 0.0000133  rel_err: 0.8314
[Epoch 15 Iter 1450/1801] reconstruction loss: 0.0000138  rel_err: 0.8263
[Epoch 15 Iter 1500/1801] reconstruction loss: 0.0000276  rel_err: 0.7955
[Epoch 15 Iter 1550/1801] reconstruction loss: 0.0000121  rel_err: 0.8525
[Epoch 15 Iter 1600/1801] reconstruction loss: 0.0000146  rel_err: 0.7904
[Epoch 15 Iter 1650/1801] reconstruction loss: 0.0000132  rel_err: 0.8460
[Epoch 15 Iter 1700/1801] reconstruction loss: 0.0000184  rel_err: 0.8684
[Epoch 15 Iter 1750/1801] reconstruction loss: 0.0000256  rel_err: 0.8813
[Epoch 15 Iter 1800/1801] reconstruction loss: 0.0000390  rel_err: 0.8412
[Epoch 15] reconstruction loss: 0.0000199  rel_err: 0.8224
[Epoch 16 Iter 50/1801] reconstruction loss: 0.0000129  rel_err: 0.7959
[Epoch 16 Iter 100/1801] reconstruction loss: 0.0000130  rel_err: 0.7599
[Epoch 16 Iter 150/1801] reconstruction loss: 0.0000165  rel_err: 0.8366
[Epoch 16 Iter 200/1801] reconstruction loss: 0.0000169  rel_err: 0.8386
[Epoch 16 Iter 250/1801] reconstruction loss: 0.0000185  rel_err: 0.8534
[Epoch 16 Iter 300/1801] reconstruction loss: 0.0000187  rel_err: 0.8210
[Epoch 16 Iter 350/1801] reconstruction loss: 0.0000273  rel_err: 0.8773
[Epoch 16 Iter 400/1801] reconstruction loss: 0.0000151  rel_err: 0.8500
[Epoch 16 Iter 450/1801] reconstruction loss: 0.0000152  rel_err: 0.7725
[Epoch 16 Iter 500/1801] reconstruction loss: 0.0000209  rel_err: 0.8228
[Epoch 16 Iter 550/1801] reconstruction loss: 0.0000145  rel_err: 0.8315
[Epoch 16 Iter 600/1801] reconstruction loss: 0.0000179  rel_err: 0.7851
[Epoch 16 Iter 650/1801] reconstruction loss: 0.0000191  rel_err: 0.8125
[Epoch 16 Iter 700/1801] reconstruction loss: 0.0000150  rel_err: 0.8431
[Epoch 16 Iter 750/1801] reconstruction loss: 0.0000138  rel_err: 0.8096
[Epoch 16 Iter 800/1801] reconstruction loss: 0.0000223  rel_err: 0.8277
[Epoch 16 Iter 850/1801] reconstruction loss: 0.0000136  rel_err: 0.8644
[Epoch 16 Iter 900/1801] reconstruction loss: 0.0000149  rel_err: 0.8809
[Epoch 16 Iter 950/1801] reconstruction loss: 0.0000136  rel_err: 0.7646
[Epoch 16 Iter 1000/1801] reconstruction loss: 0.0000192  rel_err: 0.7999
[Epoch 16 Iter 1050/1801] reconstruction loss: 0.0000221  rel_err: 0.8202
[Epoch 16 Iter 1100/1801] reconstruction loss: 0.0000149  rel_err: 0.8259
[Epoch 16 Iter 1150/1801] reconstruction loss: 0.0000138  rel_err: 0.8136
[Epoch 16 Iter 1200/1801] reconstruction loss: 0.0000189  rel_err: 0.8289
[Epoch 16 Iter 1250/1801] reconstruction loss: 0.0000132  rel_err: 0.7993
[Epoch 16 Iter 1300/1801] reconstruction loss: 0.0000154  rel_err: 0.8310
[Epoch 16 Iter 1350/1801] reconstruction loss: 0.0000124  rel_err: 0.8225
[Epoch 16 Iter 1400/1801] reconstruction loss: 0.0000163  rel_err: 0.7937
[Epoch 16 Iter 1450/1801] reconstruction loss: 0.0000137  rel_err: 0.7845
[Epoch 16 Iter 1500/1801] reconstruction loss: 0.0000235  rel_err: 0.8206
[Epoch 16 Iter 1550/1801] reconstruction loss: 0.0000151  rel_err: 0.8413
[Epoch 16 Iter 1600/1801] reconstruction loss: 0.0000314  rel_err: 0.8548
[Epoch 16 Iter 1650/1801] reconstruction loss: 0.0000143  rel_err: 0.8255
[Epoch 16 Iter 1700/1801] reconstruction loss: 0.0000163  rel_err: 0.8392
[Epoch 16 Iter 1750/1801] reconstruction loss: 0.0000167  rel_err: 0.8334
[Epoch 16 Iter 1800/1801] reconstruction loss: 0.0000185  rel_err: 0.8329
[Epoch 16] reconstruction loss: 0.0000197  rel_err: 0.8223
[Epoch 17 Iter 50/1801] reconstruction loss: 0.0000219  rel_err: 0.8520
[Epoch 17 Iter 100/1801] reconstruction loss: 0.0000246  rel_err: 0.8113
[Epoch 17 Iter 150/1801] reconstruction loss: 0.0000215  rel_err: 0.8402
[Epoch 17 Iter 200/1801] reconstruction loss: 0.0000387  rel_err: 0.7985
[Epoch 17 Iter 250/1801] reconstruction loss: 0.0000147  rel_err: 0.8168
[Epoch 17 Iter 300/1801] reconstruction loss: 0.0000171  rel_err: 0.7877
[Epoch 17 Iter 350/1801] reconstruction loss: 0.0000234  rel_err: 0.8039
[Epoch 17 Iter 400/1801] reconstruction loss: 0.0000140  rel_err: 0.8114
[Epoch 17 Iter 450/1801] reconstruction loss: 0.0000232  rel_err: 0.8227
[Epoch 17 Iter 500/1801] reconstruction loss: 0.0000272  rel_err: 0.8331
[Epoch 17 Iter 550/1801] reconstruction loss: 0.0000229  rel_err: 0.8518
[Epoch 17 Iter 600/1801] reconstruction loss: 0.0000182  rel_err: 0.7987
[Epoch 17 Iter 650/1801] reconstruction loss: 0.0000358  rel_err: 0.8595
[Epoch 17 Iter 700/1801] reconstruction loss: 0.0000211  rel_err: 0.8281
[Epoch 17 Iter 750/1801] reconstruction loss: 0.0000202  rel_err: 0.8244
[Epoch 17 Iter 800/1801] reconstruction loss: 0.0000151  rel_err: 0.8401
[Epoch 17 Iter 850/1801] reconstruction loss: 0.0000206  rel_err: 0.8325
[Epoch 17 Iter 900/1801] reconstruction loss: 0.0000149  rel_err: 0.8141
[Epoch 17 Iter 950/1801] reconstruction loss: 0.0000254  rel_err: 0.8528
[Epoch 17 Iter 1000/1801] reconstruction loss: 0.0000270  rel_err: 0.8066
[Epoch 17 Iter 1050/1801] reconstruction loss: 0.0000197  rel_err: 0.7858
[Epoch 17 Iter 1100/1801] reconstruction loss: 0.0000162  rel_err: 0.8344
[Epoch 17 Iter 1150/1801] reconstruction loss: 0.0000139  rel_err: 0.8468
[Epoch 17 Iter 1200/1801] reconstruction loss: 0.0000191  rel_err: 0.8278
[Epoch 17 Iter 1250/1801] reconstruction loss: 0.0000159  rel_err: 0.8668
[Epoch 17 Iter 1300/1801] reconstruction loss: 0.0000184  rel_err: 0.8172
[Epoch 17 Iter 1350/1801] reconstruction loss: 0.0000376  rel_err: 0.8006
[Epoch 17 Iter 1400/1801] reconstruction loss: 0.0000163  rel_err: 0.8334
[Epoch 17 Iter 1450/1801] reconstruction loss: 0.0000133  rel_err: 0.8144
[Epoch 17 Iter 1500/1801] reconstruction loss: 0.0000151  rel_err: 0.7894
[Epoch 17 Iter 1550/1801] reconstruction loss: 0.0000221  rel_err: 0.8372
[Epoch 17 Iter 1600/1801] reconstruction loss: 0.0000170  rel_err: 0.8321
[Epoch 17 Iter 1650/1801] reconstruction loss: 0.0000140  rel_err: 0.8384
[Epoch 17 Iter 1700/1801] reconstruction loss: 0.0000292  rel_err: 0.8825
[Epoch 17 Iter 1750/1801] reconstruction loss: 0.0000202  rel_err: 0.8030
[Epoch 17 Iter 1800/1801] reconstruction loss: 0.0000165  rel_err: 0.8282
[Epoch 17] reconstruction loss: 0.0000198  rel_err: 0.8231
early stopping (no >0.5% improvement for 10 epochs)
