[ Using Seed :  657  ]
max_length: 2048
embedding_mode: lm
source: localization
  embeddings: /Users/vincentclifford/Downloads/deeploc_our_train_set_layer24.h5
  remapping:  data_files/deeploc_our_train_set_remapped.fasta
  key_format: hash
  size:       9391
source: meltome
  embeddings: /Users/vincentclifford/Downloads/human_cell_train_layer24.h5
  remapping:  data_files/flip_meltome/prepared/human_cell/human_cell_train_remapped.fasta
  key_format: hash
  size:       5013
union dataset size: 14404
device: mps
embeddings_dim: 1024
proj_dim: 48
trainable params: 98304
computing PCA init basis (one pass over data)...
initialized L, R from top-48 eigenvectors of avg second moment
[PCA init] reconstruction loss: 0.0000224  rel_err: 0.8498
saved checkpoint: /Users/vincentclifford/protein-localization/runs/cov_unsup_compare/union_seed657/cov_unsup_dc48.pt
[Epoch 1 Iter 50/1801] reconstruction loss: 0.0000219  rel_err: 0.8893
[Epoch 1 Iter 100/1801] reconstruction loss: 0.0000176  rel_err: 0.8806
[Epoch 1 Iter 150/1801] reconstruction loss: 0.0000142  rel_err: 0.8001
[Epoch 1 Iter 200/1801] reconstruction loss: 0.0000230  rel_err: 0.8329
[Epoch 1 Iter 250/1801] reconstruction loss: 0.0000205  rel_err: 0.8688
[Epoch 1 Iter 300/1801] reconstruction loss: 0.0000233  rel_err: 0.8592
[Epoch 1 Iter 350/1801] reconstruction loss: 0.0000241  rel_err: 0.8188
[Epoch 1 Iter 400/1801] reconstruction loss: 0.0000142  rel_err: 0.8417
[Epoch 1 Iter 450/1801] reconstruction loss: 0.0000475  rel_err: 0.8366
[Epoch 1 Iter 500/1801] reconstruction loss: 0.0000148  rel_err: 0.8168
[Epoch 1 Iter 550/1801] reconstruction loss: 0.0000129  rel_err: 0.8060
[Epoch 1 Iter 600/1801] reconstruction loss: 0.0000151  rel_err: 0.8180
[Epoch 1 Iter 650/1801] reconstruction loss: 0.0000161  rel_err: 0.8304
[Epoch 1 Iter 700/1801] reconstruction loss: 0.0000186  rel_err: 0.8397
[Epoch 1 Iter 750/1801] reconstruction loss: 0.0000307  rel_err: 0.8716
[Epoch 1 Iter 800/1801] reconstruction loss: 0.0000201  rel_err: 0.8430
[Epoch 1 Iter 850/1801] reconstruction loss: 0.0000175  rel_err: 0.8256
[Epoch 1 Iter 900/1801] reconstruction loss: 0.0000122  rel_err: 0.8072
[Epoch 1 Iter 950/1801] reconstruction loss: 0.0000198  rel_err: 0.8593
[Epoch 1 Iter 1000/1801] reconstruction loss: 0.0000291  rel_err: 0.7990
[Epoch 1 Iter 1050/1801] reconstruction loss: 0.0000137  rel_err: 0.8050
[Epoch 1 Iter 1100/1801] reconstruction loss: 0.0000138  rel_err: 0.8192
[Epoch 1 Iter 1150/1801] reconstruction loss: 0.0000196  rel_err: 0.8811
[Epoch 1 Iter 1200/1801] reconstruction loss: 0.0000186  rel_err: 0.8226
[Epoch 1 Iter 1250/1801] reconstruction loss: 0.0000187  rel_err: 0.8396
[Epoch 1 Iter 1300/1801] reconstruction loss: 0.0000152  rel_err: 0.8445
[Epoch 1 Iter 1350/1801] reconstruction loss: 0.0000432  rel_err: 0.8425
[Epoch 1 Iter 1400/1801] reconstruction loss: 0.0000146  rel_err: 0.8177
[Epoch 1 Iter 1450/1801] reconstruction loss: 0.0000201  rel_err: 0.8081
[Epoch 1 Iter 1500/1801] reconstruction loss: 0.0000157  rel_err: 0.8429
[Epoch 1 Iter 1550/1801] reconstruction loss: 0.0000134  rel_err: 0.7740
[Epoch 1 Iter 1600/1801] reconstruction loss: 0.0000133  rel_err: 0.7653
[Epoch 1 Iter 1650/1801] reconstruction loss: 0.0000174  rel_err: 0.8509
[Epoch 1 Iter 1700/1801] reconstruction loss: 0.0000147  rel_err: 0.8125
[Epoch 1 Iter 1750/1801] reconstruction loss: 0.0000153  rel_err: 0.7883
[Epoch 1 Iter 1800/1801] reconstruction loss: 0.0000142  rel_err: 0.7515
[Epoch 1] reconstruction loss: 0.0000205  rel_err: 0.8275
saved checkpoint: /Users/vincentclifford/protein-localization/runs/cov_unsup_compare/union_seed657/cov_unsup_dc48.pt
[Epoch 2 Iter 50/1801] reconstruction loss: 0.0000259  rel_err: 0.7625
[Epoch 2 Iter 100/1801] reconstruction loss: 0.0000163  rel_err: 0.7896
[Epoch 2 Iter 150/1801] reconstruction loss: 0.0000137  rel_err: 0.7674
[Epoch 2 Iter 200/1801] reconstruction loss: 0.0000222  rel_err: 0.8407
[Epoch 2 Iter 250/1801] reconstruction loss: 0.0000158  rel_err: 0.7667
[Epoch 2 Iter 300/1801] reconstruction loss: 0.0000130  rel_err: 0.8224
[Epoch 2 Iter 350/1801] reconstruction loss: 0.0000177  rel_err: 0.8017
[Epoch 2 Iter 400/1801] reconstruction loss: 0.0000223  rel_err: 0.8452
[Epoch 2 Iter 450/1801] reconstruction loss: 0.0000162  rel_err: 0.7870
[Epoch 2 Iter 500/1801] reconstruction loss: 0.0000310  rel_err: 0.7951
[Epoch 2 Iter 550/1801] reconstruction loss: 0.0000217  rel_err: 0.8246
[Epoch 2 Iter 600/1801] reconstruction loss: 0.0000242  rel_err: 0.7631
[Epoch 2 Iter 650/1801] reconstruction loss: 0.0000141  rel_err: 0.8161
[Epoch 2 Iter 700/1801] reconstruction loss: 0.0000143  rel_err: 0.7566
[Epoch 2 Iter 750/1801] reconstruction loss: 0.0000213  rel_err: 0.8508
[Epoch 2 Iter 800/1801] reconstruction loss: 0.0000175  rel_err: 0.8505
[Epoch 2 Iter 850/1801] reconstruction loss: 0.0000129  rel_err: 0.8446
[Epoch 2 Iter 900/1801] reconstruction loss: 0.0000144  rel_err: 0.7835
[Epoch 2 Iter 950/1801] reconstruction loss: 0.0000137  rel_err: 0.8130
[Epoch 2 Iter 1000/1801] reconstruction loss: 0.0000262  rel_err: 0.8913
[Epoch 2 Iter 1050/1801] reconstruction loss: 0.0000253  rel_err: 0.8288
[Epoch 2 Iter 1100/1801] reconstruction loss: 0.0000176  rel_err: 0.7804
[Epoch 2 Iter 1150/1801] reconstruction loss: 0.0000147  rel_err: 0.8084
[Epoch 2 Iter 1200/1801] reconstruction loss: 0.0000209  rel_err: 0.8074
[Epoch 2 Iter 1250/1801] reconstruction loss: 0.0000140  rel_err: 0.8465
[Epoch 2 Iter 1300/1801] reconstruction loss: 0.0000157  rel_err: 0.8239
[Epoch 2 Iter 1350/1801] reconstruction loss: 0.0000206  rel_err: 0.8140
[Epoch 2 Iter 1400/1801] reconstruction loss: 0.0000217  rel_err: 0.8279
[Epoch 2 Iter 1450/1801] reconstruction loss: 0.0000237  rel_err: 0.8508
[Epoch 2 Iter 1500/1801] reconstruction loss: 0.0000179  rel_err: 0.7889
[Epoch 2 Iter 1550/1801] reconstruction loss: 0.0000149  rel_err: 0.8246
[Epoch 2 Iter 1600/1801] reconstruction loss: 0.0000207  rel_err: 0.8491
[Epoch 2 Iter 1650/1801] reconstruction loss: 0.0000214  rel_err: 0.8668
[Epoch 2 Iter 1700/1801] reconstruction loss: 0.0000154  rel_err: 0.7938
[Epoch 2 Iter 1750/1801] reconstruction loss: 0.0000168  rel_err: 0.7691
[Epoch 2 Iter 1800/1801] reconstruction loss: 0.0000205  rel_err: 0.8380
[Epoch 2] reconstruction loss: 0.0000199  rel_err: 0.8218
saved checkpoint: /Users/vincentclifford/protein-localization/runs/cov_unsup_compare/union_seed657/cov_unsup_dc48.pt
[Epoch 3 Iter 50/1801] reconstruction loss: 0.0000243  rel_err: 0.8703
[Epoch 3 Iter 100/1801] reconstruction loss: 0.0000143  rel_err: 0.7906
[Epoch 3 Iter 150/1801] reconstruction loss: 0.0000264  rel_err: 0.8365
[Epoch 3 Iter 200/1801] reconstruction loss: 0.0000183  rel_err: 0.8344
[Epoch 3 Iter 250/1801] reconstruction loss: 0.0000200  rel_err: 0.8660
[Epoch 3 Iter 300/1801] reconstruction loss: 0.0000208  rel_err: 0.7671
[Epoch 3 Iter 350/1801] reconstruction loss: 0.0000167  rel_err: 0.7965
[Epoch 3 Iter 400/1801] reconstruction loss: 0.0000153  rel_err: 0.7811
[Epoch 3 Iter 450/1801] reconstruction loss: 0.0000146  rel_err: 0.8440
[Epoch 3 Iter 500/1801] reconstruction loss: 0.0000195  rel_err: 0.8358
[Epoch 3 Iter 550/1801] reconstruction loss: 0.0000334  rel_err: 0.8246
[Epoch 3 Iter 600/1801] reconstruction loss: 0.0000247  rel_err: 0.8204
[Epoch 3 Iter 650/1801] reconstruction loss: 0.0000244  rel_err: 0.8114
[Epoch 3 Iter 700/1801] reconstruction loss: 0.0000216  rel_err: 0.7818
[Epoch 3 Iter 750/1801] reconstruction loss: 0.0000175  rel_err: 0.8443
[Epoch 3 Iter 800/1801] reconstruction loss: 0.0000200  rel_err: 0.8458
[Epoch 3 Iter 850/1801] reconstruction loss: 0.0000280  rel_err: 0.8645
[Epoch 3 Iter 900/1801] reconstruction loss: 0.0000196  rel_err: 0.8169
[Epoch 3 Iter 950/1801] reconstruction loss: 0.0000172  rel_err: 0.8652
[Epoch 3 Iter 1000/1801] reconstruction loss: 0.0000136  rel_err: 0.8477
[Epoch 3 Iter 1050/1801] reconstruction loss: 0.0000190  rel_err: 0.8161
[Epoch 3 Iter 1100/1801] reconstruction loss: 0.0000117  rel_err: 0.7366
[Epoch 3 Iter 1150/1801] reconstruction loss: 0.0000237  rel_err: 0.8162
[Epoch 3 Iter 1200/1801] reconstruction loss: 0.0000155  rel_err: 0.7968
[Epoch 3 Iter 1250/1801] reconstruction loss: 0.0000202  rel_err: 0.8303
[Epoch 3 Iter 1300/1801] reconstruction loss: 0.0000127  rel_err: 0.8390
[Epoch 3 Iter 1350/1801] reconstruction loss: 0.0000201  rel_err: 0.8291
[Epoch 3 Iter 1400/1801] reconstruction loss: 0.0000154  rel_err: 0.8326
[Epoch 3 Iter 1450/1801] reconstruction loss: 0.0000282  rel_err: 0.8762
[Epoch 3 Iter 1500/1801] reconstruction loss: 0.0000148  rel_err: 0.7991
[Epoch 3 Iter 1550/1801] reconstruction loss: 0.0000181  rel_err: 0.7990
[Epoch 3 Iter 1600/1801] reconstruction loss: 0.0000133  rel_err: 0.8031
[Epoch 3 Iter 1650/1801] reconstruction loss: 0.0000188  rel_err: 0.8495
[Epoch 3 Iter 1700/1801] reconstruction loss: 0.0000135  rel_err: 0.8442
[Epoch 3 Iter 1750/1801] reconstruction loss: 0.0000155  rel_err: 0.8436
[Epoch 3 Iter 1800/1801] reconstruction loss: 0.0000229  rel_err: 0.7870
[Epoch 3] reconstruction loss: 0.0000200  rel_err: 0.8233
[Epoch 4 Iter 50/1801] reconstruction loss: 0.0000279  rel_err: 0.8518
[Epoch 4 Iter 100/1801] reconstruction loss: 0.0000279  rel_err: 0.7957
[Epoch 4 Iter 150/1801] reconstruction loss: 0.0000165  rel_err: 0.8626
[Epoch 4 Iter 200/1801] reconstruction loss: 0.0000207  rel_err: 0.8003
[Epoch 4 Iter 250/1801] reconstruction loss: 0.0000201  rel_err: 0.8849
[Epoch 4 Iter 300/1801] reconstruction loss: 0.0000268  rel_err: 0.8392
[Epoch 4 Iter 350/1801] reconstruction loss: 0.0000286  rel_err: 0.8397
[Epoch 4 Iter 400/1801] reconstruction loss: 0.0000223  rel_err: 0.7823
[Epoch 4 Iter 450/1801] reconstruction loss: 0.0000208  rel_err: 0.8261
[Epoch 4 Iter 500/1801] reconstruction loss: 0.0000251  rel_err: 0.8372
[Epoch 4 Iter 550/1801] reconstruction loss: 0.0000214  rel_err: 0.8294
[Epoch 4 Iter 600/1801] reconstruction loss: 0.0000151  rel_err: 0.8153
[Epoch 4 Iter 650/1801] reconstruction loss: 0.0000144  rel_err: 0.7937
[Epoch 4 Iter 700/1801] reconstruction loss: 0.0000160  rel_err: 0.8559
[Epoch 4 Iter 750/1801] reconstruction loss: 0.0000204  rel_err: 0.8518
[Epoch 4 Iter 800/1801] reconstruction loss: 0.0000212  rel_err: 0.8230
[Epoch 4 Iter 850/1801] reconstruction loss: 0.0000207  rel_err: 0.8397
[Epoch 4 Iter 900/1801] reconstruction loss: 0.0000173  rel_err: 0.8340
[Epoch 4 Iter 950/1801] reconstruction loss: 0.0000223  rel_err: 0.8659
[Epoch 4 Iter 1000/1801] reconstruction loss: 0.0000281  rel_err: 0.8199
[Epoch 4 Iter 1050/1801] reconstruction loss: 0.0000417  rel_err: 0.8729
[Epoch 4 Iter 1100/1801] reconstruction loss: 0.0000161  rel_err: 0.7893
[Epoch 4 Iter 1150/1801] reconstruction loss: 0.0000175  rel_err: 0.8078
[Epoch 4 Iter 1200/1801] reconstruction loss: 0.0000183  rel_err: 0.7918
[Epoch 4 Iter 1250/1801] reconstruction loss: 0.0000186  rel_err: 0.8513
[Epoch 4 Iter 1300/1801] reconstruction loss: 0.0000159  rel_err: 0.7963
[Epoch 4 Iter 1350/1801] reconstruction loss: 0.0000161  rel_err: 0.7775
[Epoch 4 Iter 1400/1801] reconstruction loss: 0.0000242  rel_err: 0.8175
[Epoch 4 Iter 1450/1801] reconstruction loss: 0.0000132  rel_err: 0.8047
[Epoch 4 Iter 1500/1801] reconstruction loss: 0.0000198  rel_err: 0.8160
[Epoch 4 Iter 1550/1801] reconstruction loss: 0.0000194  rel_err: 0.8213
[Epoch 4 Iter 1600/1801] reconstruction loss: 0.0000182  rel_err: 0.8440
[Epoch 4 Iter 1650/1801] reconstruction loss: 0.0000161  rel_err: 0.8045
[Epoch 4 Iter 1700/1801] reconstruction loss: 0.0000230  rel_err: 0.8033
[Epoch 4 Iter 1750/1801] reconstruction loss: 0.0000307  rel_err: 0.8138
[Epoch 4 Iter 1800/1801] reconstruction loss: 0.0000272  rel_err: 0.8551
[Epoch 4] reconstruction loss: 0.0000199  rel_err: 0.8223
saved checkpoint: /Users/vincentclifford/protein-localization/runs/cov_unsup_compare/union_seed657/cov_unsup_dc48.pt
[Epoch 5 Iter 50/1801] reconstruction loss: 0.0000161  rel_err: 0.7900
[Epoch 5 Iter 100/1801] reconstruction loss: 0.0000178  rel_err: 0.7907
[Epoch 5 Iter 150/1801] reconstruction loss: 0.0000225  rel_err: 0.8394
[Epoch 5 Iter 200/1801] reconstruction loss: 0.0000133  rel_err: 0.8090
[Epoch 5 Iter 250/1801] reconstruction loss: 0.0000159  rel_err: 0.8341
[Epoch 5 Iter 300/1801] reconstruction loss: 0.0000188  rel_err: 0.7643
[Epoch 5 Iter 350/1801] reconstruction loss: 0.0000249  rel_err: 0.8325
[Epoch 5 Iter 400/1801] reconstruction loss: 0.0000341  rel_err: 0.8621
[Epoch 5 Iter 450/1801] reconstruction loss: 0.0000138  rel_err: 0.8165
[Epoch 5 Iter 500/1801] reconstruction loss: 0.0000234  rel_err: 0.8370
[Epoch 5 Iter 550/1801] reconstruction loss: 0.0000172  rel_err: 0.8579
[Epoch 5 Iter 600/1801] reconstruction loss: 0.0000167  rel_err: 0.8349
[Epoch 5 Iter 650/1801] reconstruction loss: 0.0000154  rel_err: 0.7952
[Epoch 5 Iter 700/1801] reconstruction loss: 0.0000188  rel_err: 0.8350
[Epoch 5 Iter 750/1801] reconstruction loss: 0.0000198  rel_err: 0.8480
[Epoch 5 Iter 800/1801] reconstruction loss: 0.0000139  rel_err: 0.8120
[Epoch 5 Iter 850/1801] reconstruction loss: 0.0000158  rel_err: 0.8811
[Epoch 5 Iter 900/1801] reconstruction loss: 0.0000167  rel_err: 0.8221
[Epoch 5 Iter 950/1801] reconstruction loss: 0.0000154  rel_err: 0.8009
[Epoch 5 Iter 1000/1801] reconstruction loss: 0.0000199  rel_err: 0.7973
[Epoch 5 Iter 1050/1801] reconstruction loss: 0.0000290  rel_err: 0.8097
[Epoch 5 Iter 1100/1801] reconstruction loss: 0.0000187  rel_err: 0.8162
[Epoch 5 Iter 1150/1801] reconstruction loss: 0.0000210  rel_err: 0.8477
[Epoch 5 Iter 1200/1801] reconstruction loss: 0.0000176  rel_err: 0.8020
[Epoch 5 Iter 1250/1801] reconstruction loss: 0.0000205  rel_err: 0.8082
[Epoch 5 Iter 1300/1801] reconstruction loss: 0.0000224  rel_err: 0.8416
[Epoch 5 Iter 1350/1801] reconstruction loss: 0.0000290  rel_err: 0.8339
[Epoch 5 Iter 1400/1801] reconstruction loss: 0.0000157  rel_err: 0.8051
[Epoch 5 Iter 1450/1801] reconstruction loss: 0.0000154  rel_err: 0.8399
[Epoch 5 Iter 1500/1801] reconstruction loss: 0.0000151  rel_err: 0.8610
[Epoch 5 Iter 1550/1801] reconstruction loss: 0.0000155  rel_err: 0.8465
[Epoch 5 Iter 1600/1801] reconstruction loss: 0.0000284  rel_err: 0.7957
[Epoch 5 Iter 1650/1801] reconstruction loss: 0.0000168  rel_err: 0.7956
[Epoch 5 Iter 1700/1801] reconstruction loss: 0.0000242  rel_err: 0.7886
[Epoch 5 Iter 1750/1801] reconstruction loss: 0.0000181  rel_err: 0.8648
[Epoch 5 Iter 1800/1801] reconstruction loss: 0.0000207  rel_err: 0.8018
[Epoch 5] reconstruction loss: 0.0000199  rel_err: 0.8224
[Epoch 6 Iter 50/1801] reconstruction loss: 0.0000111  rel_err: 0.8071
[Epoch 6 Iter 100/1801] reconstruction loss: 0.0000204  rel_err: 0.8025
[Epoch 6 Iter 150/1801] reconstruction loss: 0.0000198  rel_err: 0.8506
[Epoch 6 Iter 200/1801] reconstruction loss: 0.0000156  rel_err: 0.8272
[Epoch 6 Iter 250/1801] reconstruction loss: 0.0000291  rel_err: 0.8039
[Epoch 6 Iter 300/1801] reconstruction loss: 0.0000149  rel_err: 0.8221
[Epoch 6 Iter 350/1801] reconstruction loss: 0.0000311  rel_err: 0.8546
[Epoch 6 Iter 400/1801] reconstruction loss: 0.0000168  rel_err: 0.8378
[Epoch 6 Iter 450/1801] reconstruction loss: 0.0000158  rel_err: 0.8473
[Epoch 6 Iter 500/1801] reconstruction loss: 0.0000194  rel_err: 0.8877
[Epoch 6 Iter 550/1801] reconstruction loss: 0.0000194  rel_err: 0.8452
[Epoch 6 Iter 600/1801] reconstruction loss: 0.0000178  rel_err: 0.8823
[Epoch 6 Iter 650/1801] reconstruction loss: 0.0000180  rel_err: 0.7970
[Epoch 6 Iter 700/1801] reconstruction loss: 0.0000172  rel_err: 0.7852
[Epoch 6 Iter 750/1801] reconstruction loss: 0.0000208  rel_err: 0.7896
[Epoch 6 Iter 800/1801] reconstruction loss: 0.0000154  rel_err: 0.8366
[Epoch 6 Iter 850/1801] reconstruction loss: 0.0000163  rel_err: 0.8376
[Epoch 6 Iter 900/1801] reconstruction loss: 0.0000130  rel_err: 0.8519
[Epoch 6 Iter 950/1801] reconstruction loss: 0.0000135  rel_err: 0.7977
[Epoch 6 Iter 1000/1801] reconstruction loss: 0.0000169  rel_err: 0.7722
[Epoch 6 Iter 1050/1801] reconstruction loss: 0.0000141  rel_err: 0.8120
[Epoch 6 Iter 1100/1801] reconstruction loss: 0.0000208  rel_err: 0.8483
[Epoch 6 Iter 1150/1801] reconstruction loss: 0.0000117  rel_err: 0.8221
[Epoch 6 Iter 1200/1801] reconstruction loss: 0.0000410  rel_err: 0.7889
[Epoch 6 Iter 1250/1801] reconstruction loss: 0.0000148  rel_err: 0.8600
[Epoch 6 Iter 1300/1801] reconstruction loss: 0.0000242  rel_err: 0.8354
[Epoch 6 Iter 1350/1801] reconstruction loss: 0.0000113  rel_err: 0.8599
[Epoch 6 Iter 1400/1801] reconstruction loss: 0.0000211  rel_err: 0.8368
[Epoch 6 Iter 1450/1801] reconstruction loss: 0.0000243  rel_err: 0.8604
[Epoch 6 Iter 1500/1801] reconstruction loss: 0.0000296  rel_err: 0.8124
[Epoch 6 Iter 1550/1801] reconstruction loss: 0.0000184  rel_err: 0.8571
[Epoch 6 Iter 1600/1801] reconstruction loss: 0.0000115  rel_err: 0.7950
[Epoch 6 Iter 1650/1801] reconstruction loss: 0.0000410  rel_err: 0.8377
[Epoch 6 Iter 1700/1801] reconstruction loss: 0.0000234  rel_err: 0.8678
[Epoch 6 Iter 1750/1801] reconstruction loss: 0.0000289  rel_err: 0.8606
[Epoch 6 Iter 1800/1801] reconstruction loss: 0.0000238  rel_err: 0.8416
[Epoch 6] reconstruction loss: 0.0000199  rel_err: 0.8227
[Epoch 7 Iter 50/1801] reconstruction loss: 0.0000139  rel_err: 0.7767
[Epoch 7 Iter 100/1801] reconstruction loss: 0.0000126  rel_err: 0.8177
[Epoch 7 Iter 150/1801] reconstruction loss: 0.0000170  rel_err: 0.7501
[Epoch 7 Iter 200/1801] reconstruction loss: 0.0000249  rel_err: 0.7538
[Epoch 7 Iter 250/1801] reconstruction loss: 0.0000248  rel_err: 0.8465
[Epoch 7 Iter 300/1801] reconstruction loss: 0.0000137  rel_err: 0.7995
[Epoch 7 Iter 350/1801] reconstruction loss: 0.0000182  rel_err: 0.8124
[Epoch 7 Iter 400/1801] reconstruction loss: 0.0000222  rel_err: 0.8393
[Epoch 7 Iter 450/1801] reconstruction loss: 0.0000126  rel_err: 0.8386
[Epoch 7 Iter 500/1801] reconstruction loss: 0.0000218  rel_err: 0.8630
[Epoch 7 Iter 550/1801] reconstruction loss: 0.0000149  rel_err: 0.8697
[Epoch 7 Iter 600/1801] reconstruction loss: 0.0000177  rel_err: 0.8700
[Epoch 7 Iter 650/1801] reconstruction loss: 0.0000125  rel_err: 0.7659
[Epoch 7 Iter 700/1801] reconstruction loss: 0.0000170  rel_err: 0.8051
[Epoch 7 Iter 750/1801] reconstruction loss: 0.0000248  rel_err: 0.8172
[Epoch 7 Iter 800/1801] reconstruction loss: 0.0000269  rel_err: 0.8263
[Epoch 7 Iter 850/1801] reconstruction loss: 0.0000183  rel_err: 0.8291
[Epoch 7 Iter 900/1801] reconstruction loss: 0.0000151  rel_err: 0.8069
[Epoch 7 Iter 950/1801] reconstruction loss: 0.0000159  rel_err: 0.8217
[Epoch 7 Iter 1000/1801] reconstruction loss: 0.0000171  rel_err: 0.8488
[Epoch 7 Iter 1050/1801] reconstruction loss: 0.0000166  rel_err: 0.8094
[Epoch 7 Iter 1100/1801] reconstruction loss: 0.0000227  rel_err: 0.8528
[Epoch 7 Iter 1150/1801] reconstruction loss: 0.0000194  rel_err: 0.8770
[Epoch 7 Iter 1200/1801] reconstruction loss: 0.0000164  rel_err: 0.8391
[Epoch 7 Iter 1250/1801] reconstruction loss: 0.0000168  rel_err: 0.7782
[Epoch 7 Iter 1300/1801] reconstruction loss: 0.0000233  rel_err: 0.8337
[Epoch 7 Iter 1350/1801] reconstruction loss: 0.0000209  rel_err: 0.8961
[Epoch 7 Iter 1400/1801] reconstruction loss: 0.0000216  rel_err: 0.8521
[Epoch 7 Iter 1450/1801] reconstruction loss: 0.0000158  rel_err: 0.7771
[Epoch 7 Iter 1500/1801] reconstruction loss: 0.0000200  rel_err: 0.8100
[Epoch 7 Iter 1550/1801] reconstruction loss: 0.0000238  rel_err: 0.8071
[Epoch 7 Iter 1600/1801] reconstruction loss: 0.0000235  rel_err: 0.8566
[Epoch 7 Iter 1650/1801] reconstruction loss: 0.0000135  rel_err: 0.8341
[Epoch 7 Iter 1700/1801] reconstruction loss: 0.0000139  rel_err: 0.8260
[Epoch 7 Iter 1750/1801] reconstruction loss: 0.0000151  rel_err: 0.8253
[Epoch 7 Iter 1800/1801] reconstruction loss: 0.0000189  rel_err: 0.8214
[Epoch 7] reconstruction loss: 0.0000200  rel_err: 0.8248
[Epoch 8 Iter 50/1801] reconstruction loss: 0.0000187  rel_err: 0.8295
[Epoch 8 Iter 100/1801] reconstruction loss: 0.0000192  rel_err: 0.8411
[Epoch 8 Iter 150/1801] reconstruction loss: 0.0000163  rel_err: 0.8248
[Epoch 8 Iter 200/1801] reconstruction loss: 0.0000164  rel_err: 0.8209
[Epoch 8 Iter 250/1801] reconstruction loss: 0.0000189  rel_err: 0.8499
[Epoch 8 Iter 300/1801] reconstruction loss: 0.0000220  rel_err: 0.7921
[Epoch 8 Iter 350/1801] reconstruction loss: 0.0000133  rel_err: 0.7842
[Epoch 8 Iter 400/1801] reconstruction loss: 0.0000274  rel_err: 0.8632
[Epoch 8 Iter 450/1801] reconstruction loss: 0.0000182  rel_err: 0.7630
[Epoch 8 Iter 500/1801] reconstruction loss: 0.0000230  rel_err: 0.8684
[Epoch 8 Iter 550/1801] reconstruction loss: 0.0000203  rel_err: 0.8615
[Epoch 8 Iter 600/1801] reconstruction loss: 0.0000199  rel_err: 0.8008
[Epoch 8 Iter 650/1801] reconstruction loss: 0.0000241  rel_err: 0.7901
[Epoch 8 Iter 700/1801] reconstruction loss: 0.0000178  rel_err: 0.7834
[Epoch 8 Iter 750/1801] reconstruction loss: 0.0000587  rel_err: 0.8119
[Epoch 8 Iter 800/1801] reconstruction loss: 0.0000164  rel_err: 0.8598
[Epoch 8 Iter 850/1801] reconstruction loss: 0.0000206  rel_err: 0.7950
[Epoch 8 Iter 900/1801] reconstruction loss: 0.0000136  rel_err: 0.8031
[Epoch 8 Iter 950/1801] reconstruction loss: 0.0000162  rel_err: 0.7727
[Epoch 8 Iter 1000/1801] reconstruction loss: 0.0000151  rel_err: 0.8315
[Epoch 8 Iter 1050/1801] reconstruction loss: 0.0000266  rel_err: 0.8330
[Epoch 8 Iter 1100/1801] reconstruction loss: 0.0000295  rel_err: 0.7784
[Epoch 8 Iter 1150/1801] reconstruction loss: 0.0000252  rel_err: 0.8334
[Epoch 8 Iter 1200/1801] reconstruction loss: 0.0000263  rel_err: 0.8241
[Epoch 8 Iter 1250/1801] reconstruction loss: 0.0000186  rel_err: 0.8493
[Epoch 8 Iter 1300/1801] reconstruction loss: 0.0000196  rel_err: 0.7911
[Epoch 8 Iter 1350/1801] reconstruction loss: 0.0000159  rel_err: 0.8414
[Epoch 8 Iter 1400/1801] reconstruction loss: 0.0000184  rel_err: 0.8136
[Epoch 8 Iter 1450/1801] reconstruction loss: 0.0000237  rel_err: 0.8294
[Epoch 8 Iter 1500/1801] reconstruction loss: 0.0000219  rel_err: 0.8534
[Epoch 8 Iter 1550/1801] reconstruction loss: 0.0000259  rel_err: 0.8126
[Epoch 8 Iter 1600/1801] reconstruction loss: 0.0000162  rel_err: 0.7717
[Epoch 8 Iter 1650/1801] reconstruction loss: 0.0000334  rel_err: 0.8408
[Epoch 8 Iter 1700/1801] reconstruction loss: 0.0000158  rel_err: 0.7929
[Epoch 8 Iter 1750/1801] reconstruction loss: 0.0000168  rel_err: 0.8497
[Epoch 8 Iter 1800/1801] reconstruction loss: 0.0000259  rel_err: 0.7877
[Epoch 8] reconstruction loss: 0.0000198  rel_err: 0.8230
saved checkpoint: /Users/vincentclifford/protein-localization/runs/cov_unsup_compare/union_seed657/cov_unsup_dc48.pt
[Epoch 9 Iter 50/1801] reconstruction loss: 0.0000336  rel_err: 0.8708
[Epoch 9 Iter 100/1801] reconstruction loss: 0.0000242  rel_err: 0.8237
[Epoch 9 Iter 150/1801] reconstruction loss: 0.0000140  rel_err: 0.8099
[Epoch 9 Iter 200/1801] reconstruction loss: 0.0000149  rel_err: 0.7854
[Epoch 9 Iter 250/1801] reconstruction loss: 0.0000222  rel_err: 0.8460
[Epoch 9 Iter 300/1801] reconstruction loss: 0.0000282  rel_err: 0.8945
[Epoch 9 Iter 350/1801] reconstruction loss: 0.0000224  rel_err: 0.8264
[Epoch 9 Iter 400/1801] reconstruction loss: 0.0000206  rel_err: 0.8491
[Epoch 9 Iter 450/1801] reconstruction loss: 0.0000110  rel_err: 0.8008
[Epoch 9 Iter 500/1801] reconstruction loss: 0.0000131  rel_err: 0.8634
[Epoch 9 Iter 550/1801] reconstruction loss: 0.0000140  rel_err: 0.7880
[Epoch 9 Iter 600/1801] reconstruction loss: 0.0000167  rel_err: 0.8432
[Epoch 9 Iter 650/1801] reconstruction loss: 0.0000368  rel_err: 0.8371
[Epoch 9 Iter 700/1801] reconstruction loss: 0.0000154  rel_err: 0.8046
[Epoch 9 Iter 750/1801] reconstruction loss: 0.0000192  rel_err: 0.8308
[Epoch 9 Iter 800/1801] reconstruction loss: 0.0000142  rel_err: 0.7828
[Epoch 9 Iter 850/1801] reconstruction loss: 0.0000291  rel_err: 0.8005
[Epoch 9 Iter 900/1801] reconstruction loss: 0.0000196  rel_err: 0.7392
[Epoch 9 Iter 950/1801] reconstruction loss: 0.0000135  rel_err: 0.8017
[Epoch 9 Iter 1000/1801] reconstruction loss: 0.0000208  rel_err: 0.7892
[Epoch 9 Iter 1050/1801] reconstruction loss: 0.0000336  rel_err: 0.8437
[Epoch 9 Iter 1100/1801] reconstruction loss: 0.0000199  rel_err: 0.8440
[Epoch 9 Iter 1150/1801] reconstruction loss: 0.0000142  rel_err: 0.8195
[Epoch 9 Iter 1200/1801] reconstruction loss: 0.0000130  rel_err: 0.8125
[Epoch 9 Iter 1250/1801] reconstruction loss: 0.0000217  rel_err: 0.8441
[Epoch 9 Iter 1300/1801] reconstruction loss: 0.0000129  rel_err: 0.8112
[Epoch 9 Iter 1350/1801] reconstruction loss: 0.0000133  rel_err: 0.7801
[Epoch 9 Iter 1400/1801] reconstruction loss: 0.0000176  rel_err: 0.8340
[Epoch 9 Iter 1450/1801] reconstruction loss: 0.0000169  rel_err: 0.8203
[Epoch 9 Iter 1500/1801] reconstruction loss: 0.0000147  rel_err: 0.8181
[Epoch 9 Iter 1550/1801] reconstruction loss: 0.0000206  rel_err: 0.8480
[Epoch 9 Iter 1600/1801] reconstruction loss: 0.0000231  rel_err: 0.8859
[Epoch 9 Iter 1650/1801] reconstruction loss: 0.0000178  rel_err: 0.8313
[Epoch 9 Iter 1700/1801] reconstruction loss: 0.0000237  rel_err: 0.8366
[Epoch 9 Iter 1750/1801] reconstruction loss: 0.0000145  rel_err: 0.8339
[Epoch 9 Iter 1800/1801] reconstruction loss: 0.0000191  rel_err: 0.8138
[Epoch 9] reconstruction loss: 0.0000198  rel_err: 0.8235
[Epoch 10 Iter 50/1801] reconstruction loss: 0.0000144  rel_err: 0.7985
[Epoch 10 Iter 100/1801] reconstruction loss: 0.0000170  rel_err: 0.7909
[Epoch 10 Iter 150/1801] reconstruction loss: 0.0000171  rel_err: 0.8520
[Epoch 10 Iter 200/1801] reconstruction loss: 0.0000189  rel_err: 0.8612
[Epoch 10 Iter 250/1801] reconstruction loss: 0.0000190  rel_err: 0.8419
[Epoch 10 Iter 300/1801] reconstruction loss: 0.0000168  rel_err: 0.7765
[Epoch 10 Iter 350/1801] reconstruction loss: 0.0000125  rel_err: 0.8328
[Epoch 10 Iter 400/1801] reconstruction loss: 0.0000228  rel_err: 0.8246
[Epoch 10 Iter 450/1801] reconstruction loss: 0.0000225  rel_err: 0.8767
[Epoch 10 Iter 500/1801] reconstruction loss: 0.0000273  rel_err: 0.8210
[Epoch 10 Iter 550/1801] reconstruction loss: 0.0000169  rel_err: 0.8276
[Epoch 10 Iter 600/1801] reconstruction loss: 0.0000208  rel_err: 0.8662
[Epoch 10 Iter 650/1801] reconstruction loss: 0.0000275  rel_err: 0.8281
[Epoch 10 Iter 700/1801] reconstruction loss: 0.0000193  rel_err: 0.8047
[Epoch 10 Iter 750/1801] reconstruction loss: 0.0000175  rel_err: 0.8382
[Epoch 10 Iter 800/1801] reconstruction loss: 0.0000175  rel_err: 0.7962
[Epoch 10 Iter 850/1801] reconstruction loss: 0.0000198  rel_err: 0.8125
[Epoch 10 Iter 900/1801] reconstruction loss: 0.0000163  rel_err: 0.8698
[Epoch 10 Iter 950/1801] reconstruction loss: 0.0000223  rel_err: 0.8163
[Epoch 10 Iter 1000/1801] reconstruction loss: 0.0000170  rel_err: 0.8237
[Epoch 10 Iter 1050/1801] reconstruction loss: 0.0000154  rel_err: 0.7868
[Epoch 10 Iter 1100/1801] reconstruction loss: 0.0000148  rel_err: 0.7915
[Epoch 10 Iter 1150/1801] reconstruction loss: 0.0000176  rel_err: 0.8356
[Epoch 10 Iter 1200/1801] reconstruction loss: 0.0000437  rel_err: 0.8165
[Epoch 10 Iter 1250/1801] reconstruction loss: 0.0000185  rel_err: 0.8227
[Epoch 10 Iter 1300/1801] reconstruction loss: 0.0000192  rel_err: 0.8464
[Epoch 10 Iter 1350/1801] reconstruction loss: 0.0000216  rel_err: 0.8147
[Epoch 10 Iter 1400/1801] reconstruction loss: 0.0000184  rel_err: 0.7983
[Epoch 10 Iter 1450/1801] reconstruction loss: 0.0000260  rel_err: 0.8223
[Epoch 10 Iter 1500/1801] reconstruction loss: 0.0000169  rel_err: 0.8194
[Epoch 10 Iter 1550/1801] reconstruction loss: 0.0000386  rel_err: 0.8158
[Epoch 10 Iter 1600/1801] reconstruction loss: 0.0000155  rel_err: 0.7896
[Epoch 10 Iter 1650/1801] reconstruction loss: 0.0000167  rel_err: 0.8234
[Epoch 10 Iter 1700/1801] reconstruction loss: 0.0000271  rel_err: 0.8184
[Epoch 10 Iter 1750/1801] reconstruction loss: 0.0000165  rel_err: 0.8183
[Epoch 10 Iter 1800/1801] reconstruction loss: 0.0000197  rel_err: 0.8586
[Epoch 10] reconstruction loss: 0.0000201  rel_err: 0.8256
[Epoch 11 Iter 50/1801] reconstruction loss: 0.0000198  rel_err: 0.7913
[Epoch 11 Iter 100/1801] reconstruction loss: 0.0000308  rel_err: 0.8056
[Epoch 11 Iter 150/1801] reconstruction loss: 0.0000259  rel_err: 0.7980
[Epoch 11 Iter 200/1801] reconstruction loss: 0.0000122  rel_err: 0.7728
[Epoch 11 Iter 250/1801] reconstruction loss: 0.0000303  rel_err: 0.8122
[Epoch 11 Iter 300/1801] reconstruction loss: 0.0000169  rel_err: 0.7532
[Epoch 11 Iter 350/1801] reconstruction loss: 0.0000219  rel_err: 0.7936
[Epoch 11 Iter 400/1801] reconstruction loss: 0.0000257  rel_err: 0.8350
[Epoch 11 Iter 450/1801] reconstruction loss: 0.0000209  rel_err: 0.8404
[Epoch 11 Iter 500/1801] reconstruction loss: 0.0000125  rel_err: 0.7883
[Epoch 11 Iter 550/1801] reconstruction loss: 0.0000296  rel_err: 0.8044
[Epoch 11 Iter 600/1801] reconstruction loss: 0.0000123  rel_err: 0.8177
[Epoch 11 Iter 650/1801] reconstruction loss: 0.0000180  rel_err: 0.8208
[Epoch 11 Iter 700/1801] reconstruction loss: 0.0000223  rel_err: 0.8605
[Epoch 11 Iter 750/1801] reconstruction loss: 0.0000208  rel_err: 0.8363
[Epoch 11 Iter 800/1801] reconstruction loss: 0.0000150  rel_err: 0.8453
[Epoch 11 Iter 850/1801] reconstruction loss: 0.0000130  rel_err: 0.8252
[Epoch 11 Iter 900/1801] reconstruction loss: 0.0000212  rel_err: 0.8045
[Epoch 11 Iter 950/1801] reconstruction loss: 0.0000136  rel_err: 0.8351
[Epoch 11 Iter 1000/1801] reconstruction loss: 0.0000215  rel_err: 0.7750
[Epoch 11 Iter 1050/1801] reconstruction loss: 0.0000192  rel_err: 0.8259
[Epoch 11 Iter 1100/1801] reconstruction loss: 0.0000207  rel_err: 0.7776
[Epoch 11 Iter 1150/1801] reconstruction loss: 0.0000139  rel_err: 0.8452
[Epoch 11 Iter 1200/1801] reconstruction loss: 0.0000166  rel_err: 0.7963
[Epoch 11 Iter 1250/1801] reconstruction loss: 0.0000246  rel_err: 0.8188
[Epoch 11 Iter 1300/1801] reconstruction loss: 0.0000177  rel_err: 0.8436
[Epoch 11 Iter 1350/1801] reconstruction loss: 0.0000192  rel_err: 0.8217
[Epoch 11 Iter 1400/1801] reconstruction loss: 0.0000220  rel_err: 0.7652
[Epoch 11 Iter 1450/1801] reconstruction loss: 0.0000211  rel_err: 0.8457
[Epoch 11 Iter 1500/1801] reconstruction loss: 0.0000436  rel_err: 0.9025
[Epoch 11 Iter 1550/1801] reconstruction loss: 0.0000232  rel_err: 0.7923
[Epoch 11 Iter 1600/1801] reconstruction loss: 0.0000399  rel_err: 1.1648
[Epoch 11 Iter 1650/1801] reconstruction loss: 0.0000322  rel_err: 0.8872
[Epoch 11 Iter 1700/1801] reconstruction loss: 0.0000254  rel_err: 0.9404
[Epoch 11 Iter 1750/1801] reconstruction loss: 0.0000219  rel_err: 0.8398
[Epoch 11 Iter 1800/1801] reconstruction loss: 0.0000181  rel_err: 0.8643
[Epoch 11] reconstruction loss: 0.0000242  rel_err: 0.8378
[Epoch 12 Iter 50/1801] reconstruction loss: 0.0000259  rel_err: 0.8694
[Epoch 12 Iter 100/1801] reconstruction loss: 0.0000186  rel_err: 0.8435
[Epoch 12 Iter 150/1801] reconstruction loss: 0.0000239  rel_err: 0.8435
[Epoch 12 Iter 200/1801] reconstruction loss: 0.0000172  rel_err: 0.8290
[Epoch 12 Iter 250/1801] reconstruction loss: 0.0000146  rel_err: 0.7852
[Epoch 12 Iter 300/1801] reconstruction loss: 0.0000131  rel_err: 0.8406
[Epoch 12 Iter 350/1801] reconstruction loss: 0.0000220  rel_err: 0.8535
[Epoch 12 Iter 400/1801] reconstruction loss: 0.0000158  rel_err: 0.8494
[Epoch 12 Iter 450/1801] reconstruction loss: 0.0000201  rel_err: 0.8101
[Epoch 12 Iter 500/1801] reconstruction loss: 0.0000209  rel_err: 0.7980
[Epoch 12 Iter 550/1801] reconstruction loss: 0.0000212  rel_err: 0.8637
[Epoch 12 Iter 600/1801] reconstruction loss: 0.0000259  rel_err: 0.8577
[Epoch 12 Iter 650/1801] reconstruction loss: 0.0000261  rel_err: 0.8599
[Epoch 12 Iter 700/1801] reconstruction loss: 0.0000216  rel_err: 0.8276
[Epoch 12 Iter 750/1801] reconstruction loss: 0.0000252  rel_err: 0.8125
[Epoch 12 Iter 800/1801] reconstruction loss: 0.0000200  rel_err: 0.8411
[Epoch 12 Iter 850/1801] reconstruction loss: 0.0000152  rel_err: 0.8683
[Epoch 12 Iter 900/1801] reconstruction loss: 0.0000206  rel_err: 0.7902
[Epoch 12 Iter 950/1801] reconstruction loss: 0.0000224  rel_err: 0.8024
[Epoch 12 Iter 1000/1801] reconstruction loss: 0.0000285  rel_err: 0.8171
[Epoch 12 Iter 1050/1801] reconstruction loss: 0.0000145  rel_err: 0.7971
[Epoch 12 Iter 1100/1801] reconstruction loss: 0.0000240  rel_err: 0.8144
[Epoch 12 Iter 1150/1801] reconstruction loss: 0.0000238  rel_err: 0.8744
[Epoch 12 Iter 1200/1801] reconstruction loss: 0.0000149  rel_err: 0.8407
[Epoch 12 Iter 1250/1801] reconstruction loss: 0.0000185  rel_err: 0.8115
[Epoch 12 Iter 1300/1801] reconstruction loss: 0.0000196  rel_err: 0.7754
[Epoch 12 Iter 1350/1801] reconstruction loss: 0.0000144  rel_err: 0.7923
[Epoch 12 Iter 1400/1801] reconstruction loss: 0.0000199  rel_err: 0.7940
[Epoch 12 Iter 1450/1801] reconstruction loss: 0.0000148  rel_err: 0.8056
[Epoch 12 Iter 1500/1801] reconstruction loss: 0.0000173  rel_err: 0.8581
[Epoch 12 Iter 1550/1801] reconstruction loss: 0.0000284  rel_err: 0.7410
[Epoch 12 Iter 1600/1801] reconstruction loss: 0.0000161  rel_err: 0.8548
[Epoch 12 Iter 1650/1801] reconstruction loss: 0.0000312  rel_err: 0.8647
[Epoch 12 Iter 1700/1801] reconstruction loss: 0.0000192  rel_err: 0.7893
[Epoch 12 Iter 1750/1801] reconstruction loss: 0.0000171  rel_err: 0.8212
[Epoch 12 Iter 1800/1801] reconstruction loss: 0.0000135  rel_err: 0.8310
[Epoch 12] reconstruction loss: 0.0000198  rel_err: 0.8214
saved checkpoint: /Users/vincentclifford/protein-localization/runs/cov_unsup_compare/union_seed657/cov_unsup_dc48.pt
early stopping (no >0.5% improvement for 10 epochs)
