[ Using Seed :  921  ]
max_length: 2048
embedding_mode: lm
source: localization
  embeddings: /Users/vincentclifford/Downloads/deeploc_our_train_set_layer24.h5
  remapping:  data_files/deeploc_our_train_set_remapped.fasta
  key_format: hash
  size:       9391
source: meltome
  embeddings: /Users/vincentclifford/Downloads/human_cell_train_layer24.h5
  remapping:  data_files/flip_meltome/prepared/human_cell/human_cell_train_remapped.fasta
  key_format: hash
  size:       5013
union dataset size: 14404
device: mps
embeddings_dim: 1024
proj_dim: 48
trainable params: 98304
computing PCA init basis (one pass over data)...
initialized L, R from top-48 eigenvectors of avg second moment
[PCA init] reconstruction loss: 0.0000224  rel_err: 0.8498
saved checkpoint: /Users/vincentclifford/protein-localization/runs/cov_unsup_compare/union_seed921/cov_unsup_dc48.pt
[Epoch 1 Iter 50/1801] reconstruction loss: 0.0000197  rel_err: 0.8125
[Epoch 1 Iter 100/1801] reconstruction loss: 0.0000243  rel_err: 0.8260
[Epoch 1 Iter 150/1801] reconstruction loss: 0.0000251  rel_err: 0.8505
[Epoch 1 Iter 200/1801] reconstruction loss: 0.0000230  rel_err: 0.8687
[Epoch 1 Iter 250/1801] reconstruction loss: 0.0000156  rel_err: 0.8404
[Epoch 1 Iter 300/1801] reconstruction loss: 0.0000432  rel_err: 0.8534
[Epoch 1 Iter 350/1801] reconstruction loss: 0.0000274  rel_err: 0.8122
[Epoch 1 Iter 400/1801] reconstruction loss: 0.0000209  rel_err: 0.8218
[Epoch 1 Iter 450/1801] reconstruction loss: 0.0000251  rel_err: 0.8214
[Epoch 1 Iter 500/1801] reconstruction loss: 0.0000157  rel_err: 0.8516
[Epoch 1 Iter 550/1801] reconstruction loss: 0.0000215  rel_err: 0.8163
[Epoch 1 Iter 600/1801] reconstruction loss: 0.0000236  rel_err: 0.8352
[Epoch 1 Iter 650/1801] reconstruction loss: 0.0000194  rel_err: 0.8344
[Epoch 1 Iter 700/1801] reconstruction loss: 0.0000245  rel_err: 0.8213
[Epoch 1 Iter 750/1801] reconstruction loss: 0.0000187  rel_err: 0.7987
[Epoch 1 Iter 800/1801] reconstruction loss: 0.0000132  rel_err: 0.7959
[Epoch 1 Iter 850/1801] reconstruction loss: 0.0000180  rel_err: 0.8516
[Epoch 1 Iter 900/1801] reconstruction loss: 0.0000137  rel_err: 0.8340
[Epoch 1 Iter 950/1801] reconstruction loss: 0.0000216  rel_err: 0.8670
[Epoch 1 Iter 1000/1801] reconstruction loss: 0.0000124  rel_err: 0.7532
[Epoch 1 Iter 1050/1801] reconstruction loss: 0.0000197  rel_err: 0.8493
[Epoch 1 Iter 1100/1801] reconstruction loss: 0.0000168  rel_err: 0.8144
[Epoch 1 Iter 1150/1801] reconstruction loss: 0.0000117  rel_err: 0.7856
[Epoch 1 Iter 1200/1801] reconstruction loss: 0.0000200  rel_err: 0.8810
[Epoch 1 Iter 1250/1801] reconstruction loss: 0.0000403  rel_err: 0.8208
[Epoch 1 Iter 1300/1801] reconstruction loss: 0.0000169  rel_err: 0.8369
[Epoch 1 Iter 1350/1801] reconstruction loss: 0.0000197  rel_err: 0.8410
[Epoch 1 Iter 1400/1801] reconstruction loss: 0.0000116  rel_err: 0.8180
[Epoch 1 Iter 1450/1801] reconstruction loss: 0.0000237  rel_err: 0.9002
[Epoch 1 Iter 1500/1801] reconstruction loss: 0.0000176  rel_err: 0.8405
[Epoch 1 Iter 1550/1801] reconstruction loss: 0.0000199  rel_err: 0.8312
[Epoch 1 Iter 1600/1801] reconstruction loss: 0.0000211  rel_err: 0.7938
[Epoch 1 Iter 1650/1801] reconstruction loss: 0.0000122  rel_err: 0.7980
[Epoch 1 Iter 1700/1801] reconstruction loss: 0.0000251  rel_err: 0.8013
[Epoch 1 Iter 1750/1801] reconstruction loss: 0.0000156  rel_err: 0.8103
[Epoch 1 Iter 1800/1801] reconstruction loss: 0.0000251  rel_err: 0.8129
[Epoch 1] reconstruction loss: 0.0000205  rel_err: 0.8275
saved checkpoint: /Users/vincentclifford/protein-localization/runs/cov_unsup_compare/union_seed921/cov_unsup_dc48.pt
[Epoch 2 Iter 50/1801] reconstruction loss: 0.0000170  rel_err: 0.8457
[Epoch 2 Iter 100/1801] reconstruction loss: 0.0000215  rel_err: 0.8528
[Epoch 2 Iter 150/1801] reconstruction loss: 0.0000141  rel_err: 0.8018
[Epoch 2 Iter 200/1801] reconstruction loss: 0.0000246  rel_err: 0.8109
[Epoch 2 Iter 250/1801] reconstruction loss: 0.0000235  rel_err: 0.8451
[Epoch 2 Iter 300/1801] reconstruction loss: 0.0000116  rel_err: 0.7632
[Epoch 2 Iter 350/1801] reconstruction loss: 0.0000158  rel_err: 0.8458
[Epoch 2 Iter 400/1801] reconstruction loss: 0.0000208  rel_err: 0.8459
[Epoch 2 Iter 450/1801] reconstruction loss: 0.0000228  rel_err: 0.7761
[Epoch 2 Iter 500/1801] reconstruction loss: 0.0000271  rel_err: 0.8337
[Epoch 2 Iter 550/1801] reconstruction loss: 0.0000201  rel_err: 0.8002
[Epoch 2 Iter 600/1801] reconstruction loss: 0.0000288  rel_err: 0.8508
[Epoch 2 Iter 650/1801] reconstruction loss: 0.0000193  rel_err: 0.8508
[Epoch 2 Iter 700/1801] reconstruction loss: 0.0000134  rel_err: 0.7966
[Epoch 2 Iter 750/1801] reconstruction loss: 0.0000210  rel_err: 0.8038
[Epoch 2 Iter 800/1801] reconstruction loss: 0.0000185  rel_err: 0.8041
[Epoch 2 Iter 850/1801] reconstruction loss: 0.0000370  rel_err: 0.7935
[Epoch 2 Iter 900/1801] reconstruction loss: 0.0000154  rel_err: 0.7957
[Epoch 2 Iter 950/1801] reconstruction loss: 0.0000211  rel_err: 0.8570
[Epoch 2 Iter 1000/1801] reconstruction loss: 0.0000201  rel_err: 0.7731
[Epoch 2 Iter 1050/1801] reconstruction loss: 0.0000180  rel_err: 0.8164
[Epoch 2 Iter 1100/1801] reconstruction loss: 0.0000249  rel_err: 0.8116
[Epoch 2 Iter 1150/1801] reconstruction loss: 0.0000176  rel_err: 0.8765
[Epoch 2 Iter 1200/1801] reconstruction loss: 0.0000189  rel_err: 0.8195
[Epoch 2 Iter 1250/1801] reconstruction loss: 0.0000145  rel_err: 0.8273
[Epoch 2 Iter 1300/1801] reconstruction loss: 0.0000151  rel_err: 0.8484
[Epoch 2 Iter 1350/1801] reconstruction loss: 0.0000157  rel_err: 0.8582
[Epoch 2 Iter 1400/1801] reconstruction loss: 0.0000128  rel_err: 0.8022
[Epoch 2 Iter 1450/1801] reconstruction loss: 0.0000264  rel_err: 0.8487
[Epoch 2 Iter 1500/1801] reconstruction loss: 0.0000106  rel_err: 0.7875
[Epoch 2 Iter 1550/1801] reconstruction loss: 0.0000142  rel_err: 0.7979
[Epoch 2 Iter 1600/1801] reconstruction loss: 0.0000157  rel_err: 0.7702
[Epoch 2 Iter 1650/1801] reconstruction loss: 0.0000251  rel_err: 0.8458
[Epoch 2 Iter 1700/1801] reconstruction loss: 0.0000141  rel_err: 0.8470
[Epoch 2 Iter 1750/1801] reconstruction loss: 0.0000184  rel_err: 0.7962
[Epoch 2 Iter 1800/1801] reconstruction loss: 0.0000128  rel_err: 0.8082
[Epoch 2] reconstruction loss: 0.0000200  rel_err: 0.8231
saved checkpoint: /Users/vincentclifford/protein-localization/runs/cov_unsup_compare/union_seed921/cov_unsup_dc48.pt
[Epoch 3 Iter 50/1801] reconstruction loss: 0.0000204  rel_err: 0.8492
[Epoch 3 Iter 100/1801] reconstruction loss: 0.0000178  rel_err: 0.8097
[Epoch 3 Iter 150/1801] reconstruction loss: 0.0000167  rel_err: 0.8141
[Epoch 3 Iter 200/1801] reconstruction loss: 0.0000143  rel_err: 0.7786
[Epoch 3 Iter 250/1801] reconstruction loss: 0.0000152  rel_err: 0.8121
[Epoch 3 Iter 300/1801] reconstruction loss: 0.0000167  rel_err: 0.8531
[Epoch 3 Iter 350/1801] reconstruction loss: 0.0000167  rel_err: 0.8800
[Epoch 3 Iter 400/1801] reconstruction loss: 0.0000180  rel_err: 0.8585
[Epoch 3 Iter 450/1801] reconstruction loss: 0.0000221  rel_err: 0.7846
[Epoch 3 Iter 500/1801] reconstruction loss: 0.0000161  rel_err: 0.7570
[Epoch 3 Iter 550/1801] reconstruction loss: 0.0000225  rel_err: 0.8145
[Epoch 3 Iter 600/1801] reconstruction loss: 0.0000161  rel_err: 0.8461
[Epoch 3 Iter 650/1801] reconstruction loss: 0.0000126  rel_err: 0.8313
[Epoch 3 Iter 700/1801] reconstruction loss: 0.0000155  rel_err: 0.8622
[Epoch 3 Iter 750/1801] reconstruction loss: 0.0000151  rel_err: 0.7993
[Epoch 3 Iter 800/1801] reconstruction loss: 0.0000165  rel_err: 0.8084
[Epoch 3 Iter 850/1801] reconstruction loss: 0.0000214  rel_err: 0.8242
[Epoch 3 Iter 900/1801] reconstruction loss: 0.0000174  rel_err: 0.7744
[Epoch 3 Iter 950/1801] reconstruction loss: 0.0000162  rel_err: 0.8100
[Epoch 3 Iter 1000/1801] reconstruction loss: 0.0000232  rel_err: 0.8172
[Epoch 3 Iter 1050/1801] reconstruction loss: 0.0000139  rel_err: 0.8169
[Epoch 3 Iter 1100/1801] reconstruction loss: 0.0000169  rel_err: 0.7684
[Epoch 3 Iter 1150/1801] reconstruction loss: 0.0000178  rel_err: 0.8428
[Epoch 3 Iter 1200/1801] reconstruction loss: 0.0000348  rel_err: 0.8483
[Epoch 3 Iter 1250/1801] reconstruction loss: 0.0000186  rel_err: 0.7952
[Epoch 3 Iter 1300/1801] reconstruction loss: 0.0000122  rel_err: 0.7916
[Epoch 3 Iter 1350/1801] reconstruction loss: 0.0000116  rel_err: 0.7872
[Epoch 3 Iter 1400/1801] reconstruction loss: 0.0000137  rel_err: 0.7815
[Epoch 3 Iter 1450/1801] reconstruction loss: 0.0000234  rel_err: 0.8018
[Epoch 3 Iter 1500/1801] reconstruction loss: 0.0000170  rel_err: 0.8353
[Epoch 3 Iter 1550/1801] reconstruction loss: 0.0000263  rel_err: 0.8083
[Epoch 3 Iter 1600/1801] reconstruction loss: 0.0000189  rel_err: 0.8097
[Epoch 3 Iter 1650/1801] reconstruction loss: 0.0000158  rel_err: 0.8097
[Epoch 3 Iter 1700/1801] reconstruction loss: 0.0000302  rel_err: 0.8446
[Epoch 3 Iter 1750/1801] reconstruction loss: 0.0000224  rel_err: 0.8304
[Epoch 3 Iter 1800/1801] reconstruction loss: 0.0000217  rel_err: 0.8243
[Epoch 3] reconstruction loss: 0.0000199  rel_err: 0.8219
saved checkpoint: /Users/vincentclifford/protein-localization/runs/cov_unsup_compare/union_seed921/cov_unsup_dc48.pt
[Epoch 4 Iter 50/1801] reconstruction loss: 0.0000186  rel_err: 0.7951
[Epoch 4 Iter 100/1801] reconstruction loss: 0.0000176  rel_err: 0.7970
[Epoch 4 Iter 150/1801] reconstruction loss: 0.0000139  rel_err: 0.8401
[Epoch 4 Iter 200/1801] reconstruction loss: 0.0000175  rel_err: 0.8283
[Epoch 4 Iter 250/1801] reconstruction loss: 0.0000308  rel_err: 0.8519
[Epoch 4 Iter 300/1801] reconstruction loss: 0.0000176  rel_err: 0.8360
[Epoch 4 Iter 350/1801] reconstruction loss: 0.0000186  rel_err: 0.8045
[Epoch 4 Iter 400/1801] reconstruction loss: 0.0000194  rel_err: 0.8274
[Epoch 4 Iter 450/1801] reconstruction loss: 0.0000153  rel_err: 0.8012
[Epoch 4 Iter 500/1801] reconstruction loss: 0.0000127  rel_err: 0.8340
[Epoch 4 Iter 550/1801] reconstruction loss: 0.0000211  rel_err: 0.8071
[Epoch 4 Iter 600/1801] reconstruction loss: 0.0000258  rel_err: 0.8039
[Epoch 4 Iter 650/1801] reconstruction loss: 0.0000226  rel_err: 0.7955
[Epoch 4 Iter 700/1801] reconstruction loss: 0.0000142  rel_err: 0.8258
[Epoch 4 Iter 750/1801] reconstruction loss: 0.0000193  rel_err: 0.8247
[Epoch 4 Iter 800/1801] reconstruction loss: 0.0000140  rel_err: 0.8358
[Epoch 4 Iter 850/1801] reconstruction loss: 0.0000183  rel_err: 0.8120
[Epoch 4 Iter 900/1801] reconstruction loss: 0.0000283  rel_err: 0.8887
[Epoch 4 Iter 950/1801] reconstruction loss: 0.0000126  rel_err: 0.7974
[Epoch 4 Iter 1000/1801] reconstruction loss: 0.0000132  rel_err: 0.8426
[Epoch 4 Iter 1050/1801] reconstruction loss: 0.0000231  rel_err: 0.8164
[Epoch 4 Iter 1100/1801] reconstruction loss: 0.0000264  rel_err: 0.8305
[Epoch 4 Iter 1150/1801] reconstruction loss: 0.0000156  rel_err: 0.7690
[Epoch 4 Iter 1200/1801] reconstruction loss: 0.0000215  rel_err: 0.8204
[Epoch 4 Iter 1250/1801] reconstruction loss: 0.0000198  rel_err: 0.8246
[Epoch 4 Iter 1300/1801] reconstruction loss: 0.0000246  rel_err: 0.8395
[Epoch 4 Iter 1350/1801] reconstruction loss: 0.0000180  rel_err: 0.8162
[Epoch 4 Iter 1400/1801] reconstruction loss: 0.0000158  rel_err: 0.8129
[Epoch 4 Iter 1450/1801] reconstruction loss: 0.0000182  rel_err: 0.8068
[Epoch 4 Iter 1500/1801] reconstruction loss: 0.0000259  rel_err: 0.8641
[Epoch 4 Iter 1550/1801] reconstruction loss: 0.0000187  rel_err: 0.8055
[Epoch 4 Iter 1600/1801] reconstruction loss: 0.0000143  rel_err: 0.8223
[Epoch 4 Iter 1650/1801] reconstruction loss: 0.0000163  rel_err: 0.8498
[Epoch 4 Iter 1700/1801] reconstruction loss: 0.0000202  rel_err: 0.8419
[Epoch 4 Iter 1750/1801] reconstruction loss: 0.0000168  rel_err: 0.8325
[Epoch 4 Iter 1800/1801] reconstruction loss: 0.0000159  rel_err: 0.8423
[Epoch 4] reconstruction loss: 0.0000199  rel_err: 0.8229
[Epoch 5 Iter 50/1801] reconstruction loss: 0.0000175  rel_err: 0.7984
[Epoch 5 Iter 100/1801] reconstruction loss: 0.0000286  rel_err: 0.8629
[Epoch 5 Iter 150/1801] reconstruction loss: 0.0000162  rel_err: 0.8688
[Epoch 5 Iter 200/1801] reconstruction loss: 0.0000217  rel_err: 0.8251
[Epoch 5 Iter 250/1801] reconstruction loss: 0.0000341  rel_err: 0.8360
[Epoch 5 Iter 300/1801] reconstruction loss: 0.0000138  rel_err: 0.8332
[Epoch 5 Iter 350/1801] reconstruction loss: 0.0000143  rel_err: 0.8119
[Epoch 5 Iter 400/1801] reconstruction loss: 0.0000170  rel_err: 0.8315
[Epoch 5 Iter 450/1801] reconstruction loss: 0.0000151  rel_err: 0.7990
[Epoch 5 Iter 500/1801] reconstruction loss: 0.0000295  rel_err: 0.8671
[Epoch 5 Iter 550/1801] reconstruction loss: 0.0000195  rel_err: 0.8438
[Epoch 5 Iter 600/1801] reconstruction loss: 0.0000205  rel_err: 0.8393
[Epoch 5 Iter 650/1801] reconstruction loss: 0.0000345  rel_err: 0.8262
[Epoch 5 Iter 700/1801] reconstruction loss: 0.0000282  rel_err: 0.8413
[Epoch 5 Iter 750/1801] reconstruction loss: 0.0000118  rel_err: 0.8450
[Epoch 5 Iter 800/1801] reconstruction loss: 0.0000137  rel_err: 0.8042
[Epoch 5 Iter 850/1801] reconstruction loss: 0.0000142  rel_err: 0.8256
[Epoch 5 Iter 900/1801] reconstruction loss: 0.0000215  rel_err: 0.7905
[Epoch 5 Iter 950/1801] reconstruction loss: 0.0000189  rel_err: 0.8182
[Epoch 5 Iter 1000/1801] reconstruction loss: 0.0000230  rel_err: 0.7883
[Epoch 5 Iter 1050/1801] reconstruction loss: 0.0000199  rel_err: 0.8231
[Epoch 5 Iter 1100/1801] reconstruction loss: 0.0000151  rel_err: 0.8186
[Epoch 5 Iter 1150/1801] reconstruction loss: 0.0000231  rel_err: 0.8575
[Epoch 5 Iter 1200/1801] reconstruction loss: 0.0000109  rel_err: 0.8000
[Epoch 5 Iter 1250/1801] reconstruction loss: 0.0000213  rel_err: 0.8004
[Epoch 5 Iter 1300/1801] reconstruction loss: 0.0000132  rel_err: 0.7919
[Epoch 5 Iter 1350/1801] reconstruction loss: 0.0000145  rel_err: 0.8369
[Epoch 5 Iter 1400/1801] reconstruction loss: 0.0000209  rel_err: 0.8292
[Epoch 5 Iter 1450/1801] reconstruction loss: 0.0000158  rel_err: 0.8219
[Epoch 5 Iter 1500/1801] reconstruction loss: 0.0000217  rel_err: 0.8274
[Epoch 5 Iter 1550/1801] reconstruction loss: 0.0000213  rel_err: 0.8234
[Epoch 5 Iter 1600/1801] reconstruction loss: 0.0000161  rel_err: 0.7730
[Epoch 5 Iter 1650/1801] reconstruction loss: 0.0000198  rel_err: 0.8735
[Epoch 5 Iter 1700/1801] reconstruction loss: 0.0000189  rel_err: 0.8518
[Epoch 5 Iter 1750/1801] reconstruction loss: 0.0000155  rel_err: 0.8206
[Epoch 5 Iter 1800/1801] reconstruction loss: 0.0000244  rel_err: 0.8276
[Epoch 5] reconstruction loss: 0.0000199  rel_err: 0.8224
saved checkpoint: /Users/vincentclifford/protein-localization/runs/cov_unsup_compare/union_seed921/cov_unsup_dc48.pt
[Epoch 6 Iter 50/1801] reconstruction loss: 0.0000188  rel_err: 0.8110
[Epoch 6 Iter 100/1801] reconstruction loss: 0.0000145  rel_err: 0.7857
[Epoch 6 Iter 150/1801] reconstruction loss: 0.0000173  rel_err: 0.8338
[Epoch 6 Iter 200/1801] reconstruction loss: 0.0000295  rel_err: 0.8180
[Epoch 6 Iter 250/1801] reconstruction loss: 0.0000139  rel_err: 0.7945
[Epoch 6 Iter 300/1801] reconstruction loss: 0.0000371  rel_err: 0.8526
[Epoch 6 Iter 350/1801] reconstruction loss: 0.0000165  rel_err: 0.8267
[Epoch 6 Iter 400/1801] reconstruction loss: 0.0000137  rel_err: 0.7434
[Epoch 6 Iter 450/1801] reconstruction loss: 0.0000183  rel_err: 0.8440
[Epoch 6 Iter 500/1801] reconstruction loss: 0.0000173  rel_err: 0.8195
[Epoch 6 Iter 550/1801] reconstruction loss: 0.0000205  rel_err: 0.8738
[Epoch 6 Iter 600/1801] reconstruction loss: 0.0000122  rel_err: 0.8267
[Epoch 6 Iter 650/1801] reconstruction loss: 0.0000164  rel_err: 0.8123
[Epoch 6 Iter 700/1801] reconstruction loss: 0.0000179  rel_err: 0.8389
[Epoch 6 Iter 750/1801] reconstruction loss: 0.0000257  rel_err: 0.8111
[Epoch 6 Iter 800/1801] reconstruction loss: 0.0000148  rel_err: 0.7948
[Epoch 6 Iter 850/1801] reconstruction loss: 0.0000282  rel_err: 0.8802
[Epoch 6 Iter 900/1801] reconstruction loss: 0.0000191  rel_err: 0.8240
[Epoch 6 Iter 950/1801] reconstruction loss: 0.0000157  rel_err: 0.8452
[Epoch 6 Iter 1000/1801] reconstruction loss: 0.0000133  rel_err: 0.8211
[Epoch 6 Iter 1050/1801] reconstruction loss: 0.0000147  rel_err: 0.7949
[Epoch 6 Iter 1100/1801] reconstruction loss: 0.0000160  rel_err: 0.8465
[Epoch 6 Iter 1150/1801] reconstruction loss: 0.0000128  rel_err: 0.8450
[Epoch 6 Iter 1200/1801] reconstruction loss: 0.0000165  rel_err: 0.8183
[Epoch 6 Iter 1250/1801] reconstruction loss: 0.0000298  rel_err: 0.8514
[Epoch 6 Iter 1300/1801] reconstruction loss: 0.0000224  rel_err: 0.8648
[Epoch 6 Iter 1350/1801] reconstruction loss: 0.0000144  rel_err: 0.8076
[Epoch 6 Iter 1400/1801] reconstruction loss: 0.0000168  rel_err: 0.8441
[Epoch 6 Iter 1450/1801] reconstruction loss: 0.0000320  rel_err: 0.9022
[Epoch 6 Iter 1500/1801] reconstruction loss: 0.0000135  rel_err: 0.7956
[Epoch 6 Iter 1550/1801] reconstruction loss: 0.0000195  rel_err: 0.8358
[Epoch 6 Iter 1600/1801] reconstruction loss: 0.0000231  rel_err: 0.8290
[Epoch 6 Iter 1650/1801] reconstruction loss: 0.0000194  rel_err: 0.8672
[Epoch 6 Iter 1700/1801] reconstruction loss: 0.0000228  rel_err: 0.8147
[Epoch 6 Iter 1750/1801] reconstruction loss: 0.0000171  rel_err: 0.8206
[Epoch 6 Iter 1800/1801] reconstruction loss: 0.0000133  rel_err: 0.7893
[Epoch 6] reconstruction loss: 0.0000199  rel_err: 0.8231
[Epoch 7 Iter 50/1801] reconstruction loss: 0.0000122  rel_err: 0.8273
[Epoch 7 Iter 100/1801] reconstruction loss: 0.0000207  rel_err: 0.8338
[Epoch 7 Iter 150/1801] reconstruction loss: 0.0000280  rel_err: 0.8427
[Epoch 7 Iter 200/1801] reconstruction loss: 0.0000127  rel_err: 0.8256
[Epoch 7 Iter 250/1801] reconstruction loss: 0.0000222  rel_err: 0.8116
[Epoch 7 Iter 300/1801] reconstruction loss: 0.0000258  rel_err: 0.7949
[Epoch 7 Iter 350/1801] reconstruction loss: 0.0000140  rel_err: 0.8092
[Epoch 7 Iter 400/1801] reconstruction loss: 0.0000134  rel_err: 0.8347
[Epoch 7 Iter 450/1801] reconstruction loss: 0.0000450  rel_err: 0.9192
[Epoch 7 Iter 500/1801] reconstruction loss: 0.0000176  rel_err: 0.8060
[Epoch 7 Iter 550/1801] reconstruction loss: 0.0000134  rel_err: 0.8266
[Epoch 7 Iter 600/1801] reconstruction loss: 0.0000198  rel_err: 0.8463
[Epoch 7 Iter 650/1801] reconstruction loss: 0.0000189  rel_err: 0.7895
[Epoch 7 Iter 700/1801] reconstruction loss: 0.0000213  rel_err: 0.8361
[Epoch 7 Iter 750/1801] reconstruction loss: 0.0000226  rel_err: 0.8036
[Epoch 7 Iter 800/1801] reconstruction loss: 0.0000277  rel_err: 0.8014
[Epoch 7 Iter 850/1801] reconstruction loss: 0.0000161  rel_err: 0.8148
[Epoch 7 Iter 900/1801] reconstruction loss: 0.0000203  rel_err: 0.8505
[Epoch 7 Iter 950/1801] reconstruction loss: 0.0000215  rel_err: 0.8804
[Epoch 7 Iter 1000/1801] reconstruction loss: 0.0000248  rel_err: 0.7686
[Epoch 7 Iter 1050/1801] reconstruction loss: 0.0000187  rel_err: 0.8151
[Epoch 7 Iter 1100/1801] reconstruction loss: 0.0000161  rel_err: 0.8256
[Epoch 7 Iter 1150/1801] reconstruction loss: 0.0000187  rel_err: 0.8123
[Epoch 7 Iter 1200/1801] reconstruction loss: 0.0000137  rel_err: 0.8190
[Epoch 7 Iter 1250/1801] reconstruction loss: 0.0000213  rel_err: 0.8189
[Epoch 7 Iter 1300/1801] reconstruction loss: 0.0000208  rel_err: 0.7749
[Epoch 7 Iter 1350/1801] reconstruction loss: 0.0000298  rel_err: 0.8749
[Epoch 7 Iter 1400/1801] reconstruction loss: 0.0000155  rel_err: 0.8382
[Epoch 7 Iter 1450/1801] reconstruction loss: 0.0000182  rel_err: 0.7882
[Epoch 7 Iter 1500/1801] reconstruction loss: 0.0000296  rel_err: 0.7863
[Epoch 7 Iter 1550/1801] reconstruction loss: 0.0000164  rel_err: 0.8132
[Epoch 7 Iter 1600/1801] reconstruction loss: 0.0000204  rel_err: 0.8427
[Epoch 7 Iter 1650/1801] reconstruction loss: 0.0000269  rel_err: 0.8578
[Epoch 7 Iter 1700/1801] reconstruction loss: 0.0000167  rel_err: 0.8276
[Epoch 7 Iter 1750/1801] reconstruction loss: 0.0000238  rel_err: 0.8114
[Epoch 7 Iter 1800/1801] reconstruction loss: 0.0000382  rel_err: 0.7880
[Epoch 7] reconstruction loss: 0.0000199  rel_err: 0.8231
[Epoch 8 Iter 50/1801] reconstruction loss: 0.0000158  rel_err: 0.8397
[Epoch 8 Iter 100/1801] reconstruction loss: 0.0000142  rel_err: 0.7747
[Epoch 8 Iter 150/1801] reconstruction loss: 0.0000217  rel_err: 0.7604
[Epoch 8 Iter 200/1801] reconstruction loss: 0.0000244  rel_err: 0.8489
[Epoch 8 Iter 250/1801] reconstruction loss: 0.0000201  rel_err: 0.7938
[Epoch 8 Iter 300/1801] reconstruction loss: 0.0000225  rel_err: 0.8181
[Epoch 8 Iter 350/1801] reconstruction loss: 0.0000156  rel_err: 0.8136
[Epoch 8 Iter 400/1801] reconstruction loss: 0.0000135  rel_err: 0.8470
[Epoch 8 Iter 450/1801] reconstruction loss: 0.0000174  rel_err: 0.8095
[Epoch 8 Iter 500/1801] reconstruction loss: 0.0000229  rel_err: 0.8406
[Epoch 8 Iter 550/1801] reconstruction loss: 0.0000223  rel_err: 0.8460
[Epoch 8 Iter 600/1801] reconstruction loss: 0.0000127  rel_err: 0.8298
[Epoch 8 Iter 650/1801] reconstruction loss: 0.0000157  rel_err: 0.8360
[Epoch 8 Iter 700/1801] reconstruction loss: 0.0000170  rel_err: 0.8264
[Epoch 8 Iter 750/1801] reconstruction loss: 0.0000274  rel_err: 0.8194
[Epoch 8 Iter 800/1801] reconstruction loss: 0.0000153  rel_err: 0.8373
[Epoch 8 Iter 850/1801] reconstruction loss: 0.0000214  rel_err: 0.8337
[Epoch 8 Iter 900/1801] reconstruction loss: 0.0000146  rel_err: 0.8015
[Epoch 8 Iter 950/1801] reconstruction loss: 0.0000268  rel_err: 0.8467
[Epoch 8 Iter 1000/1801] reconstruction loss: 0.0000153  rel_err: 0.8602
[Epoch 8 Iter 1050/1801] reconstruction loss: 0.0000143  rel_err: 0.7653
[Epoch 8 Iter 1100/1801] reconstruction loss: 0.0000150  rel_err: 0.8500
[Epoch 8 Iter 1150/1801] reconstruction loss: 0.0000372  rel_err: 0.8568
[Epoch 8 Iter 1200/1801] reconstruction loss: 0.0000317  rel_err: 0.8464
[Epoch 8 Iter 1250/1801] reconstruction loss: 0.0000175  rel_err: 0.7602
[Epoch 8 Iter 1300/1801] reconstruction loss: 0.0000263  rel_err: 0.7931
[Epoch 8 Iter 1350/1801] reconstruction loss: 0.0000120  rel_err: 0.8325
[Epoch 8 Iter 1400/1801] reconstruction loss: 0.0000164  rel_err: 0.8042
[Epoch 8 Iter 1450/1801] reconstruction loss: 0.0000151  rel_err: 0.7845
[Epoch 8 Iter 1500/1801] reconstruction loss: 0.0000208  rel_err: 0.8209
[Epoch 8 Iter 1550/1801] reconstruction loss: 0.0000140  rel_err: 0.7953
[Epoch 8 Iter 1600/1801] reconstruction loss: 0.0000138  rel_err: 0.8362
[Epoch 8 Iter 1650/1801] reconstruction loss: 0.0000186  rel_err: 0.8098
[Epoch 8 Iter 1700/1801] reconstruction loss: 0.0000194  rel_err: 0.8768
[Epoch 8 Iter 1750/1801] reconstruction loss: 0.0000306  rel_err: 0.8517
[Epoch 8 Iter 1800/1801] reconstruction loss: 0.0000139  rel_err: 0.8308
[Epoch 8] reconstruction loss: 0.0000199  rel_err: 0.8233
[Epoch 9 Iter 50/1801] reconstruction loss: 0.0000130  rel_err: 0.8191
[Epoch 9 Iter 100/1801] reconstruction loss: 0.0000158  rel_err: 0.8717
[Epoch 9 Iter 150/1801] reconstruction loss: 0.0000161  rel_err: 0.8449
[Epoch 9 Iter 200/1801] reconstruction loss: 0.0000230  rel_err: 0.8168
[Epoch 9 Iter 250/1801] reconstruction loss: 0.0000140  rel_err: 0.8197
[Epoch 9 Iter 300/1801] reconstruction loss: 0.0000192  rel_err: 0.8117
[Epoch 9 Iter 350/1801] reconstruction loss: 0.0000156  rel_err: 0.8626
[Epoch 9 Iter 400/1801] reconstruction loss: 0.0000177  rel_err: 0.8519
[Epoch 9 Iter 450/1801] reconstruction loss: 0.0000115  rel_err: 0.8001
[Epoch 9 Iter 500/1801] reconstruction loss: 0.0000192  rel_err: 0.8039
[Epoch 9 Iter 550/1801] reconstruction loss: 0.0000310  rel_err: 0.8317
[Epoch 9 Iter 600/1801] reconstruction loss: 0.0000272  rel_err: 0.9018
[Epoch 9 Iter 650/1801] reconstruction loss: 0.0000213  rel_err: 0.8182
[Epoch 9 Iter 700/1801] reconstruction loss: 0.0000147  rel_err: 0.8408
[Epoch 9 Iter 750/1801] reconstruction loss: 0.0000291  rel_err: 0.8248
[Epoch 9 Iter 800/1801] reconstruction loss: 0.0000172  rel_err: 0.8505
[Epoch 9 Iter 850/1801] reconstruction loss: 0.0000140  rel_err: 0.8155
[Epoch 9 Iter 900/1801] reconstruction loss: 0.0000216  rel_err: 0.8186
[Epoch 9 Iter 950/1801] reconstruction loss: 0.0000221  rel_err: 0.8550
[Epoch 9 Iter 1000/1801] reconstruction loss: 0.0000165  rel_err: 0.8338
[Epoch 9 Iter 1050/1801] reconstruction loss: 0.0000196  rel_err: 0.8112
[Epoch 9 Iter 1100/1801] reconstruction loss: 0.0000186  rel_err: 0.8444
[Epoch 9 Iter 1150/1801] reconstruction loss: 0.0000123  rel_err: 0.8140
[Epoch 9 Iter 1200/1801] reconstruction loss: 0.0000154  rel_err: 0.8270
[Epoch 9 Iter 1250/1801] reconstruction loss: 0.0000306  rel_err: 0.8039
[Epoch 9 Iter 1300/1801] reconstruction loss: 0.0000221  rel_err: 0.8384
[Epoch 9 Iter 1350/1801] reconstruction loss: 0.0000129  rel_err: 0.8562
[Epoch 9 Iter 1400/1801] reconstruction loss: 0.0000142  rel_err: 0.8116
[Epoch 9 Iter 1450/1801] reconstruction loss: 0.0000193  rel_err: 0.7979
[Epoch 9 Iter 1500/1801] reconstruction loss: 0.0000149  rel_err: 0.8544
[Epoch 9 Iter 1550/1801] reconstruction loss: 0.0000165  rel_err: 0.8221
[Epoch 9 Iter 1600/1801] reconstruction loss: 0.0000198  rel_err: 0.8045
[Epoch 9 Iter 1650/1801] reconstruction loss: 0.0000209  rel_err: 0.8195
[Epoch 9 Iter 1700/1801] reconstruction loss: 0.0000152  rel_err: 0.8063
[Epoch 9 Iter 1750/1801] reconstruction loss: 0.0000198  rel_err: 0.8097
[Epoch 9 Iter 1800/1801] reconstruction loss: 0.0000152  rel_err: 0.8152
[Epoch 9] reconstruction loss: 0.0000199  rel_err: 0.8232
[Epoch 10 Iter 50/1801] reconstruction loss: 0.0000229  rel_err: 0.7932
[Epoch 10 Iter 100/1801] reconstruction loss: 0.0000196  rel_err: 0.8475
[Epoch 10 Iter 150/1801] reconstruction loss: 0.0000166  rel_err: 0.8331
[Epoch 10 Iter 200/1801] reconstruction loss: 0.0000163  rel_err: 0.8251
[Epoch 10 Iter 250/1801] reconstruction loss: 0.0000300  rel_err: 0.7978
[Epoch 10 Iter 300/1801] reconstruction loss: 0.0000171  rel_err: 0.8440
[Epoch 10 Iter 350/1801] reconstruction loss: 0.0000251  rel_err: 0.8968
[Epoch 10 Iter 400/1801] reconstruction loss: 0.0000174  rel_err: 0.7888
[Epoch 10 Iter 450/1801] reconstruction loss: 0.0000180  rel_err: 0.8239
[Epoch 10 Iter 500/1801] reconstruction loss: 0.0000207  rel_err: 0.8209
[Epoch 10 Iter 550/1801] reconstruction loss: 0.0000291  rel_err: 0.8221
[Epoch 10 Iter 600/1801] reconstruction loss: 0.0000121  rel_err: 0.7660
[Epoch 10 Iter 650/1801] reconstruction loss: 0.0000163  rel_err: 0.7989
[Epoch 10 Iter 700/1801] reconstruction loss: 0.0000237  rel_err: 0.8132
[Epoch 10 Iter 750/1801] reconstruction loss: 0.0000217  rel_err: 0.8428
[Epoch 10 Iter 800/1801] reconstruction loss: 0.0000166  rel_err: 0.7891
[Epoch 10 Iter 850/1801] reconstruction loss: 0.0000212  rel_err: 0.8231
[Epoch 10 Iter 900/1801] reconstruction loss: 0.0000154  rel_err: 0.8158
[Epoch 10 Iter 950/1801] reconstruction loss: 0.0000303  rel_err: 1.0622
[Epoch 10 Iter 1000/1801] reconstruction loss: 0.0000323  rel_err: 1.1231
[Epoch 10 Iter 1050/1801] reconstruction loss: 0.0000136  rel_err: 0.8816
[Epoch 10 Iter 1100/1801] reconstruction loss: 0.0000192  rel_err: 0.8652
[Epoch 10 Iter 1150/1801] reconstruction loss: 0.0000151  rel_err: 0.8892
[Epoch 10 Iter 1200/1801] reconstruction loss: 0.0000425  rel_err: 1.0608
[Epoch 10 Iter 1250/1801] reconstruction loss: 0.0000127  rel_err: 0.8647
[Epoch 10 Iter 1300/1801] reconstruction loss: 0.0000282  rel_err: 0.8589
[Epoch 10 Iter 1350/1801] reconstruction loss: 0.0000145  rel_err: 0.8796
[Epoch 10 Iter 1400/1801] reconstruction loss: 0.0000257  rel_err: 0.8297
[Epoch 10 Iter 1450/1801] reconstruction loss: 0.0000202  rel_err: 0.8684
[Epoch 10 Iter 1500/1801] reconstruction loss: 0.0000189  rel_err: 0.8513
[Epoch 10 Iter 1550/1801] reconstruction loss: 0.0000203  rel_err: 0.8410
[Epoch 10 Iter 1600/1801] reconstruction loss: 0.0000253  rel_err: 0.8284
[Epoch 10 Iter 1650/1801] reconstruction loss: 0.0000216  rel_err: 0.8567
[Epoch 10 Iter 1700/1801] reconstruction loss: 0.0000293  rel_err: 0.8292
[Epoch 10 Iter 1750/1801] reconstruction loss: 0.0000210  rel_err: 0.8233
[Epoch 10 Iter 1800/1801] reconstruction loss: 0.0000207  rel_err: 0.8685
[Epoch 10] reconstruction loss: 0.0000629  rel_err: 0.8663
[Epoch 11 Iter 50/1801] reconstruction loss: 0.0000140  rel_err: 0.8082
[Epoch 11 Iter 100/1801] reconstruction loss: 0.0000219  rel_err: 0.8500
[Epoch 11 Iter 150/1801] reconstruction loss: 0.0000304  rel_err: 0.8028
[Epoch 11 Iter 200/1801] reconstruction loss: 0.0000150  rel_err: 0.8226
[Epoch 11 Iter 250/1801] reconstruction loss: 0.0000307  rel_err: 0.8621
[Epoch 11 Iter 300/1801] reconstruction loss: 0.0000140  rel_err: 0.7816
[Epoch 11 Iter 350/1801] reconstruction loss: 0.0000159  rel_err: 0.8196
[Epoch 11 Iter 400/1801] reconstruction loss: 0.0000170  rel_err: 0.8294
[Epoch 11 Iter 450/1801] reconstruction loss: 0.0000260  rel_err: 0.8628
[Epoch 11 Iter 500/1801] reconstruction loss: 0.0000164  rel_err: 0.8476
[Epoch 11 Iter 550/1801] reconstruction loss: 0.0000224  rel_err: 0.8331
[Epoch 11 Iter 600/1801] reconstruction loss: 0.0000172  rel_err: 0.8525
[Epoch 11 Iter 650/1801] reconstruction loss: 0.0000186  rel_err: 0.7985
[Epoch 11 Iter 700/1801] reconstruction loss: 0.0000174  rel_err: 0.8082
[Epoch 11 Iter 750/1801] reconstruction loss: 0.0000154  rel_err: 0.8149
[Epoch 11 Iter 800/1801] reconstruction loss: 0.0000195  rel_err: 0.8326
[Epoch 11 Iter 850/1801] reconstruction loss: 0.0000192  rel_err: 0.8389
[Epoch 11 Iter 900/1801] reconstruction loss: 0.0000157  rel_err: 0.8294
[Epoch 11 Iter 950/1801] reconstruction loss: 0.0000174  rel_err: 0.8307
[Epoch 11 Iter 1000/1801] reconstruction loss: 0.0000311  rel_err: 0.8533
[Epoch 11 Iter 1050/1801] reconstruction loss: 0.0000159  rel_err: 0.8274
[Epoch 11 Iter 1100/1801] reconstruction loss: 0.0000163  rel_err: 0.8338
[Epoch 11 Iter 1150/1801] reconstruction loss: 0.0000171  rel_err: 0.8432
[Epoch 11 Iter 1200/1801] reconstruction loss: 0.0000328  rel_err: 0.8850
[Epoch 11 Iter 1250/1801] reconstruction loss: 0.0000177  rel_err: 0.8607
[Epoch 11 Iter 1300/1801] reconstruction loss: 0.0000167  rel_err: 0.8378
[Epoch 11 Iter 1350/1801] reconstruction loss: 0.0000355  rel_err: 0.8616
[Epoch 11 Iter 1400/1801] reconstruction loss: 0.0000186  rel_err: 0.8215
[Epoch 11 Iter 1450/1801] reconstruction loss: 0.0000179  rel_err: 0.8659
[Epoch 11 Iter 1500/1801] reconstruction loss: 0.0000121  rel_err: 0.7590
[Epoch 11 Iter 1550/1801] reconstruction loss: 0.0000239  rel_err: 0.8665
[Epoch 11 Iter 1600/1801] reconstruction loss: 0.0000225  rel_err: 0.8552
[Epoch 11 Iter 1650/1801] reconstruction loss: 0.0000253  rel_err: 0.8622
[Epoch 11 Iter 1700/1801] reconstruction loss: 0.0000153  rel_err: 0.7663
[Epoch 11 Iter 1750/1801] reconstruction loss: 0.0000261  rel_err: 0.8413
[Epoch 11 Iter 1800/1801] reconstruction loss: 0.0000201  rel_err: 0.8345
[Epoch 11] reconstruction loss: 0.0000201  rel_err: 0.8290
[Epoch 12 Iter 50/1801] reconstruction loss: 0.0000162  rel_err: 0.8099
[Epoch 12 Iter 100/1801] reconstruction loss: 0.0000230  rel_err: 0.8311
[Epoch 12 Iter 150/1801] reconstruction loss: 0.0000145  rel_err: 0.8161
[Epoch 12 Iter 200/1801] reconstruction loss: 0.0000160  rel_err: 0.8411
[Epoch 12 Iter 250/1801] reconstruction loss: 0.0000144  rel_err: 0.7966
[Epoch 12 Iter 300/1801] reconstruction loss: 0.0000489  rel_err: 0.8088
[Epoch 12 Iter 350/1801] reconstruction loss: 0.0000202  rel_err: 0.8305
[Epoch 12 Iter 400/1801] reconstruction loss: 0.0000181  rel_err: 0.8267
[Epoch 12 Iter 450/1801] reconstruction loss: 0.0000180  rel_err: 0.8750
[Epoch 12 Iter 500/1801] reconstruction loss: 0.0000220  rel_err: 0.8790
[Epoch 12 Iter 550/1801] reconstruction loss: 0.0000198  rel_err: 0.8242
[Epoch 12 Iter 600/1801] reconstruction loss: 0.0000144  rel_err: 0.8087
[Epoch 12 Iter 650/1801] reconstruction loss: 0.0000168  rel_err: 0.8171
[Epoch 12 Iter 700/1801] reconstruction loss: 0.0000240  rel_err: 0.7952
[Epoch 12 Iter 750/1801] reconstruction loss: 0.0000155  rel_err: 0.8447
[Epoch 12 Iter 800/1801] reconstruction loss: 0.0000208  rel_err: 0.8267
[Epoch 12 Iter 850/1801] reconstruction loss: 0.0000234  rel_err: 0.8105
[Epoch 12 Iter 900/1801] reconstruction loss: 0.0000189  rel_err: 0.8207
[Epoch 12 Iter 950/1801] reconstruction loss: 0.0000252  rel_err: 0.8442
[Epoch 12 Iter 1000/1801] reconstruction loss: 0.0000162  rel_err: 0.8303
[Epoch 12 Iter 1050/1801] reconstruction loss: 0.0000143  rel_err: 0.8533
[Epoch 12 Iter 1100/1801] reconstruction loss: 0.0000195  rel_err: 0.8040
[Epoch 12 Iter 1150/1801] reconstruction loss: 0.0000307  rel_err: 0.8041
[Epoch 12 Iter 1200/1801] reconstruction loss: 0.0000160  rel_err: 0.8735
[Epoch 12 Iter 1250/1801] reconstruction loss: 0.0000143  rel_err: 0.8452
[Epoch 12 Iter 1300/1801] reconstruction loss: 0.0000448  rel_err: 0.8102
[Epoch 12 Iter 1350/1801] reconstruction loss: 0.0000167  rel_err: 0.7856
[Epoch 12 Iter 1400/1801] reconstruction loss: 0.0000174  rel_err: 0.8269
[Epoch 12 Iter 1450/1801] reconstruction loss: 0.0000174  rel_err: 0.8701
[Epoch 12 Iter 1500/1801] reconstruction loss: 0.0000148  rel_err: 0.7752
[Epoch 12 Iter 1550/1801] reconstruction loss: 0.0000137  rel_err: 0.8446
[Epoch 12 Iter 1600/1801] reconstruction loss: 0.0000213  rel_err: 0.8165
[Epoch 12 Iter 1650/1801] reconstruction loss: 0.0000158  rel_err: 0.8221
[Epoch 12 Iter 1700/1801] reconstruction loss: 0.0000188  rel_err: 0.7819
[Epoch 12 Iter 1750/1801] reconstruction loss: 0.0000170  rel_err: 0.8296
[Epoch 12 Iter 1800/1801] reconstruction loss: 0.0000164  rel_err: 0.8099
[Epoch 12] reconstruction loss: 0.0000199  rel_err: 0.8245
[Epoch 13 Iter 50/1801] reconstruction loss: 0.0000165  rel_err: 0.8357
[Epoch 13 Iter 100/1801] reconstruction loss: 0.0000179  rel_err: 0.8203
[Epoch 13 Iter 150/1801] reconstruction loss: 0.0000269  rel_err: 0.8775
[Epoch 13 Iter 200/1801] reconstruction loss: 0.0000162  rel_err: 0.8093
[Epoch 13 Iter 250/1801] reconstruction loss: 0.0000261  rel_err: 0.8167
[Epoch 13 Iter 300/1801] reconstruction loss: 0.0000192  rel_err: 0.8832
[Epoch 13 Iter 350/1801] reconstruction loss: 0.0000167  rel_err: 0.8469
[Epoch 13 Iter 400/1801] reconstruction loss: 0.0000241  rel_err: 0.8144
[Epoch 13 Iter 450/1801] reconstruction loss: 0.0000180  rel_err: 0.8069
[Epoch 13 Iter 500/1801] reconstruction loss: 0.0000145  rel_err: 0.8082
[Epoch 13 Iter 550/1801] reconstruction loss: 0.0000187  rel_err: 0.8593
[Epoch 13 Iter 600/1801] reconstruction loss: 0.0000264  rel_err: 0.7889
[Epoch 13 Iter 650/1801] reconstruction loss: 0.0000228  rel_err: 0.7991
[Epoch 13 Iter 700/1801] reconstruction loss: 0.0000211  rel_err: 0.8314
[Epoch 13 Iter 750/1801] reconstruction loss: 0.0000159  rel_err: 0.8034
[Epoch 13 Iter 800/1801] reconstruction loss: 0.0000148  rel_err: 0.7884
[Epoch 13 Iter 850/1801] reconstruction loss: 0.0000163  rel_err: 0.7882
[Epoch 13 Iter 900/1801] reconstruction loss: 0.0000206  rel_err: 0.8316
[Epoch 13 Iter 950/1801] reconstruction loss: 0.0000179  rel_err: 0.8333
[Epoch 13 Iter 1000/1801] reconstruction loss: 0.0000171  rel_err: 0.8175
[Epoch 13 Iter 1050/1801] reconstruction loss: 0.0000160  rel_err: 0.8197
[Epoch 13 Iter 1100/1801] reconstruction loss: 0.0000127  rel_err: 0.8193
[Epoch 13 Iter 1150/1801] reconstruction loss: 0.0000206  rel_err: 0.7640
[Epoch 13 Iter 1200/1801] reconstruction loss: 0.0000278  rel_err: 0.8307
[Epoch 13 Iter 1250/1801] reconstruction loss: 0.0000253  rel_err: 0.8230
[Epoch 13 Iter 1300/1801] reconstruction loss: 0.0000195  rel_err: 0.8128
[Epoch 13 Iter 1350/1801] reconstruction loss: 0.0000211  rel_err: 0.8391
[Epoch 13 Iter 1400/1801] reconstruction loss: 0.0000199  rel_err: 0.8191
[Epoch 13 Iter 1450/1801] reconstruction loss: 0.0000214  rel_err: 0.8418
[Epoch 13 Iter 1500/1801] reconstruction loss: 0.0000144  rel_err: 0.8257
[Epoch 13 Iter 1550/1801] reconstruction loss: 0.0000158  rel_err: 0.8060
[Epoch 13 Iter 1600/1801] reconstruction loss: 0.0000130  rel_err: 0.8439
[Epoch 13 Iter 1650/1801] reconstruction loss: 0.0000161  rel_err: 0.8114
[Epoch 13 Iter 1700/1801] reconstruction loss: 0.0000153  rel_err: 0.8362
[Epoch 13 Iter 1750/1801] reconstruction loss: 0.0000122  rel_err: 0.7784
[Epoch 13 Iter 1800/1801] reconstruction loss: 0.0000272  rel_err: 0.8193
[Epoch 13] reconstruction loss: 0.0000198  rel_err: 0.8224
saved checkpoint: /Users/vincentclifford/protein-localization/runs/cov_unsup_compare/union_seed921/cov_unsup_dc48.pt
early stopping (no >0.5% improvement for 10 epochs)
