[ Using Seed :  921  ]
max_length: 2048
embedding_mode: lm
source: meltome
  embeddings: /Users/vincentclifford/Downloads/human_cell_train_layer24.h5
  remapping:  data_files/flip_meltome/prepared/human_cell/human_cell_train_remapped.fasta
  key_format: hash
  size:       5013
union dataset size: 5013
device: mps
embeddings_dim: 1024
proj_dim: 48
trainable params: 98304
computing PCA init basis (one pass over data)...
initialized L, R from top-48 eigenvectors of avg second moment
[PCA init] reconstruction loss: 0.0000170  rel_err: 0.8158
saved checkpoint: /Users/vincentclifford/protein-localization/runs/cov_unsup_compare/meltome_seed921/cov_unsup_dc48.pt
[Epoch 1 Iter 50/627] reconstruction loss: 0.0000120  rel_err: 0.7993
[Epoch 1 Iter 100/627] reconstruction loss: 0.0000201  rel_err: 0.7800
[Epoch 1 Iter 150/627] reconstruction loss: 0.0000131  rel_err: 0.8202
[Epoch 1 Iter 200/627] reconstruction loss: 0.0000147  rel_err: 0.8068
[Epoch 1 Iter 250/627] reconstruction loss: 0.0000157  rel_err: 0.8553
[Epoch 1 Iter 300/627] reconstruction loss: 0.0000173  rel_err: 0.8138
[Epoch 1 Iter 350/627] reconstruction loss: 0.0000118  rel_err: 0.8079
[Epoch 1 Iter 400/627] reconstruction loss: 0.0000121  rel_err: 0.8263
[Epoch 1 Iter 450/627] reconstruction loss: 0.0000349  rel_err: 0.8383
[Epoch 1 Iter 500/627] reconstruction loss: 0.0000107  rel_err: 0.7818
[Epoch 1 Iter 550/627] reconstruction loss: 0.0000201  rel_err: 0.8224
[Epoch 1 Iter 600/627] reconstruction loss: 0.0000137  rel_err: 0.7703
[Epoch 1] reconstruction loss: 0.0000159  rel_err: 0.7985
saved checkpoint: /Users/vincentclifford/protein-localization/runs/cov_unsup_compare/meltome_seed921/cov_unsup_dc48.pt
[Epoch 2 Iter 50/627] reconstruction loss: 0.0000131  rel_err: 0.7678
[Epoch 2 Iter 100/627] reconstruction loss: 0.0000129  rel_err: 0.8138
[Epoch 2 Iter 150/627] reconstruction loss: 0.0000111  rel_err: 0.7895
[Epoch 2 Iter 200/627] reconstruction loss: 0.0000250  rel_err: 0.6959
[Epoch 2 Iter 250/627] reconstruction loss: 0.0000125  rel_err: 0.7304
[Epoch 2 Iter 300/627] reconstruction loss: 0.0000146  rel_err: 0.8042
[Epoch 2 Iter 350/627] reconstruction loss: 0.0000124  rel_err: 0.7472
[Epoch 2 Iter 400/627] reconstruction loss: 0.0000264  rel_err: 0.7573
[Epoch 2 Iter 450/627] reconstruction loss: 0.0000157  rel_err: 0.8199
[Epoch 2 Iter 500/627] reconstruction loss: 0.0000122  rel_err: 0.7562
[Epoch 2 Iter 550/627] reconstruction loss: 0.0000112  rel_err: 0.7569
[Epoch 2 Iter 600/627] reconstruction loss: 0.0000150  rel_err: 0.7889
[Epoch 2] reconstruction loss: 0.0000152  rel_err: 0.7878
saved checkpoint: /Users/vincentclifford/protein-localization/runs/cov_unsup_compare/meltome_seed921/cov_unsup_dc48.pt
[Epoch 3 Iter 50/627] reconstruction loss: 0.0000162  rel_err: 0.7386
[Epoch 3 Iter 100/627] reconstruction loss: 0.0000101  rel_err: 0.7692
[Epoch 3 Iter 150/627] reconstruction loss: 0.0000121  rel_err: 0.7911
[Epoch 3 Iter 200/627] reconstruction loss: 0.0000118  rel_err: 0.7714
[Epoch 3 Iter 250/627] reconstruction loss: 0.0000175  rel_err: 0.7916
[Epoch 3 Iter 300/627] reconstruction loss: 0.0000103  rel_err: 0.7981
[Epoch 3 Iter 350/627] reconstruction loss: 0.0000122  rel_err: 0.7913
[Epoch 3 Iter 400/627] reconstruction loss: 0.0000131  rel_err: 0.8163
[Epoch 3 Iter 450/627] reconstruction loss: 0.0000134  rel_err: 0.8378
[Epoch 3 Iter 500/627] reconstruction loss: 0.0000137  rel_err: 0.7914
[Epoch 3 Iter 550/627] reconstruction loss: 0.0000178  rel_err: 0.7970
[Epoch 3 Iter 600/627] reconstruction loss: 0.0000168  rel_err: 0.8067
[Epoch 3] reconstruction loss: 0.0000151  rel_err: 0.7845
saved checkpoint: /Users/vincentclifford/protein-localization/runs/cov_unsup_compare/meltome_seed921/cov_unsup_dc48.pt
[Epoch 4 Iter 50/627] reconstruction loss: 0.0000190  rel_err: 0.7657
[Epoch 4 Iter 100/627] reconstruction loss: 0.0000141  rel_err: 0.8611
[Epoch 4 Iter 150/627] reconstruction loss: 0.0000197  rel_err: 0.7476
[Epoch 4 Iter 200/627] reconstruction loss: 0.0000120  rel_err: 0.8281
[Epoch 4 Iter 250/627] reconstruction loss: 0.0000150  rel_err: 0.7468
[Epoch 4 Iter 300/627] reconstruction loss: 0.0000217  rel_err: 0.6918
[Epoch 4 Iter 350/627] reconstruction loss: 0.0000161  rel_err: 0.8297
[Epoch 4 Iter 400/627] reconstruction loss: 0.0000109  rel_err: 0.7004
[Epoch 4 Iter 450/627] reconstruction loss: 0.0000126  rel_err: 0.8082
[Epoch 4 Iter 500/627] reconstruction loss: 0.0000152  rel_err: 0.7927
[Epoch 4 Iter 550/627] reconstruction loss: 0.0000139  rel_err: 0.7582
[Epoch 4 Iter 600/627] reconstruction loss: 0.0000165  rel_err: 0.7981
[Epoch 4] reconstruction loss: 0.0000150  rel_err: 0.7835
saved checkpoint: /Users/vincentclifford/protein-localization/runs/cov_unsup_compare/meltome_seed921/cov_unsup_dc48.pt
[Epoch 5 Iter 50/627] reconstruction loss: 0.0000162  rel_err: 0.8026
[Epoch 5 Iter 100/627] reconstruction loss: 0.0000138  rel_err: 0.7810
[Epoch 5 Iter 150/627] reconstruction loss: 0.0000112  rel_err: 0.7956
[Epoch 5 Iter 200/627] reconstruction loss: 0.0000135  rel_err: 0.7899
[Epoch 5 Iter 250/627] reconstruction loss: 0.0000147  rel_err: 0.7396
[Epoch 5 Iter 300/627] reconstruction loss: 0.0000149  rel_err: 0.8075
[Epoch 5 Iter 350/627] reconstruction loss: 0.0000159  rel_err: 0.7836
[Epoch 5 Iter 400/627] reconstruction loss: 0.0000130  rel_err: 0.8033
[Epoch 5 Iter 450/627] reconstruction loss: 0.0000143  rel_err: 0.8088
[Epoch 5 Iter 500/627] reconstruction loss: 0.0000134  rel_err: 0.7298
[Epoch 5 Iter 550/627] reconstruction loss: 0.0000198  rel_err: 0.8360
[Epoch 5 Iter 600/627] reconstruction loss: 0.0000149  rel_err: 0.7293
[Epoch 5] reconstruction loss: 0.0000150  rel_err: 0.7840
[Epoch 6 Iter 50/627] reconstruction loss: 0.0000247  rel_err: 0.8186
[Epoch 6 Iter 100/627] reconstruction loss: 0.0000143  rel_err: 0.7960
[Epoch 6 Iter 150/627] reconstruction loss: 0.0000256  rel_err: 0.8572
[Epoch 6 Iter 200/627] reconstruction loss: 0.0000136  rel_err: 0.7899
[Epoch 6 Iter 250/627] reconstruction loss: 0.0000122  rel_err: 0.7732
[Epoch 6 Iter 300/627] reconstruction loss: 0.0000102  rel_err: 0.7745
[Epoch 6 Iter 350/627] reconstruction loss: 0.0000143  rel_err: 0.7824
[Epoch 6 Iter 400/627] reconstruction loss: 0.0000138  rel_err: 0.7602
[Epoch 6 Iter 450/627] reconstruction loss: 0.0000133  rel_err: 0.7816
[Epoch 6 Iter 500/627] reconstruction loss: 0.0000150  rel_err: 0.8148
[Epoch 6 Iter 550/627] reconstruction loss: 0.0000111  rel_err: 0.7230
[Epoch 6 Iter 600/627] reconstruction loss: 0.0000149  rel_err: 0.7332
[Epoch 6] reconstruction loss: 0.0000150  rel_err: 0.7831
[Epoch 7 Iter 50/627] reconstruction loss: 0.0000115  rel_err: 0.8040
[Epoch 7 Iter 100/627] reconstruction loss: 0.0000156  rel_err: 0.8008
[Epoch 7 Iter 150/627] reconstruction loss: 0.0000189  rel_err: 0.7883
[Epoch 7 Iter 200/627] reconstruction loss: 0.0000132  rel_err: 0.7737
[Epoch 7 Iter 250/627] reconstruction loss: 0.0000124  rel_err: 0.7658
[Epoch 7 Iter 300/627] reconstruction loss: 0.0000150  rel_err: 0.7421
[Epoch 7 Iter 350/627] reconstruction loss: 0.0000117  rel_err: 0.7470
[Epoch 7 Iter 400/627] reconstruction loss: 0.0000155  rel_err: 0.7792
[Epoch 7 Iter 450/627] reconstruction loss: 0.0000171  rel_err: 0.8394
[Epoch 7 Iter 500/627] reconstruction loss: 0.0000177  rel_err: 0.7951
[Epoch 7 Iter 550/627] reconstruction loss: 0.0000108  rel_err: 0.7728
[Epoch 7 Iter 600/627] reconstruction loss: 0.0000149  rel_err: 0.7885
[Epoch 7] reconstruction loss: 0.0000150  rel_err: 0.7841
saved checkpoint: /Users/vincentclifford/protein-localization/runs/cov_unsup_compare/meltome_seed921/cov_unsup_dc48.pt
[Epoch 8 Iter 50/627] reconstruction loss: 0.0000162  rel_err: 0.7606
[Epoch 8 Iter 100/627] reconstruction loss: 0.0000082  rel_err: 0.7461
[Epoch 8 Iter 150/627] reconstruction loss: 0.0000120  rel_err: 0.7368
[Epoch 8 Iter 200/627] reconstruction loss: 0.0000159  rel_err: 0.7517
[Epoch 8 Iter 250/627] reconstruction loss: 0.0000199  rel_err: 0.7309
[Epoch 8 Iter 300/627] reconstruction loss: 0.0000148  rel_err: 0.7844
[Epoch 8 Iter 350/627] reconstruction loss: 0.0000130  rel_err: 0.7936
[Epoch 8 Iter 400/627] reconstruction loss: 0.0000172  rel_err: 0.8084
[Epoch 8 Iter 450/627] reconstruction loss: 0.0000097  rel_err: 0.7143
[Epoch 8 Iter 500/627] reconstruction loss: 0.0000104  rel_err: 0.7859
[Epoch 8 Iter 550/627] reconstruction loss: 0.0000150  rel_err: 0.8326
[Epoch 8 Iter 600/627] reconstruction loss: 0.0000142  rel_err: 0.7954
[Epoch 8] reconstruction loss: 0.0000150  rel_err: 0.7852
[Epoch 9 Iter 50/627] reconstruction loss: 0.0000125  rel_err: 0.7580
[Epoch 9 Iter 100/627] reconstruction loss: 0.0000149  rel_err: 0.7678
[Epoch 9 Iter 150/627] reconstruction loss: 0.0000125  rel_err: 0.7083
[Epoch 9 Iter 200/627] reconstruction loss: 0.0000135  rel_err: 0.8072
[Epoch 9 Iter 250/627] reconstruction loss: 0.0000142  rel_err: 0.8481
[Epoch 9 Iter 300/627] reconstruction loss: 0.0000136  rel_err: 0.7770
[Epoch 9 Iter 350/627] reconstruction loss: 0.0000110  rel_err: 0.7773
[Epoch 9 Iter 400/627] reconstruction loss: 0.0000121  rel_err: 0.8027
[Epoch 9 Iter 450/627] reconstruction loss: 0.0000167  rel_err: 0.8282
[Epoch 9 Iter 500/627] reconstruction loss: 0.0000107  rel_err: 0.7722
[Epoch 9 Iter 550/627] reconstruction loss: 0.0000161  rel_err: 0.8404
[Epoch 9 Iter 600/627] reconstruction loss: 0.0000100  rel_err: 0.7604
[Epoch 9] reconstruction loss: 0.0000150  rel_err: 0.7839
[Epoch 10 Iter 50/627] reconstruction loss: 0.0000218  rel_err: 0.8344
[Epoch 10 Iter 100/627] reconstruction loss: 0.0000121  rel_err: 0.7898
[Epoch 10 Iter 150/627] reconstruction loss: 0.0000127  rel_err: 0.7612
[Epoch 10 Iter 200/627] reconstruction loss: 0.0000147  rel_err: 0.8163
[Epoch 10 Iter 250/627] reconstruction loss: 0.0000138  rel_err: 0.8029
[Epoch 10 Iter 300/627] reconstruction loss: 0.0000181  rel_err: 0.8188
[Epoch 10 Iter 350/627] reconstruction loss: 0.0000159  rel_err: 0.8173
[Epoch 10 Iter 400/627] reconstruction loss: 0.0000268  rel_err: 0.8080
[Epoch 10 Iter 450/627] reconstruction loss: 0.0000124  rel_err: 0.7950
[Epoch 10 Iter 500/627] reconstruction loss: 0.0000203  rel_err: 0.8189
[Epoch 10 Iter 550/627] reconstruction loss: 0.0000159  rel_err: 0.7870
[Epoch 10 Iter 600/627] reconstruction loss: 0.0000139  rel_err: 0.8047
[Epoch 10] reconstruction loss: 0.0000389  rel_err: 0.8140
[Epoch 11 Iter 50/627] reconstruction loss: 0.0000109  rel_err: 0.7570
[Epoch 11 Iter 100/627] reconstruction loss: 0.0000229  rel_err: 0.8283
[Epoch 11 Iter 150/627] reconstruction loss: 0.0000141  rel_err: 0.7681
[Epoch 11 Iter 200/627] reconstruction loss: 0.0000114  rel_err: 0.8121
[Epoch 11 Iter 250/627] reconstruction loss: 0.0000172  rel_err: 0.7518
[Epoch 11 Iter 300/627] reconstruction loss: 0.0000107  rel_err: 0.7819
[Epoch 11 Iter 350/627] reconstruction loss: 0.0000132  rel_err: 0.7924
[Epoch 11 Iter 400/627] reconstruction loss: 0.0000111  rel_err: 0.7747
[Epoch 11 Iter 450/627] reconstruction loss: 0.0000149  rel_err: 0.7933
[Epoch 11 Iter 500/627] reconstruction loss: 0.0000170  rel_err: 0.7187
[Epoch 11 Iter 550/627] reconstruction loss: 0.0000120  rel_err: 0.7652
[Epoch 11 Iter 600/627] reconstruction loss: 0.0000144  rel_err: 0.7428
[Epoch 11] reconstruction loss: 0.0000152  rel_err: 0.7878
[Epoch 12 Iter 50/627] reconstruction loss: 0.0000122  rel_err: 0.7411
[Epoch 12 Iter 100/627] reconstruction loss: 0.0000110  rel_err: 0.7509
[Epoch 12 Iter 150/627] reconstruction loss: 0.0000163  rel_err: 0.7553
[Epoch 12 Iter 200/627] reconstruction loss: 0.0000142  rel_err: 0.7701
[Epoch 12 Iter 250/627] reconstruction loss: 0.0000115  rel_err: 0.7584
[Epoch 12 Iter 300/627] reconstruction loss: 0.0000118  rel_err: 0.7920
[Epoch 12 Iter 350/627] reconstruction loss: 0.0000158  rel_err: 0.7575
[Epoch 12 Iter 400/627] reconstruction loss: 0.0000197  rel_err: 0.8179
[Epoch 12 Iter 450/627] reconstruction loss: 0.0000136  rel_err: 0.7586
[Epoch 12 Iter 500/627] reconstruction loss: 0.0000151  rel_err: 0.8189
[Epoch 12 Iter 550/627] reconstruction loss: 0.0000111  rel_err: 0.7886
[Epoch 12 Iter 600/627] reconstruction loss: 0.0000133  rel_err: 0.7362
[Epoch 12] reconstruction loss: 0.0000150  rel_err: 0.7852
saved checkpoint: /Users/vincentclifford/protein-localization/runs/cov_unsup_compare/meltome_seed921/cov_unsup_dc48.pt
[Epoch 13 Iter 50/627] reconstruction loss: 0.0000162  rel_err: 0.8406
[Epoch 13 Iter 100/627] reconstruction loss: 0.0000123  rel_err: 0.7410
[Epoch 13 Iter 150/627] reconstruction loss: 0.0000128  rel_err: 0.7748
[Epoch 13 Iter 200/627] reconstruction loss: 0.0000087  rel_err: 0.7230
[Epoch 13 Iter 250/627] reconstruction loss: 0.0000110  rel_err: 0.7787
[Epoch 13 Iter 300/627] reconstruction loss: 0.0000178  rel_err: 0.7879
[Epoch 13 Iter 350/627] reconstruction loss: 0.0000121  rel_err: 0.7673
[Epoch 13 Iter 400/627] reconstruction loss: 0.0000138  rel_err: 0.7890
[Epoch 13 Iter 450/627] reconstruction loss: 0.0000172  rel_err: 0.8124
[Epoch 13 Iter 500/627] reconstruction loss: 0.0000120  rel_err: 0.7473
[Epoch 13 Iter 550/627] reconstruction loss: 0.0000139  rel_err: 0.7941
[Epoch 13 Iter 600/627] reconstruction loss: 0.0000124  rel_err: 0.7725
[Epoch 13] reconstruction loss: 0.0000149  rel_err: 0.7841
saved checkpoint: /Users/vincentclifford/protein-localization/runs/cov_unsup_compare/meltome_seed921/cov_unsup_dc48.pt
[Epoch 14 Iter 50/627] reconstruction loss: 0.0000183  rel_err: 0.7963
[Epoch 14 Iter 100/627] reconstruction loss: 0.0000147  rel_err: 0.7915
[Epoch 14 Iter 150/627] reconstruction loss: 0.0000101  rel_err: 0.7406
[Epoch 14 Iter 200/627] reconstruction loss: 0.0000113  rel_err: 0.7823
[Epoch 14 Iter 250/627] reconstruction loss: 0.0000139  rel_err: 0.8344
[Epoch 14 Iter 300/627] reconstruction loss: 0.0000124  rel_err: 0.7501
[Epoch 14 Iter 350/627] reconstruction loss: 0.0000200  rel_err: 0.7221
[Epoch 14 Iter 400/627] reconstruction loss: 0.0000179  rel_err: 0.8003
[Epoch 14 Iter 450/627] reconstruction loss: 0.0000110  rel_err: 0.7627
[Epoch 14 Iter 500/627] reconstruction loss: 0.0000175  rel_err: 0.8079
[Epoch 14 Iter 550/627] reconstruction loss: 0.0000126  rel_err: 0.8039
[Epoch 14 Iter 600/627] reconstruction loss: 0.0000157  rel_err: 0.7872
[Epoch 14] reconstruction loss: 0.0000148  rel_err: 0.7833
saved checkpoint: /Users/vincentclifford/protein-localization/runs/cov_unsup_compare/meltome_seed921/cov_unsup_dc48.pt
early stopping (no >0.5% improvement for 10 epochs)
