[ Using Seed :  657  ]
max_length: 2048
embedding_mode: lm
source: localization
  embeddings: /Users/vincentclifford/Downloads/deeploc_our_train_set_layer24.h5
  remapping:  data_files/deeploc_our_train_set_remapped.fasta
  key_format: hash
  size:       9391
union dataset size: 9391
device: mps
embeddings_dim: 1024
proj_dim: 48
trainable params: 98304
computing PCA init basis (one pass over data)...
initialized L, R from top-48 eigenvectors of avg second moment
[PCA init] reconstruction loss: 0.0000247  rel_err: 0.8586
saved checkpoint: /Users/vincentclifford/protein-localization/runs/cov_unsup_compare/deeploc_seed657/cov_unsup_dc48.pt
[Epoch 1 Iter 50/1174] reconstruction loss: 0.0000259  rel_err: 0.8702
[Epoch 1 Iter 100/1174] reconstruction loss: 0.0000338  rel_err: 0.8534
[Epoch 1 Iter 150/1174] reconstruction loss: 0.0000278  rel_err: 0.8919
[Epoch 1 Iter 200/1174] reconstruction loss: 0.0000228  rel_err: 0.8013
[Epoch 1 Iter 250/1174] reconstruction loss: 0.0000272  rel_err: 0.8025
[Epoch 1 Iter 300/1174] reconstruction loss: 0.0000194  rel_err: 0.8543
[Epoch 1 Iter 350/1174] reconstruction loss: 0.0000191  rel_err: 0.8104
[Epoch 1 Iter 400/1174] reconstruction loss: 0.0000201  rel_err: 0.8295
[Epoch 1 Iter 450/1174] reconstruction loss: 0.0000173  rel_err: 0.8317
[Epoch 1 Iter 500/1174] reconstruction loss: 0.0000437  rel_err: 0.8310
[Epoch 1 Iter 550/1174] reconstruction loss: 0.0000193  rel_err: 0.7844
[Epoch 1 Iter 600/1174] reconstruction loss: 0.0000276  rel_err: 0.8552
[Epoch 1 Iter 650/1174] reconstruction loss: 0.0000230  rel_err: 0.8284
[Epoch 1 Iter 700/1174] reconstruction loss: 0.0000171  rel_err: 0.8596
[Epoch 1 Iter 750/1174] reconstruction loss: 0.0000165  rel_err: 0.8581
[Epoch 1 Iter 800/1174] reconstruction loss: 0.0000184  rel_err: 0.8531
[Epoch 1 Iter 850/1174] reconstruction loss: 0.0000146  rel_err: 0.7832
[Epoch 1 Iter 900/1174] reconstruction loss: 0.0000245  rel_err: 0.8603
[Epoch 1 Iter 950/1174] reconstruction loss: 0.0000916  rel_err: 0.8180
[Epoch 1 Iter 1000/1174] reconstruction loss: 0.0000125  rel_err: 0.8663
[Epoch 1 Iter 1050/1174] reconstruction loss: 0.0000143  rel_err: 0.7802
[Epoch 1 Iter 1100/1174] reconstruction loss: 0.0000183  rel_err: 0.8030
[Epoch 1 Iter 1150/1174] reconstruction loss: 0.0000164  rel_err: 0.8832
[Epoch 1] reconstruction loss: 0.0000228  rel_err: 0.8400
saved checkpoint: /Users/vincentclifford/protein-localization/runs/cov_unsup_compare/deeploc_seed657/cov_unsup_dc48.pt
[Epoch 2 Iter 50/1174] reconstruction loss: 0.0000233  rel_err: 0.8377
[Epoch 2 Iter 100/1174] reconstruction loss: 0.0000202  rel_err: 0.8144
[Epoch 2 Iter 150/1174] reconstruction loss: 0.0000492  rel_err: 0.8386
[Epoch 2 Iter 200/1174] reconstruction loss: 0.0000284  rel_err: 0.8519
[Epoch 2 Iter 250/1174] reconstruction loss: 0.0000177  rel_err: 0.8428
[Epoch 2 Iter 300/1174] reconstruction loss: 0.0000158  rel_err: 0.8155
[Epoch 2 Iter 350/1174] reconstruction loss: 0.0000179  rel_err: 0.8356
[Epoch 2 Iter 400/1174] reconstruction loss: 0.0000227  rel_err: 0.8156
[Epoch 2 Iter 450/1174] reconstruction loss: 0.0000183  rel_err: 0.8123
[Epoch 2 Iter 500/1174] reconstruction loss: 0.0000260  rel_err: 0.8242
[Epoch 2 Iter 550/1174] reconstruction loss: 0.0000449  rel_err: 0.7740
[Epoch 2 Iter 600/1174] reconstruction loss: 0.0000220  rel_err: 0.8410
[Epoch 2 Iter 650/1174] reconstruction loss: 0.0000241  rel_err: 0.8122
[Epoch 2 Iter 700/1174] reconstruction loss: 0.0000263  rel_err: 0.8634
[Epoch 2 Iter 750/1174] reconstruction loss: 0.0000187  rel_err: 0.8249
[Epoch 2 Iter 800/1174] reconstruction loss: 0.0000250  rel_err: 0.8068
[Epoch 2 Iter 850/1174] reconstruction loss: 0.0000175  rel_err: 0.8582
[Epoch 2 Iter 900/1174] reconstruction loss: 0.0000311  rel_err: 0.8176
[Epoch 2 Iter 950/1174] reconstruction loss: 0.0000274  rel_err: 0.8086
[Epoch 2 Iter 1000/1174] reconstruction loss: 0.0000189  rel_err: 0.8368
[Epoch 2 Iter 1050/1174] reconstruction loss: 0.0000206  rel_err: 0.7861
[Epoch 2 Iter 1100/1174] reconstruction loss: 0.0000153  rel_err: 0.8601
[Epoch 2 Iter 1150/1174] reconstruction loss: 0.0000227  rel_err: 0.8320
[Epoch 2] reconstruction loss: 0.0000220  rel_err: 0.8321
saved checkpoint: /Users/vincentclifford/protein-localization/runs/cov_unsup_compare/deeploc_seed657/cov_unsup_dc48.pt
[Epoch 3 Iter 50/1174] reconstruction loss: 0.0000227  rel_err: 0.8267
[Epoch 3 Iter 100/1174] reconstruction loss: 0.0000169  rel_err: 0.8649
[Epoch 3 Iter 150/1174] reconstruction loss: 0.0000171  rel_err: 0.8780
[Epoch 3 Iter 200/1174] reconstruction loss: 0.0000126  rel_err: 0.7936
[Epoch 3 Iter 250/1174] reconstruction loss: 0.0000208  rel_err: 0.8404
[Epoch 3 Iter 300/1174] reconstruction loss: 0.0000167  rel_err: 0.8271
[Epoch 3 Iter 350/1174] reconstruction loss: 0.0000243  rel_err: 0.8499
[Epoch 3 Iter 400/1174] reconstruction loss: 0.0000542  rel_err: 0.8111
[Epoch 3 Iter 450/1174] reconstruction loss: 0.0000283  rel_err: 0.8256
[Epoch 3 Iter 500/1174] reconstruction loss: 0.0000226  rel_err: 0.8776
[Epoch 3 Iter 550/1174] reconstruction loss: 0.0000220  rel_err: 0.7763
[Epoch 3 Iter 600/1174] reconstruction loss: 0.0000226  rel_err: 0.8768
[Epoch 3 Iter 650/1174] reconstruction loss: 0.0000229  rel_err: 0.8148
[Epoch 3 Iter 700/1174] reconstruction loss: 0.0000251  rel_err: 0.8349
[Epoch 3 Iter 750/1174] reconstruction loss: 0.0000184  rel_err: 0.8350
[Epoch 3 Iter 800/1174] reconstruction loss: 0.0000190  rel_err: 0.7485
[Epoch 3 Iter 850/1174] reconstruction loss: 0.0000155  rel_err: 0.8079
[Epoch 3 Iter 900/1174] reconstruction loss: 0.0000169  rel_err: 0.8409
[Epoch 3 Iter 950/1174] reconstruction loss: 0.0000228  rel_err: 0.8210
[Epoch 3 Iter 1000/1174] reconstruction loss: 0.0000215  rel_err: 0.8356
[Epoch 3 Iter 1050/1174] reconstruction loss: 0.0000152  rel_err: 0.8412
[Epoch 3 Iter 1100/1174] reconstruction loss: 0.0000179  rel_err: 0.8650
[Epoch 3 Iter 1150/1174] reconstruction loss: 0.0000223  rel_err: 0.8598
[Epoch 3] reconstruction loss: 0.0000223  rel_err: 0.8351
[Epoch 4 Iter 50/1174] reconstruction loss: 0.0000172  rel_err: 0.8899
[Epoch 4 Iter 100/1174] reconstruction loss: 0.0000191  rel_err: 0.7855
[Epoch 4 Iter 150/1174] reconstruction loss: 0.0000201  rel_err: 0.8056
[Epoch 4 Iter 200/1174] reconstruction loss: 0.0000223  rel_err: 0.8129
[Epoch 4 Iter 250/1174] reconstruction loss: 0.0000128  rel_err: 0.8768
[Epoch 4 Iter 300/1174] reconstruction loss: 0.0000172  rel_err: 0.8309
[Epoch 4 Iter 350/1174] reconstruction loss: 0.0000243  rel_err: 0.8710
[Epoch 4 Iter 400/1174] reconstruction loss: 0.0000176  rel_err: 0.8568
[Epoch 4 Iter 450/1174] reconstruction loss: 0.0000755  rel_err: 0.8367
[Epoch 4 Iter 500/1174] reconstruction loss: 0.0000265  rel_err: 0.8489
[Epoch 4 Iter 550/1174] reconstruction loss: 0.0000174  rel_err: 0.8478
[Epoch 4 Iter 600/1174] reconstruction loss: 0.0000178  rel_err: 0.8238
[Epoch 4 Iter 650/1174] reconstruction loss: 0.0000430  rel_err: 0.8897
[Epoch 4 Iter 700/1174] reconstruction loss: 0.0000177  rel_err: 0.8001
[Epoch 4 Iter 750/1174] reconstruction loss: 0.0000240  rel_err: 0.7596
[Epoch 4 Iter 800/1174] reconstruction loss: 0.0000232  rel_err: 0.8367
[Epoch 4 Iter 850/1174] reconstruction loss: 0.0000184  rel_err: 0.8288
[Epoch 4 Iter 900/1174] reconstruction loss: 0.0000239  rel_err: 0.8091
[Epoch 4 Iter 950/1174] reconstruction loss: 0.0000377  rel_err: 0.8067
[Epoch 4 Iter 1000/1174] reconstruction loss: 0.0000240  rel_err: 0.8311
[Epoch 4 Iter 1050/1174] reconstruction loss: 0.0000182  rel_err: 0.8727
[Epoch 4 Iter 1100/1174] reconstruction loss: 0.0000158  rel_err: 0.7716
[Epoch 4 Iter 1150/1174] reconstruction loss: 0.0000174  rel_err: 0.8332
[Epoch 4] reconstruction loss: 0.0000219  rel_err: 0.8316
saved checkpoint: /Users/vincentclifford/protein-localization/runs/cov_unsup_compare/deeploc_seed657/cov_unsup_dc48.pt
[Epoch 5 Iter 50/1174] reconstruction loss: 0.0000170  rel_err: 0.8340
[Epoch 5 Iter 100/1174] reconstruction loss: 0.0000224  rel_err: 0.8635
[Epoch 5 Iter 150/1174] reconstruction loss: 0.0000174  rel_err: 0.8263
[Epoch 5 Iter 200/1174] reconstruction loss: 0.0000134  rel_err: 0.8460
[Epoch 5 Iter 250/1174] reconstruction loss: 0.0000256  rel_err: 0.7634
[Epoch 5 Iter 300/1174] reconstruction loss: 0.0000155  rel_err: 0.7785
[Epoch 5 Iter 350/1174] reconstruction loss: 0.0000657  rel_err: 0.8508
[Epoch 5 Iter 400/1174] reconstruction loss: 0.0000182  rel_err: 0.8262
[Epoch 5 Iter 450/1174] reconstruction loss: 0.0000191  rel_err: 0.8303
[Epoch 5 Iter 500/1174] reconstruction loss: 0.0000115  rel_err: 0.8009
[Epoch 5 Iter 550/1174] reconstruction loss: 0.0000195  rel_err: 0.8634
[Epoch 5 Iter 600/1174] reconstruction loss: 0.0000233  rel_err: 0.8124
[Epoch 5 Iter 650/1174] reconstruction loss: 0.0000425  rel_err: 0.8908
[Epoch 5 Iter 700/1174] reconstruction loss: 0.0000189  rel_err: 0.8575
[Epoch 5 Iter 750/1174] reconstruction loss: 0.0000282  rel_err: 0.8194
[Epoch 5 Iter 800/1174] reconstruction loss: 0.0000127  rel_err: 0.8267
[Epoch 5 Iter 850/1174] reconstruction loss: 0.0000203  rel_err: 0.8331
[Epoch 5 Iter 900/1174] reconstruction loss: 0.0000113  rel_err: 0.8477
[Epoch 5 Iter 950/1174] reconstruction loss: 0.0000204  rel_err: 0.8234
[Epoch 5 Iter 1000/1174] reconstruction loss: 0.0000277  rel_err: 0.8078
[Epoch 5 Iter 1050/1174] reconstruction loss: 0.0000213  rel_err: 0.8526
[Epoch 5 Iter 1100/1174] reconstruction loss: 0.0000359  rel_err: 0.8634
[Epoch 5 Iter 1150/1174] reconstruction loss: 0.0000119  rel_err: 0.8017
[Epoch 5] reconstruction loss: 0.0000218  rel_err: 0.8307
saved checkpoint: /Users/vincentclifford/protein-localization/runs/cov_unsup_compare/deeploc_seed657/cov_unsup_dc48.pt
[Epoch 6 Iter 50/1174] reconstruction loss: 0.0000175  rel_err: 0.8643
[Epoch 6 Iter 100/1174] reconstruction loss: 0.0000547  rel_err: 0.8226
[Epoch 6 Iter 150/1174] reconstruction loss: 0.0000241  rel_err: 0.8263
[Epoch 6 Iter 200/1174] reconstruction loss: 0.0000163  rel_err: 0.8506
[Epoch 6 Iter 250/1174] reconstruction loss: 0.0000189  rel_err: 0.8460
[Epoch 6 Iter 300/1174] reconstruction loss: 0.0000168  rel_err: 0.8324
[Epoch 6 Iter 350/1174] reconstruction loss: 0.0000407  rel_err: 0.8348
[Epoch 6 Iter 400/1174] reconstruction loss: 0.0000296  rel_err: 0.8083
[Epoch 6 Iter 450/1174] reconstruction loss: 0.0000181  rel_err: 0.9032
[Epoch 6 Iter 500/1174] reconstruction loss: 0.0000397  rel_err: 0.8026
[Epoch 6 Iter 550/1174] reconstruction loss: 0.0000176  rel_err: 0.8390
[Epoch 6 Iter 600/1174] reconstruction loss: 0.0000233  rel_err: 0.7954
[Epoch 6 Iter 650/1174] reconstruction loss: 0.0000208  rel_err: 0.8229
[Epoch 6 Iter 700/1174] reconstruction loss: 0.0000253  rel_err: 0.8187
[Epoch 6 Iter 750/1174] reconstruction loss: 0.0000365  rel_err: 0.8272
[Epoch 6 Iter 800/1174] reconstruction loss: 0.0000169  rel_err: 0.8321
[Epoch 6 Iter 850/1174] reconstruction loss: 0.0000189  rel_err: 0.8385
[Epoch 6 Iter 900/1174] reconstruction loss: 0.0000254  rel_err: 0.8182
[Epoch 6 Iter 950/1174] reconstruction loss: 0.0000130  rel_err: 0.7701
[Epoch 6 Iter 1000/1174] reconstruction loss: 0.0000637  rel_err: 0.8671
[Epoch 6 Iter 1050/1174] reconstruction loss: 0.0000190  rel_err: 0.7658
[Epoch 6 Iter 1100/1174] reconstruction loss: 0.0000412  rel_err: 0.8092
[Epoch 6 Iter 1150/1174] reconstruction loss: 0.0000561  rel_err: 0.7920
[Epoch 6] reconstruction loss: 0.0000218  rel_err: 0.8311
[Epoch 7 Iter 50/1174] reconstruction loss: 0.0000177  rel_err: 0.8795
[Epoch 7 Iter 100/1174] reconstruction loss: 0.0000127  rel_err: 0.8245
[Epoch 7 Iter 150/1174] reconstruction loss: 0.0000201  rel_err: 0.8225
[Epoch 7 Iter 200/1174] reconstruction loss: 0.0000174  rel_err: 0.7800
[Epoch 7 Iter 250/1174] reconstruction loss: 0.0000216  rel_err: 0.8470
[Epoch 7 Iter 300/1174] reconstruction loss: 0.0000206  rel_err: 0.8669
[Epoch 7 Iter 350/1174] reconstruction loss: 0.0000189  rel_err: 0.8359
[Epoch 7 Iter 400/1174] reconstruction loss: 0.0000166  rel_err: 0.8266
[Epoch 7 Iter 450/1174] reconstruction loss: 0.0000156  rel_err: 0.8274
[Epoch 7 Iter 500/1174] reconstruction loss: 0.0000253  rel_err: 0.8407
[Epoch 7 Iter 550/1174] reconstruction loss: 0.0000220  rel_err: 0.8397
[Epoch 7 Iter 600/1174] reconstruction loss: 0.0000206  rel_err: 0.8690
[Epoch 7 Iter 650/1174] reconstruction loss: 0.0000143  rel_err: 0.8267
[Epoch 7 Iter 700/1174] reconstruction loss: 0.0000192  rel_err: 0.8390
[Epoch 7 Iter 750/1174] reconstruction loss: 0.0000217  rel_err: 0.8339
[Epoch 7 Iter 800/1174] reconstruction loss: 0.0000209  rel_err: 0.8580
[Epoch 7 Iter 850/1174] reconstruction loss: 0.0000230  rel_err: 0.7458
[Epoch 7 Iter 900/1174] reconstruction loss: 0.0000275  rel_err: 0.7855
[Epoch 7 Iter 950/1174] reconstruction loss: 0.0000438  rel_err: 0.8205
[Epoch 7 Iter 1000/1174] reconstruction loss: 0.0000297  rel_err: 0.8164
[Epoch 7 Iter 1050/1174] reconstruction loss: 0.0000261  rel_err: 0.8048
[Epoch 7 Iter 1100/1174] reconstruction loss: 0.0000182  rel_err: 0.8772
[Epoch 7 Iter 1150/1174] reconstruction loss: 0.0000231  rel_err: 0.8487
[Epoch 7] reconstruction loss: 0.0000219  rel_err: 0.8322
[Epoch 8 Iter 50/1174] reconstruction loss: 0.0000172  rel_err: 0.8518
[Epoch 8 Iter 100/1174] reconstruction loss: 0.0000179  rel_err: 0.8084
[Epoch 8 Iter 150/1174] reconstruction loss: 0.0000231  rel_err: 0.8635
[Epoch 8 Iter 200/1174] reconstruction loss: 0.0000183  rel_err: 0.8417
[Epoch 8 Iter 250/1174] reconstruction loss: 0.0000147  rel_err: 0.8663
[Epoch 8 Iter 300/1174] reconstruction loss: 0.0000235  rel_err: 0.8712
[Epoch 8 Iter 350/1174] reconstruction loss: 0.0000273  rel_err: 0.8616
[Epoch 8 Iter 400/1174] reconstruction loss: 0.0000173  rel_err: 0.8472
[Epoch 8 Iter 450/1174] reconstruction loss: 0.0000265  rel_err: 0.8631
[Epoch 8 Iter 500/1174] reconstruction loss: 0.0000219  rel_err: 0.8446
[Epoch 8 Iter 550/1174] reconstruction loss: 0.0000345  rel_err: 0.8446
[Epoch 8 Iter 600/1174] reconstruction loss: 0.0000132  rel_err: 0.8524
[Epoch 8 Iter 650/1174] reconstruction loss: 0.0000180  rel_err: 0.7561
[Epoch 8 Iter 700/1174] reconstruction loss: 0.0000162  rel_err: 0.8447
[Epoch 8 Iter 750/1174] reconstruction loss: 0.0000176  rel_err: 0.8125
[Epoch 8 Iter 800/1174] reconstruction loss: 0.0000878  rel_err: 0.8586
[Epoch 8 Iter 850/1174] reconstruction loss: 0.0000182  rel_err: 0.8545
[Epoch 8 Iter 900/1174] reconstruction loss: 0.0000188  rel_err: 0.8275
[Epoch 8 Iter 950/1174] reconstruction loss: 0.0000203  rel_err: 0.8418
[Epoch 8 Iter 1000/1174] reconstruction loss: 0.0000173  rel_err: 0.8134
[Epoch 8 Iter 1050/1174] reconstruction loss: 0.0000161  rel_err: 0.8389
[Epoch 8 Iter 1100/1174] reconstruction loss: 0.0000292  rel_err: 0.9059
[Epoch 8 Iter 1150/1174] reconstruction loss: 0.0000149  rel_err: 0.8303
[Epoch 8] reconstruction loss: 0.0000219  rel_err: 0.8320
[Epoch 9 Iter 50/1174] reconstruction loss: 0.0000293  rel_err: 0.8547
[Epoch 9 Iter 100/1174] reconstruction loss: 0.0000222  rel_err: 0.8347
[Epoch 9 Iter 150/1174] reconstruction loss: 0.0000334  rel_err: 0.8443
[Epoch 9 Iter 200/1174] reconstruction loss: 0.0000220  rel_err: 0.8991
[Epoch 9 Iter 250/1174] reconstruction loss: 0.0000130  rel_err: 0.8224
[Epoch 9 Iter 300/1174] reconstruction loss: 0.0000172  rel_err: 0.7969
[Epoch 9 Iter 350/1174] reconstruction loss: 0.0000587  rel_err: 0.8268
[Epoch 9 Iter 400/1174] reconstruction loss: 0.0000207  rel_err: 0.8394
[Epoch 9 Iter 450/1174] reconstruction loss: 0.0000160  rel_err: 0.8593
[Epoch 9 Iter 500/1174] reconstruction loss: 0.0000228  rel_err: 0.7943
[Epoch 9 Iter 550/1174] reconstruction loss: 0.0000175  rel_err: 0.8377
[Epoch 9 Iter 600/1174] reconstruction loss: 0.0000187  rel_err: 0.8562
[Epoch 9 Iter 650/1174] reconstruction loss: 0.0000175  rel_err: 0.8249
[Epoch 9 Iter 700/1174] reconstruction loss: 0.0000321  rel_err: 0.8324
[Epoch 9 Iter 750/1174] reconstruction loss: 0.0000167  rel_err: 0.8495
[Epoch 9 Iter 800/1174] reconstruction loss: 0.0000227  rel_err: 0.8355
[Epoch 9 Iter 850/1174] reconstruction loss: 0.0000215  rel_err: 0.7949
[Epoch 9 Iter 900/1174] reconstruction loss: 0.0000157  rel_err: 0.8309
[Epoch 9 Iter 950/1174] reconstruction loss: 0.0000366  rel_err: 0.8045
[Epoch 9 Iter 1000/1174] reconstruction loss: 0.0000163  rel_err: 0.8260
[Epoch 9 Iter 1050/1174] reconstruction loss: 0.0000165  rel_err: 0.7888
[Epoch 9 Iter 1100/1174] reconstruction loss: 0.0000161  rel_err: 0.8608
[Epoch 9 Iter 1150/1174] reconstruction loss: 0.0000130  rel_err: 0.8013
[Epoch 9] reconstruction loss: 0.0000218  rel_err: 0.8309
[Epoch 10 Iter 50/1174] reconstruction loss: 0.0000178  rel_err: 0.7947
[Epoch 10 Iter 100/1174] reconstruction loss: 0.0000147  rel_err: 0.8422
[Epoch 10 Iter 150/1174] reconstruction loss: 0.0000227  rel_err: 0.9146
[Epoch 10 Iter 200/1174] reconstruction loss: 0.0000297  rel_err: 0.8598
[Epoch 10 Iter 250/1174] reconstruction loss: 0.0000236  rel_err: 0.8249
[Epoch 10 Iter 300/1174] reconstruction loss: 0.0000235  rel_err: 0.7855
[Epoch 10 Iter 350/1174] reconstruction loss: 0.0000344  rel_err: 0.8398
[Epoch 10 Iter 400/1174] reconstruction loss: 0.0000195  rel_err: 0.8233
[Epoch 10 Iter 450/1174] reconstruction loss: 0.0000199  rel_err: 0.8233
[Epoch 10 Iter 500/1174] reconstruction loss: 0.0000230  rel_err: 0.8056
[Epoch 10 Iter 550/1174] reconstruction loss: 0.0000173  rel_err: 0.7801
[Epoch 10 Iter 600/1174] reconstruction loss: 0.0000159  rel_err: 0.8246
[Epoch 10 Iter 650/1174] reconstruction loss: 0.0000178  rel_err: 0.8613
[Epoch 10 Iter 700/1174] reconstruction loss: 0.0000224  rel_err: 0.8113
[Epoch 10 Iter 750/1174] reconstruction loss: 0.0000288  rel_err: 0.8170
[Epoch 10 Iter 800/1174] reconstruction loss: 0.0000201  rel_err: 0.8673
[Epoch 10 Iter 850/1174] reconstruction loss: 0.0000134  rel_err: 0.8478
[Epoch 10 Iter 900/1174] reconstruction loss: 0.0000204  rel_err: 0.8375
[Epoch 10 Iter 950/1174] reconstruction loss: 0.0000152  rel_err: 0.8620
[Epoch 10 Iter 1000/1174] reconstruction loss: 0.0000278  rel_err: 0.8417
[Epoch 10 Iter 1050/1174] reconstruction loss: 0.0000282  rel_err: 0.8505
[Epoch 10 Iter 1100/1174] reconstruction loss: 0.0000214  rel_err: 0.8381
[Epoch 10 Iter 1150/1174] reconstruction loss: 0.0000161  rel_err: 0.7873
[Epoch 10] reconstruction loss: 0.0000219  rel_err: 0.8319
[Epoch 11 Iter 50/1174] reconstruction loss: 0.0000160  rel_err: 0.8355
[Epoch 11 Iter 100/1174] reconstruction loss: 0.0000184  rel_err: 0.8487
[Epoch 11 Iter 150/1174] reconstruction loss: 0.0000181  rel_err: 0.8670
[Epoch 11 Iter 200/1174] reconstruction loss: 0.0000158  rel_err: 0.8261
[Epoch 11 Iter 250/1174] reconstruction loss: 0.0000262  rel_err: 0.8419
[Epoch 11 Iter 300/1174] reconstruction loss: 0.0000186  rel_err: 0.8435
[Epoch 11 Iter 350/1174] reconstruction loss: 0.0000222  rel_err: 0.8142
[Epoch 11 Iter 400/1174] reconstruction loss: 0.0000222  rel_err: 0.8170
[Epoch 11 Iter 450/1174] reconstruction loss: 0.0000148  rel_err: 0.8093
[Epoch 11 Iter 500/1174] reconstruction loss: 0.0000165  rel_err: 0.7644
[Epoch 11 Iter 550/1174] reconstruction loss: 0.0000264  rel_err: 0.8615
[Epoch 11 Iter 600/1174] reconstruction loss: 0.0000130  rel_err: 0.8196
[Epoch 11 Iter 650/1174] reconstruction loss: 0.0000169  rel_err: 0.8046
[Epoch 11 Iter 700/1174] reconstruction loss: 0.0000136  rel_err: 0.8177
[Epoch 11 Iter 750/1174] reconstruction loss: 0.0000209  rel_err: 0.8316
[Epoch 11 Iter 800/1174] reconstruction loss: 0.0000202  rel_err: 0.8529
[Epoch 11 Iter 850/1174] reconstruction loss: 0.0000175  rel_err: 0.8040
[Epoch 11 Iter 900/1174] reconstruction loss: 0.0000211  rel_err: 0.8387
[Epoch 11 Iter 950/1174] reconstruction loss: 0.0000231  rel_err: 0.8290
[Epoch 11 Iter 1000/1174] reconstruction loss: 0.0000236  rel_err: 0.8069
[Epoch 11 Iter 1050/1174] reconstruction loss: 0.0000215  rel_err: 0.7734
[Epoch 11 Iter 1100/1174] reconstruction loss: 0.0000796  rel_err: 0.7864
[Epoch 11 Iter 1150/1174] reconstruction loss: 0.0000173  rel_err: 0.7798
[Epoch 11] reconstruction loss: 0.0000219  rel_err: 0.8316
[Epoch 12 Iter 50/1174] reconstruction loss: 0.0000142  rel_err: 0.8312
[Epoch 12 Iter 100/1174] reconstruction loss: 0.0000150  rel_err: 0.8633
[Epoch 12 Iter 150/1174] reconstruction loss: 0.0000269  rel_err: 0.8371
[Epoch 12 Iter 200/1174] reconstruction loss: 0.0000222  rel_err: 0.8508
[Epoch 12 Iter 250/1174] reconstruction loss: 0.0000802  rel_err: 0.7966
[Epoch 12 Iter 300/1174] reconstruction loss: 0.0000417  rel_err: 0.8655
[Epoch 12 Iter 350/1174] reconstruction loss: 0.0000209  rel_err: 0.8228
[Epoch 12 Iter 400/1174] reconstruction loss: 0.0000231  rel_err: 0.8572
[Epoch 12 Iter 450/1174] reconstruction loss: 0.0000299  rel_err: 0.8530
[Epoch 12 Iter 500/1174] reconstruction loss: 0.0000249  rel_err: 0.8233
[Epoch 12 Iter 550/1174] reconstruction loss: 0.0000161  rel_err: 0.8186
[Epoch 12 Iter 600/1174] reconstruction loss: 0.0000169  rel_err: 0.8529
[Epoch 12 Iter 650/1174] reconstruction loss: 0.0000187  rel_err: 0.7995
[Epoch 12 Iter 700/1174] reconstruction loss: 0.0000272  rel_err: 0.8929
[Epoch 12 Iter 750/1174] reconstruction loss: 0.0000151  rel_err: 0.8317
[Epoch 12 Iter 800/1174] reconstruction loss: 0.0000182  rel_err: 0.7939
[Epoch 12 Iter 850/1174] reconstruction loss: 0.0000278  rel_err: 0.8413
[Epoch 12 Iter 900/1174] reconstruction loss: 0.0000174  rel_err: 0.8089
[Epoch 12 Iter 950/1174] reconstruction loss: 0.0000146  rel_err: 0.8486
[Epoch 12 Iter 1000/1174] reconstruction loss: 0.0000137  rel_err: 0.8129
[Epoch 12 Iter 1050/1174] reconstruction loss: 0.0000195  rel_err: 0.8127
[Epoch 12 Iter 1100/1174] reconstruction loss: 0.0000165  rel_err: 0.8479
[Epoch 12 Iter 1150/1174] reconstruction loss: 0.0000268  rel_err: 0.8340
[Epoch 12] reconstruction loss: 0.0000219  rel_err: 0.8321
[Epoch 13 Iter 50/1174] reconstruction loss: 0.0000331  rel_err: 0.8317
[Epoch 13 Iter 100/1174] reconstruction loss: 0.0000152  rel_err: 0.8331
[Epoch 13 Iter 150/1174] reconstruction loss: 0.0000225  rel_err: 0.8625
[Epoch 13 Iter 200/1174] reconstruction loss: 0.0000152  rel_err: 0.7943
[Epoch 13 Iter 250/1174] reconstruction loss: 0.0000263  rel_err: 0.7869
[Epoch 13 Iter 300/1174] reconstruction loss: 0.0000177  rel_err: 0.8644
[Epoch 13 Iter 350/1174] reconstruction loss: 0.0000183  rel_err: 0.8779
[Epoch 13 Iter 400/1174] reconstruction loss: 0.0000166  rel_err: 0.8367
[Epoch 13 Iter 450/1174] reconstruction loss: 0.0000135  rel_err: 0.7996
[Epoch 13 Iter 500/1174] reconstruction loss: 0.0000148  rel_err: 0.8013
[Epoch 13 Iter 550/1174] reconstruction loss: 0.0000160  rel_err: 0.8513
[Epoch 13 Iter 600/1174] reconstruction loss: 0.0000158  rel_err: 0.8500
[Epoch 13 Iter 650/1174] reconstruction loss: 0.0000213  rel_err: 0.8137
[Epoch 13 Iter 700/1174] reconstruction loss: 0.0000162  rel_err: 0.7604
[Epoch 13 Iter 750/1174] reconstruction loss: 0.0000227  rel_err: 0.8717
[Epoch 13 Iter 800/1174] reconstruction loss: 0.0000159  rel_err: 0.8366
[Epoch 13 Iter 850/1174] reconstruction loss: 0.0000349  rel_err: 0.8562
[Epoch 13 Iter 900/1174] reconstruction loss: 0.0000199  rel_err: 0.8709
[Epoch 13 Iter 950/1174] reconstruction loss: 0.0000143  rel_err: 0.7980
[Epoch 13 Iter 1000/1174] reconstruction loss: 0.0000403  rel_err: 0.7881
[Epoch 13 Iter 1050/1174] reconstruction loss: 0.0000208  rel_err: 0.8944
[Epoch 13 Iter 1100/1174] reconstruction loss: 0.0000203  rel_err: 0.8675
[Epoch 13 Iter 1150/1174] reconstruction loss: 0.0000152  rel_err: 0.8283
[Epoch 13] reconstruction loss: 0.0000218  rel_err: 0.8317
[Epoch 14 Iter 50/1174] reconstruction loss: 0.0000538  rel_err: 0.8484
[Epoch 14 Iter 100/1174] reconstruction loss: 0.0000234  rel_err: 0.8370
[Epoch 14 Iter 150/1174] reconstruction loss: 0.0000245  rel_err: 0.8076
[Epoch 14 Iter 200/1174] reconstruction loss: 0.0000166  rel_err: 0.8365
[Epoch 14 Iter 250/1174] reconstruction loss: 0.0000356  rel_err: 0.8721
[Epoch 14 Iter 300/1174] reconstruction loss: 0.0000401  rel_err: 0.8814
[Epoch 14 Iter 350/1174] reconstruction loss: 0.0000194  rel_err: 0.7840
[Epoch 14 Iter 400/1174] reconstruction loss: 0.0000177  rel_err: 0.8252
[Epoch 14 Iter 450/1174] reconstruction loss: 0.0000158  rel_err: 0.7963
[Epoch 14 Iter 500/1174] reconstruction loss: 0.0000209  rel_err: 0.8822
[Epoch 14 Iter 550/1174] reconstruction loss: 0.0000160  rel_err: 0.8081
[Epoch 14 Iter 600/1174] reconstruction loss: 0.0000330  rel_err: 0.7738
[Epoch 14 Iter 650/1174] reconstruction loss: 0.0000204  rel_err: 0.8350
[Epoch 14 Iter 700/1174] reconstruction loss: 0.0000190  rel_err: 0.8413
[Epoch 14 Iter 750/1174] reconstruction loss: 0.0000292  rel_err: 0.8186
[Epoch 14 Iter 800/1174] reconstruction loss: 0.0000153  rel_err: 0.8185
[Epoch 14 Iter 850/1174] reconstruction loss: 0.0000139  rel_err: 0.8414
[Epoch 14 Iter 900/1174] reconstruction loss: 0.0000166  rel_err: 0.9011
[Epoch 14 Iter 950/1174] reconstruction loss: 0.0000177  rel_err: 0.7841
[Epoch 14 Iter 1000/1174] reconstruction loss: 0.0000157  rel_err: 0.8405
[Epoch 14 Iter 1050/1174] reconstruction loss: 0.0000149  rel_err: 0.8391
[Epoch 14 Iter 1100/1174] reconstruction loss: 0.0000193  rel_err: 0.8152
[Epoch 14 Iter 1150/1174] reconstruction loss: 0.0000235  rel_err: 0.8493
[Epoch 14] reconstruction loss: 0.0000219  rel_err: 0.8322
early stopping (no >0.5% improvement for 10 epochs)
